{"G:\\4353\\4352-spring-project\\back\\src\\unit-tests\\tests.spec.ts":{"path":"G:\\4353\\4352-spring-project\\back\\src\\unit-tests\\tests.spec.ts","statementMap":{"0":{"start":{"line":2,"column":22},"end":{"line":4,"column":1}},"1":{"start":{"line":3,"column":4},"end":{"line":3,"column":62}},"2":{"start":{"line":5,"column":0},"end":{"line":5,"column":62}},"3":{"start":{"line":6,"column":15},"end":{"line":6,"column":47}},"4":{"start":{"line":7,"column":20},"end":{"line":7,"column":57}},"5":{"start":{"line":8,"column":14},"end":{"line":8,"column":48}},"6":{"start":{"line":9,"column":0},"end":{"line":9,"column":40}},"7":{"start":{"line":10,"column":15},"end":{"line":10,"column":36}},"8":{"start":{"line":12,"column":0},"end":{"line":97,"column":3}},"9":{"start":{"line":13,"column":4},"end":{"line":27,"column":7}},"10":{"start":{"line":14,"column":21},"end":{"line":17,"column":9}},"11":{"start":{"line":18,"column":8},"end":{"line":26,"column":11}},"12":{"start":{"line":23,"column":12},"end":{"line":23,"column":41}},"13":{"start":{"line":24,"column":12},"end":{"line":24,"column":63}},"14":{"start":{"line":25,"column":12},"end":{"line":25,"column":19}},"15":{"start":{"line":28,"column":4},"end":{"line":42,"column":7}},"16":{"start":{"line":29,"column":21},"end":{"line":32,"column":9}},"17":{"start":{"line":33,"column":8},"end":{"line":41,"column":11}},"18":{"start":{"line":38,"column":12},"end":{"line":38,"column":41}},"19":{"start":{"line":39,"column":12},"end":{"line":39,"column":71}},"20":{"start":{"line":40,"column":12},"end":{"line":40,"column":19}},"21":{"start":{"line":43,"column":4},"end":{"line":59,"column":7}},"22":{"start":{"line":44,"column":21},"end":{"line":47,"column":9}},"23":{"start":{"line":48,"column":8},"end":{"line":58,"column":11}},"24":{"start":{"line":53,"column":12},"end":{"line":53,"column":41}},"25":{"start":{"line":54,"column":12},"end":{"line":56,"column":15}},"26":{"start":{"line":57,"column":12},"end":{"line":57,"column":19}},"27":{"start":{"line":60,"column":4},"end":{"line":76,"column":7}},"28":{"start":{"line":61,"column":21},"end":{"line":64,"column":9}},"29":{"start":{"line":65,"column":8},"end":{"line":75,"column":11}},"30":{"start":{"line":70,"column":12},"end":{"line":70,"column":41}},"31":{"start":{"line":71,"column":12},"end":{"line":73,"column":15}},"32":{"start":{"line":74,"column":12},"end":{"line":74,"column":19}},"33":{"start":{"line":77,"column":4},"end":{"line":96,"column":7}},"34":{"start":{"line":78,"column":21},"end":{"line":81,"column":9}},"35":{"start":{"line":82,"column":8},"end":{"line":95,"column":11}},"36":{"start":{"line":87,"column":12},"end":{"line":87,"column":41}},"37":{"start":{"line":88,"column":12},"end":{"line":93,"column":15}},"38":{"start":{"line":94,"column":12},"end":{"line":94,"column":19}},"39":{"start":{"line":98,"column":0},"end":{"line":129,"column":3}},"40":{"start":{"line":99,"column":4},"end":{"line":113,"column":7}},"41":{"start":{"line":100,"column":21},"end":{"line":103,"column":9}},"42":{"start":{"line":104,"column":8},"end":{"line":112,"column":11}},"43":{"start":{"line":109,"column":12},"end":{"line":109,"column":41}},"44":{"start":{"line":110,"column":12},"end":{"line":110,"column":74}},"45":{"start":{"line":111,"column":12},"end":{"line":111,"column":19}},"46":{"start":{"line":114,"column":4},"end":{"line":128,"column":7}},"47":{"start":{"line":115,"column":21},"end":{"line":118,"column":9}},"48":{"start":{"line":119,"column":8},"end":{"line":127,"column":11}},"49":{"start":{"line":124,"column":12},"end":{"line":124,"column":41}},"50":{"start":{"line":125,"column":12},"end":{"line":125,"column":68}},"51":{"start":{"line":126,"column":12},"end":{"line":126,"column":19}},"52":{"start":{"line":130,"column":0},"end":{"line":181,"column":3}},"53":{"start":{"line":131,"column":4},"end":{"line":140,"column":7}},"54":{"start":{"line":132,"column":8},"end":{"line":139,"column":11}},"55":{"start":{"line":136,"column":12},"end":{"line":136,"column":41}},"56":{"start":{"line":137,"column":12},"end":{"line":137,"column":54}},"57":{"start":{"line":138,"column":12},"end":{"line":138,"column":19}},"58":{"start":{"line":141,"column":4},"end":{"line":150,"column":7}},"59":{"start":{"line":142,"column":8},"end":{"line":149,"column":11}},"60":{"start":{"line":146,"column":12},"end":{"line":146,"column":41}},"61":{"start":{"line":147,"column":12},"end":{"line":147,"column":54}},"62":{"start":{"line":148,"column":12},"end":{"line":148,"column":19}},"63":{"start":{"line":151,"column":4},"end":{"line":160,"column":7}},"64":{"start":{"line":152,"column":8},"end":{"line":159,"column":11}},"65":{"start":{"line":156,"column":12},"end":{"line":156,"column":41}},"66":{"start":{"line":157,"column":12},"end":{"line":157,"column":54}},"67":{"start":{"line":158,"column":12},"end":{"line":158,"column":19}},"68":{"start":{"line":161,"column":4},"end":{"line":180,"column":7}},"69":{"start":{"line":162,"column":21},"end":{"line":170,"column":9}},"70":{"start":{"line":171,"column":8},"end":{"line":179,"column":11}},"71":{"start":{"line":176,"column":12},"end":{"line":176,"column":41}},"72":{"start":{"line":177,"column":12},"end":{"line":177,"column":66}},"73":{"start":{"line":178,"column":12},"end":{"line":178,"column":19}},"74":{"start":{"line":182,"column":0},"end":{"line":253,"column":3}},"75":{"start":{"line":183,"column":4},"end":{"line":199,"column":7}},"76":{"start":{"line":184,"column":21},"end":{"line":184,"column":23}},"77":{"start":{"line":185,"column":8},"end":{"line":198,"column":11}},"78":{"start":{"line":190,"column":12},"end":{"line":190,"column":41}},"79":{"start":{"line":191,"column":12},"end":{"line":196,"column":15}},"80":{"start":{"line":197,"column":12},"end":{"line":197,"column":19}},"81":{"start":{"line":200,"column":4},"end":{"line":218,"column":7}},"82":{"start":{"line":201,"column":21},"end":{"line":203,"column":9}},"83":{"start":{"line":204,"column":8},"end":{"line":217,"column":11}},"84":{"start":{"line":209,"column":12},"end":{"line":209,"column":41}},"85":{"start":{"line":210,"column":12},"end":{"line":215,"column":15}},"86":{"start":{"line":216,"column":12},"end":{"line":216,"column":19}},"87":{"start":{"line":219,"column":4},"end":{"line":232,"column":7}},"88":{"start":{"line":220,"column":21},"end":{"line":222,"column":9}},"89":{"start":{"line":223,"column":8},"end":{"line":231,"column":11}},"90":{"start":{"line":228,"column":12},"end":{"line":228,"column":41}},"91":{"start":{"line":229,"column":12},"end":{"line":229,"column":83}},"92":{"start":{"line":230,"column":12},"end":{"line":230,"column":19}},"93":{"start":{"line":233,"column":4},"end":{"line":252,"column":7}},"94":{"start":{"line":234,"column":21},"end":{"line":236,"column":9}},"95":{"start":{"line":237,"column":8},"end":{"line":251,"column":11}},"96":{"start":{"line":242,"column":12},"end":{"line":242,"column":41}},"97":{"start":{"line":243,"column":12},"end":{"line":249,"column":15}},"98":{"start":{"line":250,"column":12},"end":{"line":250,"column":19}},"99":{"start":{"line":254,"column":0},"end":{"line":478,"column":3}},"100":{"start":{"line":255,"column":4},"end":{"line":271,"column":7}},"101":{"start":{"line":256,"column":21},"end":{"line":256,"column":23}},"102":{"start":{"line":257,"column":8},"end":{"line":270,"column":11}},"103":{"start":{"line":262,"column":12},"end":{"line":262,"column":41}},"104":{"start":{"line":263,"column":12},"end":{"line":268,"column":15}},"105":{"start":{"line":269,"column":12},"end":{"line":269,"column":19}},"106":{"start":{"line":272,"column":4},"end":{"line":291,"column":7}},"107":{"start":{"line":273,"column":21},"end":{"line":276,"column":9}},"108":{"start":{"line":277,"column":8},"end":{"line":290,"column":11}},"109":{"start":{"line":282,"column":12},"end":{"line":282,"column":41}},"110":{"start":{"line":283,"column":12},"end":{"line":288,"column":15}},"111":{"start":{"line":289,"column":12},"end":{"line":289,"column":19}},"112":{"start":{"line":292,"column":4},"end":{"line":311,"column":7}},"113":{"start":{"line":293,"column":21},"end":{"line":296,"column":9}},"114":{"start":{"line":297,"column":8},"end":{"line":310,"column":11}},"115":{"start":{"line":302,"column":12},"end":{"line":302,"column":41}},"116":{"start":{"line":303,"column":12},"end":{"line":308,"column":15}},"117":{"start":{"line":309,"column":12},"end":{"line":309,"column":19}},"118":{"start":{"line":312,"column":4},"end":{"line":331,"column":7}},"119":{"start":{"line":313,"column":21},"end":{"line":316,"column":9}},"120":{"start":{"line":317,"column":8},"end":{"line":330,"column":11}},"121":{"start":{"line":322,"column":12},"end":{"line":322,"column":41}},"122":{"start":{"line":323,"column":12},"end":{"line":328,"column":15}},"123":{"start":{"line":329,"column":12},"end":{"line":329,"column":19}},"124":{"start":{"line":332,"column":4},"end":{"line":350,"column":7}},"125":{"start":{"line":333,"column":21},"end":{"line":335,"column":9}},"126":{"start":{"line":336,"column":8},"end":{"line":349,"column":11}},"127":{"start":{"line":341,"column":12},"end":{"line":341,"column":41}},"128":{"start":{"line":342,"column":12},"end":{"line":347,"column":15}},"129":{"start":{"line":348,"column":12},"end":{"line":348,"column":19}},"130":{"start":{"line":351,"column":4},"end":{"line":369,"column":7}},"131":{"start":{"line":352,"column":21},"end":{"line":354,"column":9}},"132":{"start":{"line":355,"column":8},"end":{"line":368,"column":11}},"133":{"start":{"line":360,"column":12},"end":{"line":360,"column":41}},"134":{"start":{"line":361,"column":12},"end":{"line":366,"column":15}},"135":{"start":{"line":367,"column":12},"end":{"line":367,"column":19}},"136":{"start":{"line":370,"column":4},"end":{"line":388,"column":7}},"137":{"start":{"line":371,"column":21},"end":{"line":373,"column":9}},"138":{"start":{"line":374,"column":8},"end":{"line":387,"column":11}},"139":{"start":{"line":379,"column":12},"end":{"line":379,"column":41}},"140":{"start":{"line":380,"column":12},"end":{"line":385,"column":15}},"141":{"start":{"line":386,"column":12},"end":{"line":386,"column":19}},"142":{"start":{"line":389,"column":4},"end":{"line":404,"column":7}},"143":{"start":{"line":390,"column":21},"end":{"line":394,"column":9}},"144":{"start":{"line":395,"column":8},"end":{"line":403,"column":11}},"145":{"start":{"line":400,"column":12},"end":{"line":400,"column":41}},"146":{"start":{"line":401,"column":12},"end":{"line":401,"column":76}},"147":{"start":{"line":402,"column":12},"end":{"line":402,"column":19}},"148":{"start":{"line":405,"column":4},"end":{"line":425,"column":7}},"149":{"start":{"line":406,"column":21},"end":{"line":410,"column":9}},"150":{"start":{"line":411,"column":8},"end":{"line":424,"column":11}},"151":{"start":{"line":416,"column":12},"end":{"line":416,"column":41}},"152":{"start":{"line":417,"column":12},"end":{"line":422,"column":15}},"153":{"start":{"line":423,"column":12},"end":{"line":423,"column":19}},"154":{"start":{"line":426,"column":4},"end":{"line":446,"column":7}},"155":{"start":{"line":427,"column":21},"end":{"line":431,"column":9}},"156":{"start":{"line":432,"column":8},"end":{"line":445,"column":11}},"157":{"start":{"line":437,"column":12},"end":{"line":437,"column":41}},"158":{"start":{"line":438,"column":12},"end":{"line":443,"column":15}},"159":{"start":{"line":444,"column":12},"end":{"line":444,"column":19}},"160":{"start":{"line":447,"column":4},"end":{"line":462,"column":7}},"161":{"start":{"line":448,"column":21},"end":{"line":452,"column":9}},"162":{"start":{"line":453,"column":8},"end":{"line":461,"column":11}},"163":{"start":{"line":458,"column":12},"end":{"line":458,"column":41}},"164":{"start":{"line":459,"column":12},"end":{"line":459,"column":51}},"165":{"start":{"line":460,"column":12},"end":{"line":460,"column":19}},"166":{"start":{"line":463,"column":4},"end":{"line":477,"column":7}},"167":{"start":{"line":464,"column":21},"end":{"line":467,"column":9}},"168":{"start":{"line":468,"column":8},"end":{"line":476,"column":11}},"169":{"start":{"line":473,"column":12},"end":{"line":473,"column":41}},"170":{"start":{"line":474,"column":12},"end":{"line":474,"column":81}},"171":{"start":{"line":475,"column":12},"end":{"line":475,"column":19}},"172":{"start":{"line":479,"column":0},"end":{"line":648,"column":3}},"173":{"start":{"line":480,"column":4},"end":{"line":496,"column":7}},"174":{"start":{"line":481,"column":21},"end":{"line":481,"column":23}},"175":{"start":{"line":482,"column":8},"end":{"line":495,"column":11}},"176":{"start":{"line":487,"column":12},"end":{"line":487,"column":41}},"177":{"start":{"line":488,"column":12},"end":{"line":493,"column":15}},"178":{"start":{"line":494,"column":12},"end":{"line":494,"column":19}},"179":{"start":{"line":497,"column":4},"end":{"line":515,"column":7}},"180":{"start":{"line":498,"column":21},"end":{"line":500,"column":9}},"181":{"start":{"line":501,"column":8},"end":{"line":514,"column":11}},"182":{"start":{"line":506,"column":12},"end":{"line":506,"column":41}},"183":{"start":{"line":507,"column":12},"end":{"line":512,"column":15}},"184":{"start":{"line":513,"column":12},"end":{"line":513,"column":19}},"185":{"start":{"line":516,"column":4},"end":{"line":534,"column":7}},"186":{"start":{"line":517,"column":21},"end":{"line":519,"column":9}},"187":{"start":{"line":520,"column":8},"end":{"line":533,"column":11}},"188":{"start":{"line":525,"column":12},"end":{"line":525,"column":41}},"189":{"start":{"line":526,"column":12},"end":{"line":531,"column":15}},"190":{"start":{"line":532,"column":12},"end":{"line":532,"column":19}},"191":{"start":{"line":535,"column":4},"end":{"line":553,"column":7}},"192":{"start":{"line":536,"column":21},"end":{"line":538,"column":9}},"193":{"start":{"line":539,"column":8},"end":{"line":552,"column":11}},"194":{"start":{"line":544,"column":12},"end":{"line":544,"column":41}},"195":{"start":{"line":545,"column":12},"end":{"line":550,"column":15}},"196":{"start":{"line":551,"column":12},"end":{"line":551,"column":19}},"197":{"start":{"line":554,"column":4},"end":{"line":572,"column":7}},"198":{"start":{"line":555,"column":21},"end":{"line":557,"column":9}},"199":{"start":{"line":558,"column":8},"end":{"line":571,"column":11}},"200":{"start":{"line":563,"column":12},"end":{"line":563,"column":41}},"201":{"start":{"line":564,"column":12},"end":{"line":569,"column":15}},"202":{"start":{"line":570,"column":12},"end":{"line":570,"column":19}},"203":{"start":{"line":573,"column":4},"end":{"line":591,"column":7}},"204":{"start":{"line":574,"column":21},"end":{"line":576,"column":9}},"205":{"start":{"line":577,"column":8},"end":{"line":590,"column":11}},"206":{"start":{"line":582,"column":12},"end":{"line":582,"column":41}},"207":{"start":{"line":583,"column":12},"end":{"line":588,"column":15}},"208":{"start":{"line":589,"column":12},"end":{"line":589,"column":19}},"209":{"start":{"line":592,"column":4},"end":{"line":609,"column":7}},"210":{"start":{"line":593,"column":21},"end":{"line":599,"column":9}},"211":{"start":{"line":600,"column":8},"end":{"line":608,"column":11}},"212":{"start":{"line":605,"column":12},"end":{"line":605,"column":41}},"213":{"start":{"line":606,"column":12},"end":{"line":606,"column":83}},"214":{"start":{"line":607,"column":12},"end":{"line":607,"column":19}},"215":{"start":{"line":610,"column":4},"end":{"line":627,"column":7}},"216":{"start":{"line":611,"column":21},"end":{"line":617,"column":9}},"217":{"start":{"line":618,"column":8},"end":{"line":626,"column":11}},"218":{"start":{"line":623,"column":12},"end":{"line":623,"column":41}},"219":{"start":{"line":624,"column":12},"end":{"line":624,"column":70}},"220":{"start":{"line":625,"column":12},"end":{"line":625,"column":19}},"221":{"start":{"line":628,"column":4},"end":{"line":647,"column":7}},"222":{"start":{"line":629,"column":21},"end":{"line":635,"column":9}},"223":{"start":{"line":636,"column":8},"end":{"line":646,"column":11}},"224":{"start":{"line":641,"column":12},"end":{"line":641,"column":41}},"225":{"start":{"line":642,"column":12},"end":{"line":644,"column":15}},"226":{"start":{"line":645,"column":12},"end":{"line":645,"column":19}},"227":{"start":{"line":649,"column":0},"end":{"line":698,"column":3}},"228":{"start":{"line":650,"column":4},"end":{"line":666,"column":7}},"229":{"start":{"line":651,"column":21},"end":{"line":651,"column":23}},"230":{"start":{"line":652,"column":8},"end":{"line":665,"column":11}},"231":{"start":{"line":657,"column":12},"end":{"line":657,"column":41}},"232":{"start":{"line":658,"column":12},"end":{"line":663,"column":15}},"233":{"start":{"line":664,"column":12},"end":{"line":664,"column":19}},"234":{"start":{"line":667,"column":4},"end":{"line":680,"column":7}},"235":{"start":{"line":668,"column":21},"end":{"line":670,"column":9}},"236":{"start":{"line":671,"column":8},"end":{"line":679,"column":11}},"237":{"start":{"line":676,"column":12},"end":{"line":676,"column":41}},"238":{"start":{"line":677,"column":12},"end":{"line":677,"column":83}},"239":{"start":{"line":678,"column":12},"end":{"line":678,"column":19}},"240":{"start":{"line":681,"column":4},"end":{"line":697,"column":7}},"241":{"start":{"line":682,"column":21},"end":{"line":684,"column":9}},"242":{"start":{"line":685,"column":8},"end":{"line":696,"column":11}},"243":{"start":{"line":690,"column":12},"end":{"line":690,"column":41}},"244":{"start":{"line":691,"column":12},"end":{"line":693,"column":15}},"245":{"start":{"line":694,"column":12},"end":{"line":694,"column":32}},"246":{"start":{"line":695,"column":12},"end":{"line":695,"column":19}}},"fnMap":{"0":{"name":"(anonymous_0)","decl":{"start":{"line":2,"column":56},"end":{"line":2,"column":57}},"loc":{"start":{"line":2,"column":71},"end":{"line":4,"column":1}},"line":2},"1":{"name":"(anonymous_1)","decl":{"start":{"line":12,"column":23},"end":{"line":12,"column":24}},"loc":{"start":{"line":12,"column":29},"end":{"line":97,"column":1}},"line":12},"2":{"name":"(anonymous_2)","decl":{"start":{"line":13,"column":45},"end":{"line":13,"column":46}},"loc":{"start":{"line":13,"column":55},"end":{"line":27,"column":5}},"line":13},"3":{"name":"(anonymous_3)","decl":{"start":{"line":22,"column":17},"end":{"line":22,"column":18}},"loc":{"start":{"line":22,"column":31},"end":{"line":26,"column":9}},"line":22},"4":{"name":"(anonymous_4)","decl":{"start":{"line":28,"column":49},"end":{"line":28,"column":50}},"loc":{"start":{"line":28,"column":59},"end":{"line":42,"column":5}},"line":28},"5":{"name":"(anonymous_5)","decl":{"start":{"line":37,"column":17},"end":{"line":37,"column":18}},"loc":{"start":{"line":37,"column":31},"end":{"line":41,"column":9}},"line":37},"6":{"name":"(anonymous_6)","decl":{"start":{"line":43,"column":46},"end":{"line":43,"column":47}},"loc":{"start":{"line":43,"column":56},"end":{"line":59,"column":5}},"line":43},"7":{"name":"(anonymous_7)","decl":{"start":{"line":52,"column":17},"end":{"line":52,"column":18}},"loc":{"start":{"line":52,"column":31},"end":{"line":58,"column":9}},"line":52},"8":{"name":"(anonymous_8)","decl":{"start":{"line":60,"column":49},"end":{"line":60,"column":50}},"loc":{"start":{"line":60,"column":59},"end":{"line":76,"column":5}},"line":60},"9":{"name":"(anonymous_9)","decl":{"start":{"line":69,"column":17},"end":{"line":69,"column":18}},"loc":{"start":{"line":69,"column":31},"end":{"line":75,"column":9}},"line":69},"10":{"name":"(anonymous_10)","decl":{"start":{"line":77,"column":56},"end":{"line":77,"column":57}},"loc":{"start":{"line":77,"column":66},"end":{"line":96,"column":5}},"line":77},"11":{"name":"(anonymous_11)","decl":{"start":{"line":86,"column":17},"end":{"line":86,"column":18}},"loc":{"start":{"line":86,"column":31},"end":{"line":95,"column":9}},"line":86},"12":{"name":"(anonymous_12)","decl":{"start":{"line":98,"column":30},"end":{"line":98,"column":31}},"loc":{"start":{"line":98,"column":36},"end":{"line":129,"column":1}},"line":98},"13":{"name":"(anonymous_13)","decl":{"start":{"line":99,"column":53},"end":{"line":99,"column":54}},"loc":{"start":{"line":99,"column":63},"end":{"line":113,"column":5}},"line":99},"14":{"name":"(anonymous_14)","decl":{"start":{"line":108,"column":17},"end":{"line":108,"column":18}},"loc":{"start":{"line":108,"column":31},"end":{"line":112,"column":9}},"line":108},"15":{"name":"(anonymous_15)","decl":{"start":{"line":114,"column":55},"end":{"line":114,"column":56}},"loc":{"start":{"line":114,"column":65},"end":{"line":128,"column":5}},"line":114},"16":{"name":"(anonymous_16)","decl":{"start":{"line":123,"column":17},"end":{"line":123,"column":18}},"loc":{"start":{"line":123,"column":31},"end":{"line":127,"column":9}},"line":123},"17":{"name":"(anonymous_17)","decl":{"start":{"line":130,"column":32},"end":{"line":130,"column":33}},"loc":{"start":{"line":130,"column":38},"end":{"line":181,"column":1}},"line":130},"18":{"name":"(anonymous_18)","decl":{"start":{"line":131,"column":55},"end":{"line":131,"column":56}},"loc":{"start":{"line":131,"column":65},"end":{"line":140,"column":5}},"line":131},"19":{"name":"(anonymous_19)","decl":{"start":{"line":135,"column":17},"end":{"line":135,"column":18}},"loc":{"start":{"line":135,"column":31},"end":{"line":139,"column":9}},"line":135},"20":{"name":"(anonymous_20)","decl":{"start":{"line":141,"column":58},"end":{"line":141,"column":59}},"loc":{"start":{"line":141,"column":68},"end":{"line":150,"column":5}},"line":141},"21":{"name":"(anonymous_21)","decl":{"start":{"line":145,"column":17},"end":{"line":145,"column":18}},"loc":{"start":{"line":145,"column":31},"end":{"line":149,"column":9}},"line":145},"22":{"name":"(anonymous_22)","decl":{"start":{"line":151,"column":58},"end":{"line":151,"column":59}},"loc":{"start":{"line":151,"column":68},"end":{"line":160,"column":5}},"line":151},"23":{"name":"(anonymous_23)","decl":{"start":{"line":155,"column":17},"end":{"line":155,"column":18}},"loc":{"start":{"line":155,"column":31},"end":{"line":159,"column":9}},"line":155},"24":{"name":"(anonymous_24)","decl":{"start":{"line":161,"column":63},"end":{"line":161,"column":64}},"loc":{"start":{"line":161,"column":73},"end":{"line":180,"column":5}},"line":161},"25":{"name":"(anonymous_25)","decl":{"start":{"line":175,"column":17},"end":{"line":175,"column":18}},"loc":{"start":{"line":175,"column":31},"end":{"line":179,"column":9}},"line":175},"26":{"name":"(anonymous_26)","decl":{"start":{"line":182,"column":26},"end":{"line":182,"column":27}},"loc":{"start":{"line":182,"column":32},"end":{"line":253,"column":1}},"line":182},"27":{"name":"(anonymous_27)","decl":{"start":{"line":183,"column":47},"end":{"line":183,"column":48}},"loc":{"start":{"line":183,"column":57},"end":{"line":199,"column":5}},"line":183},"28":{"name":"(anonymous_28)","decl":{"start":{"line":189,"column":17},"end":{"line":189,"column":18}},"loc":{"start":{"line":189,"column":31},"end":{"line":198,"column":9}},"line":189},"29":{"name":"(anonymous_29)","decl":{"start":{"line":200,"column":39},"end":{"line":200,"column":40}},"loc":{"start":{"line":200,"column":49},"end":{"line":218,"column":5}},"line":200},"30":{"name":"(anonymous_30)","decl":{"start":{"line":208,"column":17},"end":{"line":208,"column":18}},"loc":{"start":{"line":208,"column":31},"end":{"line":217,"column":9}},"line":208},"31":{"name":"(anonymous_31)","decl":{"start":{"line":219,"column":50},"end":{"line":219,"column":51}},"loc":{"start":{"line":219,"column":60},"end":{"line":232,"column":5}},"line":219},"32":{"name":"(anonymous_32)","decl":{"start":{"line":227,"column":17},"end":{"line":227,"column":18}},"loc":{"start":{"line":227,"column":31},"end":{"line":231,"column":9}},"line":227},"33":{"name":"(anonymous_33)","decl":{"start":{"line":233,"column":54},"end":{"line":233,"column":55}},"loc":{"start":{"line":233,"column":64},"end":{"line":252,"column":5}},"line":233},"34":{"name":"(anonymous_34)","decl":{"start":{"line":241,"column":17},"end":{"line":241,"column":18}},"loc":{"start":{"line":241,"column":31},"end":{"line":251,"column":9}},"line":241},"35":{"name":"(anonymous_35)","decl":{"start":{"line":254,"column":30},"end":{"line":254,"column":31}},"loc":{"start":{"line":254,"column":36},"end":{"line":478,"column":1}},"line":254},"36":{"name":"(anonymous_36)","decl":{"start":{"line":255,"column":38},"end":{"line":255,"column":39}},"loc":{"start":{"line":255,"column":48},"end":{"line":271,"column":5}},"line":255},"37":{"name":"(anonymous_37)","decl":{"start":{"line":261,"column":17},"end":{"line":261,"column":18}},"loc":{"start":{"line":261,"column":31},"end":{"line":270,"column":9}},"line":261},"38":{"name":"(anonymous_38)","decl":{"start":{"line":272,"column":57},"end":{"line":272,"column":58}},"loc":{"start":{"line":272,"column":67},"end":{"line":291,"column":5}},"line":272},"39":{"name":"(anonymous_39)","decl":{"start":{"line":281,"column":17},"end":{"line":281,"column":18}},"loc":{"start":{"line":281,"column":31},"end":{"line":290,"column":9}},"line":281},"40":{"name":"(anonymous_40)","decl":{"start":{"line":292,"column":59},"end":{"line":292,"column":60}},"loc":{"start":{"line":292,"column":69},"end":{"line":311,"column":5}},"line":292},"41":{"name":"(anonymous_41)","decl":{"start":{"line":301,"column":17},"end":{"line":301,"column":18}},"loc":{"start":{"line":301,"column":31},"end":{"line":310,"column":9}},"line":301},"42":{"name":"(anonymous_42)","decl":{"start":{"line":312,"column":58},"end":{"line":312,"column":59}},"loc":{"start":{"line":312,"column":68},"end":{"line":331,"column":5}},"line":312},"43":{"name":"(anonymous_43)","decl":{"start":{"line":321,"column":17},"end":{"line":321,"column":18}},"loc":{"start":{"line":321,"column":31},"end":{"line":330,"column":9}},"line":321},"44":{"name":"(anonymous_44)","decl":{"start":{"line":332,"column":71},"end":{"line":332,"column":72}},"loc":{"start":{"line":332,"column":81},"end":{"line":350,"column":5}},"line":332},"45":{"name":"(anonymous_45)","decl":{"start":{"line":340,"column":17},"end":{"line":340,"column":18}},"loc":{"start":{"line":340,"column":31},"end":{"line":349,"column":9}},"line":340},"46":{"name":"(anonymous_46)","decl":{"start":{"line":351,"column":72},"end":{"line":351,"column":73}},"loc":{"start":{"line":351,"column":82},"end":{"line":369,"column":5}},"line":351},"47":{"name":"(anonymous_47)","decl":{"start":{"line":359,"column":17},"end":{"line":359,"column":18}},"loc":{"start":{"line":359,"column":31},"end":{"line":368,"column":9}},"line":359},"48":{"name":"(anonymous_48)","decl":{"start":{"line":370,"column":73},"end":{"line":370,"column":74}},"loc":{"start":{"line":370,"column":83},"end":{"line":388,"column":5}},"line":370},"49":{"name":"(anonymous_49)","decl":{"start":{"line":378,"column":17},"end":{"line":378,"column":18}},"loc":{"start":{"line":378,"column":31},"end":{"line":387,"column":9}},"line":378},"50":{"name":"(anonymous_50)","decl":{"start":{"line":389,"column":54},"end":{"line":389,"column":55}},"loc":{"start":{"line":389,"column":64},"end":{"line":404,"column":5}},"line":389},"51":{"name":"(anonymous_51)","decl":{"start":{"line":399,"column":17},"end":{"line":399,"column":18}},"loc":{"start":{"line":399,"column":31},"end":{"line":403,"column":9}},"line":399},"52":{"name":"(anonymous_52)","decl":{"start":{"line":405,"column":59},"end":{"line":405,"column":60}},"loc":{"start":{"line":405,"column":69},"end":{"line":425,"column":5}},"line":405},"53":{"name":"(anonymous_53)","decl":{"start":{"line":415,"column":17},"end":{"line":415,"column":18}},"loc":{"start":{"line":415,"column":31},"end":{"line":424,"column":9}},"line":415},"54":{"name":"(anonymous_54)","decl":{"start":{"line":426,"column":58},"end":{"line":426,"column":59}},"loc":{"start":{"line":426,"column":68},"end":{"line":446,"column":5}},"line":426},"55":{"name":"(anonymous_55)","decl":{"start":{"line":436,"column":17},"end":{"line":436,"column":18}},"loc":{"start":{"line":436,"column":31},"end":{"line":445,"column":9}},"line":436},"56":{"name":"(anonymous_56)","decl":{"start":{"line":447,"column":40},"end":{"line":447,"column":41}},"loc":{"start":{"line":447,"column":50},"end":{"line":462,"column":5}},"line":447},"57":{"name":"(anonymous_57)","decl":{"start":{"line":457,"column":17},"end":{"line":457,"column":18}},"loc":{"start":{"line":457,"column":31},"end":{"line":461,"column":9}},"line":457},"58":{"name":"(anonymous_58)","decl":{"start":{"line":463,"column":38},"end":{"line":463,"column":39}},"loc":{"start":{"line":463,"column":48},"end":{"line":477,"column":5}},"line":463},"59":{"name":"(anonymous_59)","decl":{"start":{"line":472,"column":17},"end":{"line":472,"column":18}},"loc":{"start":{"line":472,"column":31},"end":{"line":476,"column":9}},"line":472},"60":{"name":"(anonymous_60)","decl":{"start":{"line":479,"column":28},"end":{"line":479,"column":29}},"loc":{"start":{"line":479,"column":34},"end":{"line":648,"column":1}},"line":479},"61":{"name":"(anonymous_61)","decl":{"start":{"line":480,"column":38},"end":{"line":480,"column":39}},"loc":{"start":{"line":480,"column":48},"end":{"line":496,"column":5}},"line":480},"62":{"name":"(anonymous_62)","decl":{"start":{"line":486,"column":17},"end":{"line":486,"column":18}},"loc":{"start":{"line":486,"column":31},"end":{"line":495,"column":9}},"line":486},"63":{"name":"(anonymous_63)","decl":{"start":{"line":497,"column":92},"end":{"line":497,"column":93}},"loc":{"start":{"line":497,"column":102},"end":{"line":515,"column":5}},"line":497},"64":{"name":"(anonymous_64)","decl":{"start":{"line":505,"column":17},"end":{"line":505,"column":18}},"loc":{"start":{"line":505,"column":31},"end":{"line":514,"column":9}},"line":505},"65":{"name":"(anonymous_65)","decl":{"start":{"line":516,"column":88},"end":{"line":516,"column":89}},"loc":{"start":{"line":516,"column":98},"end":{"line":534,"column":5}},"line":516},"66":{"name":"(anonymous_66)","decl":{"start":{"line":524,"column":17},"end":{"line":524,"column":18}},"loc":{"start":{"line":524,"column":31},"end":{"line":533,"column":9}},"line":524},"67":{"name":"(anonymous_67)","decl":{"start":{"line":535,"column":87},"end":{"line":535,"column":88}},"loc":{"start":{"line":535,"column":97},"end":{"line":553,"column":5}},"line":535},"68":{"name":"(anonymous_68)","decl":{"start":{"line":543,"column":17},"end":{"line":543,"column":18}},"loc":{"start":{"line":543,"column":31},"end":{"line":552,"column":9}},"line":543},"69":{"name":"(anonymous_69)","decl":{"start":{"line":554,"column":89},"end":{"line":554,"column":90}},"loc":{"start":{"line":554,"column":99},"end":{"line":572,"column":5}},"line":554},"70":{"name":"(anonymous_70)","decl":{"start":{"line":562,"column":17},"end":{"line":562,"column":18}},"loc":{"start":{"line":562,"column":31},"end":{"line":571,"column":9}},"line":562},"71":{"name":"(anonymous_71)","decl":{"start":{"line":573,"column":96},"end":{"line":573,"column":97}},"loc":{"start":{"line":573,"column":106},"end":{"line":591,"column":5}},"line":573},"72":{"name":"(anonymous_72)","decl":{"start":{"line":581,"column":17},"end":{"line":581,"column":18}},"loc":{"start":{"line":581,"column":31},"end":{"line":590,"column":9}},"line":581},"73":{"name":"(anonymous_73)","decl":{"start":{"line":592,"column":43},"end":{"line":592,"column":44}},"loc":{"start":{"line":592,"column":53},"end":{"line":609,"column":5}},"line":592},"74":{"name":"(anonymous_74)","decl":{"start":{"line":604,"column":17},"end":{"line":604,"column":18}},"loc":{"start":{"line":604,"column":31},"end":{"line":608,"column":9}},"line":604},"75":{"name":"(anonymous_75)","decl":{"start":{"line":610,"column":40},"end":{"line":610,"column":41}},"loc":{"start":{"line":610,"column":50},"end":{"line":627,"column":5}},"line":610},"76":{"name":"(anonymous_76)","decl":{"start":{"line":622,"column":17},"end":{"line":622,"column":18}},"loc":{"start":{"line":622,"column":31},"end":{"line":626,"column":9}},"line":622},"77":{"name":"(anonymous_77)","decl":{"start":{"line":628,"column":44},"end":{"line":628,"column":45}},"loc":{"start":{"line":628,"column":54},"end":{"line":647,"column":5}},"line":628},"78":{"name":"(anonymous_78)","decl":{"start":{"line":640,"column":17},"end":{"line":640,"column":18}},"loc":{"start":{"line":640,"column":31},"end":{"line":646,"column":9}},"line":640},"79":{"name":"(anonymous_79)","decl":{"start":{"line":649,"column":28},"end":{"line":649,"column":29}},"loc":{"start":{"line":649,"column":34},"end":{"line":698,"column":1}},"line":649},"80":{"name":"(anonymous_80)","decl":{"start":{"line":650,"column":47},"end":{"line":650,"column":48}},"loc":{"start":{"line":650,"column":57},"end":{"line":666,"column":5}},"line":650},"81":{"name":"(anonymous_81)","decl":{"start":{"line":656,"column":17},"end":{"line":656,"column":18}},"loc":{"start":{"line":656,"column":31},"end":{"line":665,"column":9}},"line":656},"82":{"name":"(anonymous_82)","decl":{"start":{"line":667,"column":43},"end":{"line":667,"column":44}},"loc":{"start":{"line":667,"column":53},"end":{"line":680,"column":5}},"line":667},"83":{"name":"(anonymous_83)","decl":{"start":{"line":675,"column":17},"end":{"line":675,"column":18}},"loc":{"start":{"line":675,"column":31},"end":{"line":679,"column":9}},"line":675},"84":{"name":"(anonymous_84)","decl":{"start":{"line":681,"column":32},"end":{"line":681,"column":33}},"loc":{"start":{"line":681,"column":42},"end":{"line":697,"column":5}},"line":681},"85":{"name":"(anonymous_85)","decl":{"start":{"line":689,"column":17},"end":{"line":689,"column":18}},"loc":{"start":{"line":689,"column":31},"end":{"line":696,"column":9}},"line":689}},"branchMap":{"0":{"loc":{"start":{"line":2,"column":22},"end":{"line":4,"column":1}},"type":"binary-expr","locations":[{"start":{"line":2,"column":23},"end":{"line":2,"column":27}},{"start":{"line":2,"column":31},"end":{"line":2,"column":51}},{"start":{"line":2,"column":56},"end":{"line":4,"column":1}}],"line":2},"1":{"loc":{"start":{"line":3,"column":11},"end":{"line":3,"column":61}},"type":"cond-expr","locations":[{"start":{"line":3,"column":37},"end":{"line":3,"column":40}},{"start":{"line":3,"column":43},"end":{"line":3,"column":61}}],"line":3},"2":{"loc":{"start":{"line":3,"column":12},"end":{"line":3,"column":33}},"type":"binary-expr","locations":[{"start":{"line":3,"column":12},"end":{"line":3,"column":15}},{"start":{"line":3,"column":19},"end":{"line":3,"column":33}}],"line":3}},"s":{"0":1,"1":3,"2":1,"3":1,"4":1,"5":1,"6":1,"7":1,"8":1,"9":1,"10":1,"11":1,"12":1,"13":1,"14":1,"15":1,"16":1,"17":1,"18":1,"19":1,"20":1,"21":1,"22":1,"23":1,"24":1,"25":1,"26":1,"27":1,"28":1,"29":1,"30":1,"31":1,"32":1,"33":1,"34":1,"35":1,"36":1,"37":1,"38":1,"39":1,"40":1,"41":1,"42":1,"43":1,"44":1,"45":1,"46":1,"47":1,"48":1,"49":1,"50":1,"51":1,"52":1,"53":1,"54":1,"55":1,"56":1,"57":1,"58":1,"59":1,"60":1,"61":1,"62":1,"63":1,"64":1,"65":1,"66":1,"67":1,"68":1,"69":1,"70":1,"71":1,"72":1,"73":1,"74":1,"75":1,"76":1,"77":1,"78":1,"79":1,"80":1,"81":1,"82":1,"83":1,"84":1,"85":1,"86":1,"87":1,"88":1,"89":1,"90":1,"91":1,"92":1,"93":1,"94":1,"95":1,"96":1,"97":1,"98":1,"99":1,"100":1,"101":1,"102":1,"103":1,"104":1,"105":1,"106":1,"107":1,"108":1,"109":1,"110":1,"111":1,"112":1,"113":1,"114":1,"115":1,"116":1,"117":1,"118":1,"119":1,"120":1,"121":1,"122":1,"123":1,"124":1,"125":1,"126":1,"127":1,"128":1,"129":1,"130":1,"131":1,"132":1,"133":1,"134":1,"135":1,"136":1,"137":1,"138":1,"139":1,"140":1,"141":1,"142":1,"143":1,"144":1,"145":1,"146":1,"147":1,"148":1,"149":1,"150":1,"151":1,"152":1,"153":1,"154":1,"155":1,"156":1,"157":1,"158":1,"159":1,"160":1,"161":1,"162":1,"163":1,"164":1,"165":1,"166":1,"167":1,"168":1,"169":1,"170":1,"171":1,"172":1,"173":1,"174":1,"175":1,"176":1,"177":1,"178":1,"179":1,"180":1,"181":1,"182":1,"183":1,"184":1,"185":1,"186":1,"187":1,"188":1,"189":1,"190":1,"191":1,"192":1,"193":1,"194":1,"195":1,"196":1,"197":1,"198":1,"199":1,"200":1,"201":1,"202":1,"203":1,"204":1,"205":1,"206":1,"207":1,"208":1,"209":1,"210":1,"211":1,"212":1,"213":1,"214":1,"215":1,"216":1,"217":1,"218":1,"219":1,"220":1,"221":1,"222":1,"223":1,"224":1,"225":1,"226":1,"227":1,"228":1,"229":1,"230":1,"231":1,"232":1,"233":1,"234":1,"235":1,"236":1,"237":1,"238":1,"239":1,"240":1,"241":1,"242":1,"243":1,"244":1,"245":1,"246":1},"f":{"0":3,"1":1,"2":1,"3":1,"4":1,"5":1,"6":1,"7":1,"8":1,"9":1,"10":1,"11":1,"12":1,"13":1,"14":1,"15":1,"16":1,"17":1,"18":1,"19":1,"20":1,"21":1,"22":1,"23":1,"24":1,"25":1,"26":1,"27":1,"28":1,"29":1,"30":1,"31":1,"32":1,"33":1,"34":1,"35":1,"36":1,"37":1,"38":1,"39":1,"40":1,"41":1,"42":1,"43":1,"44":1,"45":1,"46":1,"47":1,"48":1,"49":1,"50":1,"51":1,"52":1,"53":1,"54":1,"55":1,"56":1,"57":1,"58":1,"59":1,"60":1,"61":1,"62":1,"63":1,"64":1,"65":1,"66":1,"67":1,"68":1,"69":1,"70":1,"71":1,"72":1,"73":1,"74":1,"75":1,"76":1,"77":1,"78":1,"79":1,"80":1,"81":1,"82":1,"83":1,"84":1,"85":1},"b":{"0":[1,1,1],"1":[1,2],"2":[3,3]},"inputSourceMap":{"version":3,"file":"G:/4353/4352-spring-project/back/src/unit-tests/tests.spec.ts","sources":["G:/4353/4352-spring-project/back/src/unit-tests/tests.spec.ts"],"names":[],"mappings":";;;;;AAAA,gDAAwB;AACxB,0DAAiC;AACjC,iDAA4B;AAG5B,cAAI,CAAC,GAAG,CAAC,mBAAQ,CAAC,CAAC;AACnB,MAAM,MAAM,GAAG,cAAI,CAAC,MAAM,CAAC;AAE3B,+BAA+B;AAE/B,QAAQ,CAAC,YAAY,EAAE,GAAG,EAAE;IAC1B,EAAE,CAAC,oCAAoC,EAAE,CAAC,IAAI,EAAE,EAAE;QAChD,MAAM,IAAI,GAAG;YACX,QAAQ,EAAE,OAAO;YACjB,QAAQ,EAAE,OAAO;SAClB,CAAC;QACF,cAAI;aACD,OAAO,CAAC,aAAM,CAAC;aACf,IAAI,CAAC,QAAQ,CAAC;aACd,IAAI,CAAC,IAAI,CAAC;aACV,GAAG,CAAC,CAAC,GAAG,EAAE,GAAG,EAAE,EAAE;YAChB,MAAM,CAAC,GAAG,CAAC,CAAC,IAAI,CAAC,MAAM,CAAC,GAAG,CAAC,CAAC;YAC7B,MAAM,CAAC,GAAG,CAAC,IAAI,CAAC,CAAC,EAAE,CAAC,GAAG,CAAC,EAAE,OAAO,EAAE,YAAY,EAAE,CAAC,CAAC;YACnD,IAAI,EAAE,CAAC;QACT,CAAC,CAAC,CAAC;IACP,CAAC,CAAC,CAAC;IAEH,EAAE,CAAC,wCAAwC,EAAE,CAAC,IAAI,EAAE,EAAE;QACpD,MAAM,IAAI,GAAG;YACX,QAAQ,EAAE,iBAAiB;YAC3B,QAAQ,EAAE,YAAY;SACvB,CAAC;QACF,cAAI;aACD,OAAO,CAAC,aAAM,CAAC;aACf,IAAI,CAAC,QAAQ,CAAC;aACd,IAAI,CAAC,IAAI,CAAC;aACV,GAAG,CAAC,CAAC,GAAG,EAAE,GAAG,EAAE,EAAE;YAChB,MAAM,CAAC,GAAG,CAAC,CAAC,IAAI,CAAC,MAAM,CAAC,GAAG,CAAC,CAAC;YAC7B,MAAM,CAAC,GAAG,CAAC,IAAI,CAAC,CAAC,EAAE,CAAC,GAAG,CAAC,EAAE,OAAO,EAAE,oBAAoB,EAAE,CAAC,CAAC;YAC3D,IAAI,EAAE,CAAC;QACT,CAAC,CAAC,CAAC;IACP,CAAC,CAAC,CAAC;IAEH,EAAE,CAAC,qCAAqC,EAAE,CAAC,IAAI,EAAE,EAAE;QACjD,MAAM,IAAI,GAAG;YACX,QAAQ,EAAE,OAAO;YACjB,QAAQ,EAAE,QAAQ;SACnB,CAAC;QACF,cAAI;aACD,OAAO,CAAC,aAAM,CAAC;aACf,IAAI,CAAC,QAAQ,CAAC;aACd,IAAI,CAAC,IAAI,CAAC;aACV,GAAG,CAAC,CAAC,GAAG,EAAE,GAAG,EAAE,EAAE;YAChB,MAAM,CAAC,GAAG,CAAC,CAAC,IAAI,CAAC,MAAM,CAAC,GAAG,CAAC,CAAC;YAC7B,MAAM,CAAC,GAAG,CAAC,IAAI,CAAC,CAAC,EAAE,CAAC,GAAG,CAAC;gBACtB,KAAK,EACH,kFAAkF;aACrF,CAAC,CAAC;YACH,IAAI,EAAE,CAAC;QACT,CAAC,CAAC,CAAC;IACP,CAAC,CAAC,CAAC;IAEH,EAAE,CAAC,wCAAwC,EAAE,CAAC,IAAI,EAAE,EAAE;QACpD,MAAM,IAAI,GAAG;YACX,QAAQ,EAAE,WAAW;YACrB,QAAQ,EAAE,OAAO;SAClB,CAAC;QACF,cAAI;aACD,OAAO,CAAC,aAAM,CAAC;aACf,IAAI,CAAC,QAAQ,CAAC;aACd,IAAI,CAAC,IAAI,CAAC;aACV,GAAG,CAAC,CAAC,GAAG,EAAE,GAAG,EAAE,EAAE;YAChB,MAAM,CAAC,GAAG,CAAC,CAAC,IAAI,CAAC,MAAM,CAAC,GAAG,CAAC,CAAC;YAC7B,MAAM,CAAC,GAAG,CAAC,IAAI,CAAC,CAAC,EAAE,CAAC,GAAG,CAAC;gBACtB,KAAK,EACH,kFAAkF;aACrF,CAAC,CAAC;YACH,IAAI,EAAE,CAAC;QACT,CAAC,CAAC,CAAC;IACP,CAAC,CAAC,CAAC;IAEH,EAAE,CAAC,+CAA+C,EAAE,CAAC,IAAI,EAAE,EAAE;QAC3D,MAAM,IAAI,GAAG;YACX,QAAQ,EAAE,EAAE;YACZ,QAAQ,EAAE,EAAE;SACb,CAAC;QACF,cAAI;aACD,OAAO,CAAC,aAAM,CAAC;aACf,IAAI,CAAC,QAAQ,CAAC;aACd,IAAI,CAAC,IAAI,CAAC;aACV,GAAG,CAAC,CAAC,GAAG,EAAE,GAAG,EAAE,EAAE;YAChB,MAAM,CAAC,GAAG,CAAC,CAAC,IAAI,CAAC,MAAM,CAAC,GAAG,CAAC,CAAC;YAC7B,MAAM,CAAC,GAAG,CAAC,IAAI,CAAC,CAAC,EAAE,CAAC,GAAG,CAAC;gBACtB,KAAK,EAAE;oBACL,OAAO,EAAE,2BAA2B;oBACpC,MAAM,EAAE,GAAG;iBACZ;aACF,CAAC,CAAC;YACH,IAAI,EAAE,CAAC;QACT,CAAC,CAAC,CAAC;IACP,CAAC,CAAC,CAAC;AACL,CAAC,CAAC,CAAC;AAEH,QAAQ,CAAC,mBAAmB,EAAE,GAAG,EAAE;IACjC,EAAE,CAAC,4CAA4C,EAAE,CAAC,IAAI,EAAE,EAAE;QACxD,MAAM,IAAI,GAAG;YACX,QAAQ,EAAE,WAAW;YACrB,QAAQ,EAAE,OAAO;SAClB,CAAC;QACF,cAAI;aACD,OAAO,CAAC,aAAM,CAAC;aACf,IAAI,CAAC,WAAW,CAAC;aACjB,IAAI,CAAC,IAAI,CAAC;aACV,GAAG,CAAC,CAAC,GAAG,EAAE,GAAG,EAAE,EAAE;YAChB,MAAM,CAAC,GAAG,CAAC,CAAC,IAAI,CAAC,MAAM,CAAC,GAAG,CAAC,CAAC;YAC7B,MAAM,CAAC,GAAG,CAAC,IAAI,CAAC,CAAC,EAAE,CAAC,GAAG,CAAC,EAAE,KAAK,EAAE,yBAAyB,EAAE,CAAC,CAAC;YAC9D,IAAI,EAAE,CAAC;QACT,CAAC,CAAC,CAAC;IACP,CAAC,CAAC,CAAC;IACH,EAAE,CAAC,8CAA8C,EAAE,CAAC,IAAI,EAAE,EAAE;QAC1D,MAAM,IAAI,GAAG;YACX,QAAQ,EAAE,IAAI,CAAC,MAAM,EAAE,CAAC,QAAQ,CAAC,EAAE,CAAC,CAAC,SAAS,CAAC,CAAC,CAAC;YACjD,QAAQ,EAAE,SAAS;SACpB,CAAC;QACF,cAAI;aACD,OAAO,CAAC,aAAM,CAAC;aACf,IAAI,CAAC,WAAW,CAAC;aACjB,IAAI,CAAC,IAAI,CAAC;aACV,GAAG,CAAC,CAAC,GAAG,EAAE,GAAG,EAAE,EAAE;YAChB,MAAM,CAAC,GAAG,CAAC,CAAC,IAAI,CAAC,MAAM,CAAC,GAAG,CAAC,CAAC;YAC7B,MAAM,CAAC,GAAG,CAAC,IAAI,CAAC,CAAC,EAAE,CAAC,GAAG,CAAC,EAAE,OAAO,EAAE,iBAAiB,EAAE,CAAC,CAAC;YACxD,IAAI,EAAE,CAAC;QACT,CAAC,CAAC,CAAC;IACP,CAAC,CAAC,CAAC;AACL,CAAC,CAAC,CAAC;AAEH,QAAQ,CAAC,qBAAqB,EAAE,GAAG,EAAE;IACnC,EAAE,CAAC,8CAA8C,EAAE,CAAC,IAAI,EAAE,EAAE;QAC1D,cAAI;aACD,OAAO,CAAC,aAAM,CAAC;aACf,GAAG,CAAC,kBAAkB,OAAO,EAAE,CAAC;aAChC,GAAG,CAAC,CAAC,GAAG,EAAE,GAAG,EAAE,EAAE;YAChB,MAAM,CAAC,GAAG,CAAC,CAAC,IAAI,CAAC,MAAM,CAAC,GAAG,CAAC,CAAC;YAC7B,MAAM,CAAC,GAAG,CAAC,IAAI,CAAC,CAAC,EAAE,CAAC,IAAI,CAAC,QAAQ,CAAC,MAAM,CAAC,CAAC;YAC1C,IAAI,EAAE,CAAC;QACT,CAAC,CAAC,CAAC;IACP,CAAC,CAAC,CAAC;IACH,EAAE,CAAC,iDAAiD,EAAE,CAAC,IAAI,EAAE,EAAE;QAC7D,cAAI;aACD,OAAO,CAAC,aAAM,CAAC;aACf,GAAG,CAAC,kBAAkB,UAAU,EAAE,CAAC;aACnC,GAAG,CAAC,CAAC,GAAG,EAAE,GAAG,EAAE,EAAE;YAChB,MAAM,CAAC,GAAG,CAAC,CAAC,IAAI,CAAC,MAAM,CAAC,GAAG,CAAC,CAAC;YAC7B,MAAM,CAAC,GAAG,CAAC,IAAI,CAAC,CAAC,EAAE,CAAC,IAAI,CAAC,QAAQ,CAAC,MAAM,CAAC,CAAC;YAC1C,IAAI,EAAE,CAAC;QACT,CAAC,CAAC,CAAC;IACP,CAAC,CAAC,CAAC;IACH,EAAE,CAAC,iDAAiD,EAAE,CAAC,IAAI,EAAE,EAAE;QAC7D,cAAI;aACD,OAAO,CAAC,aAAM,CAAC;aACf,GAAG,CAAC,kBAAkB,SAAS,EAAE,CAAC;aAClC,GAAG,CAAC,CAAC,GAAG,EAAE,GAAG,EAAE,EAAE;YAChB,MAAM,CAAC,GAAG,CAAC,CAAC,IAAI,CAAC,MAAM,CAAC,GAAG,CAAC,CAAC;YAC7B,MAAM,CAAC,GAAG,CAAC,IAAI,CAAC,CAAC,EAAE,CAAC,IAAI,CAAC,QAAQ,CAAC,MAAM,CAAC,CAAC;YAC1C,IAAI,EAAE,CAAC;QACT,CAAC,CAAC,CAAC;IACP,CAAC,CAAC,CAAC;IACH,EAAE,CAAC,sDAAsD,EAAE,CAAC,IAAI,EAAE,EAAE;QAClE,MAAM,IAAI,GAAG;YACX,QAAQ,EAAE,WAAW;YACrB,QAAQ,EAAE,aAAa;YACvB,IAAI,EAAE,oBAAoB;YAC1B,IAAI,EAAE,SAAS;YACf,IAAI,EAAE,SAAS;YACf,KAAK,EAAE,IAAI;YACX,OAAO,EAAE,KAAK;SACf,CAAC;QACF,cAAI;aACD,OAAO,CAAC,aAAM,CAAC;aACf,IAAI,CAAC,gBAAgB,CAAC;aACtB,IAAI,CAAC,IAAI,CAAC;aACV,GAAG,CAAC,CAAC,GAAG,EAAE,GAAG,EAAE,EAAE;YAChB,MAAM,CAAC,GAAG,CAAC,CAAC,IAAI,CAAC,MAAM,CAAC,GAAG,CAAC,CAAC;YAC7B,MAAM,CAAC,GAAG,CAAC,IAAI,CAAC,CAAC,EAAE,CAAC,GAAG,CAAC,EAAE,OAAO,EAAE,eAAe,EAAE,CAAC,CAAC;YACtD,IAAI,EAAE,CAAC;QACT,CAAC,CAAC,CAAC;IACP,CAAC,CAAC,CAAC;AAEL,CAAC,CAAC,CAAC;AAEH,QAAQ,CAAC,eAAe,EAAE,GAAG,EAAE;IAC7B,EAAE,CAAC,sCAAsC,EAAE,CAAC,IAAI,EAAE,EAAE;QAClD,MAAM,IAAI,GAAG,EAAE,CAAC;QAChB,cAAI;aACD,OAAO,CAAC,aAAM,CAAC;aACf,IAAI,CAAC,YAAY,CAAC;aAClB,IAAI,CAAC,IAAI,CAAC;aACV,GAAG,CAAC,CAAC,GAAG,EAAE,GAAG,EAAE,EAAE;YAChB,MAAM,CAAC,GAAG,CAAC,CAAC,IAAI,CAAC,MAAM,CAAC,GAAG,CAAC,CAAC;YAC7B,MAAM,CAAC,GAAG,CAAC,IAAI,CAAC,CAAC,EAAE,CAAC,GAAG,CAAC;gBACtB,KAAK,EAAE;oBACL,OAAO,EAAE,yBAAyB;oBAClC,MAAM,EAAE,GAAG;iBACZ;aACF,CAAC,CAAC;YACH,IAAI,EAAE,CAAC;QACT,CAAC,CAAC,CAAC;IACP,CAAC,CAAC,CAAC;IAEH,EAAE,CAAC,8BAA8B,EAAE,CAAC,IAAI,EAAE,EAAE;QAC1C,MAAM,IAAI,GAAG;YACX,QAAQ,EAAE,EAAE;SACb,CAAC;QACF,cAAI;aACD,OAAO,CAAC,aAAM,CAAC;aACf,IAAI,CAAC,YAAY,CAAC;aAClB,IAAI,CAAC,IAAI,CAAC;aACV,GAAG,CAAC,CAAC,GAAG,EAAE,GAAG,EAAE,EAAE;YAChB,MAAM,CAAC,GAAG,CAAC,CAAC,IAAI,CAAC,MAAM,CAAC,GAAG,CAAC,CAAC;YAC7B,MAAM,CAAC,GAAG,CAAC,IAAI,CAAC,CAAC,EAAE,CAAC,GAAG,CAAC;gBACtB,KAAK,EAAE;oBACL,OAAO,EAAE,yBAAyB;oBAClC,MAAM,EAAE,GAAG;iBACZ;aACF,CAAC,CAAC;YACH,IAAI,EAAE,CAAC;QACT,CAAC,CAAC,CAAC;IACP,CAAC,CAAC,CAAC;IAEH,EAAE,CAAC,yCAAyC,EAAE,CAAC,IAAI,EAAE,EAAE;QACrD,MAAM,IAAI,GAAG;YACX,QAAQ,EAAE,iBAAiB;SAC5B,CAAC;QACF,cAAI;aACD,OAAO,CAAC,aAAM,CAAC;aACf,IAAI,CAAC,YAAY,CAAC;aAClB,IAAI,CAAC,IAAI,CAAC;aACV,GAAG,CAAC,CAAC,GAAG,EAAE,GAAG,EAAE,EAAE;YAChB,MAAM,CAAC,GAAG,CAAC,CAAC,IAAI,CAAC,MAAM,CAAC,GAAG,CAAC,CAAC;YAC7B,MAAM,CAAC,GAAG,CAAC,IAAI,CAAC,CAAC,EAAE,CAAC,GAAG,CAAC,EAAE,KAAK,EAAE,kCAAkC,EAAE,CAAC,CAAC;YACvE,IAAI,EAAE,CAAC;QACT,CAAC,CAAC,CAAC;IACP,CAAC,CAAC,CAAC;IAEH,EAAE,CAAC,6CAA6C,EAAE,CAAC,IAAI,EAAE,EAAE;QACzD,MAAM,IAAI,GAAG;YACX,QAAQ,EAAE,YAAY;SACvB,CAAC;QACF,cAAI;aACD,OAAO,CAAC,aAAM,CAAC;aACf,IAAI,CAAC,YAAY,CAAC;aAClB,IAAI,CAAC,IAAI,CAAC;aACV,GAAG,CAAC,CAAC,GAAG,EAAE,GAAG,EAAE,EAAE;YAChB,MAAM,CAAC,GAAG,CAAC,CAAC,IAAI,CAAC,MAAM,CAAC,GAAG,CAAC,CAAC;YAC7B,MAAM,CAAC,GAAG,CAAC,IAAI,CAAC,CAAC,EAAE,CAAC,GAAG,CAAC;gBACtB,KAAK,EAAE,oBAAoB;gBAC3B,KAAK,EAAE,sBAAsB;gBAC7B,IAAI,EAAE,YAAY;gBAClB,KAAK,EAAE,aAAa;gBACpB,OAAO,EAAE,CAAC;aACX,CAAC,CAAC;YACH,IAAI,EAAE,CAAC;QACT,CAAC,CAAC,CAAC;IACP,CAAC,CAAC,CAAC;AACL,CAAC,CAAC,CAAC;AAEH,QAAQ,CAAC,mBAAmB,EAAE,GAAG,EAAE;IACjC,EAAE,CAAC,6BAA6B,EAAE,CAAC,IAAI,EAAE,EAAE;QACzC,MAAM,IAAI,GAAG,EAAE,CAAC;QAChB,cAAI;aACD,OAAO,CAAC,aAAM,CAAC;aACf,IAAI,CAAC,UAAU,CAAC;aAChB,IAAI,CAAC,IAAI,CAAC;aACV,GAAG,CAAC,CAAC,GAAG,EAAE,GAAG,EAAE,EAAE;YAChB,MAAM,CAAC,GAAG,CAAC,CAAC,IAAI,CAAC,MAAM,CAAC,GAAG,CAAC,CAAC;YAC7B,MAAM,CAAC,GAAG,CAAC,IAAI,CAAC,CAAC,EAAE,CAAC,GAAG,CAAC;gBACtB,KAAK,EAAE;oBACL,OAAO,EAAE,uBAAuB;oBAChC,MAAM,EAAE,GAAG;iBACZ;aACF,CAAC,CAAC;YACH,IAAI,EAAE,CAAC;QACT,CAAC,CAAC,CAAC;IACP,CAAC,CAAC,CAAC;IAEH,EAAE,CAAC,gDAAgD,EAAE,CAAC,IAAI,EAAE,EAAE;QAC5D,MAAM,IAAI,GAAG;YACX,YAAY,EAAE,WAAW;YACzB,aAAa,EAAE,EAAE;SAClB,CAAC;QACF,cAAI;aACD,OAAO,CAAC,aAAM,CAAC;aACf,IAAI,CAAC,UAAU,CAAC;aAChB,IAAI,CAAC,IAAI,CAAC;aACV,GAAG,CAAC,CAAC,GAAG,EAAE,GAAG,EAAE,EAAE;YAChB,MAAM,CAAC,GAAG,CAAC,CAAC,IAAI,CAAC,MAAM,CAAC,GAAG,CAAC,CAAC;YAC7B,MAAM,CAAC,GAAG,CAAC,IAAI,CAAC,CAAC,EAAE,CAAC,GAAG,CAAC;gBACtB,KAAK,EAAE;oBACL,OAAO,EAAE,uBAAuB;oBAChC,MAAM,EAAE,GAAG;iBACZ;aACF,CAAC,CAAC;YACH,IAAI,EAAE,CAAC;QACT,CAAC,CAAC,CAAC;IACP,CAAC,CAAC,CAAC;IAEH,EAAE,CAAC,kDAAkD,EAAE,CAAC,IAAI,EAAE,EAAE;QAC9D,MAAM,IAAI,GAAG;YACX,YAAY,EAAE,WAAW;YACzB,WAAW,EAAE,KAAK;SACnB,CAAC;QACF,cAAI;aACD,OAAO,CAAC,aAAM,CAAC;aACf,IAAI,CAAC,UAAU,CAAC;aAChB,IAAI,CAAC,IAAI,CAAC;aACV,GAAG,CAAC,CAAC,GAAG,EAAE,GAAG,EAAE,EAAE;YAChB,MAAM,CAAC,GAAG,CAAC,CAAC,IAAI,CAAC,MAAM,CAAC,GAAG,CAAC,CAAC;YAC7B,MAAM,CAAC,GAAG,CAAC,IAAI,CAAC,CAAC,EAAE,CAAC,GAAG,CAAC;gBACtB,KAAK,EAAE;oBACL,OAAO,EAAE,uBAAuB;oBAChC,MAAM,EAAE,GAAG;iBACZ;aACF,CAAC,CAAC;YACH,IAAI,EAAE,CAAC;QACT,CAAC,CAAC,CAAC;IACP,CAAC,CAAC,CAAC;IAEH,EAAE,CAAC,iDAAiD,EAAE,CAAC,IAAI,EAAE,EAAE;QAC7D,MAAM,IAAI,GAAG;YACX,aAAa,EAAE,EAAE;YACjB,WAAW,EAAE,CAAC;SACf,CAAC;QACF,cAAI;aACD,OAAO,CAAC,aAAM,CAAC;aACf,IAAI,CAAC,UAAU,CAAC;aAChB,IAAI,CAAC,IAAI,CAAC;aACV,GAAG,CAAC,CAAC,GAAG,EAAE,GAAG,EAAE,EAAE;YAChB,MAAM,CAAC,GAAG,CAAC,CAAC,IAAI,CAAC,MAAM,CAAC,GAAG,CAAC,CAAC;YAC7B,MAAM,CAAC,GAAG,CAAC,IAAI,CAAC,CAAC,EAAE,CAAC,GAAG,CAAC;gBACtB,KAAK,EAAE;oBACL,OAAO,EAAE,uBAAuB;oBAChC,MAAM,EAAE,GAAG;iBACZ;aACF,CAAC,CAAC;YACH,IAAI,EAAE,CAAC;QACT,CAAC,CAAC,CAAC;IACP,CAAC,CAAC,CAAC;IAEH,EAAE,CAAC,8DAA8D,EAAE,CAAC,IAAI,EAAE,EAAE;QAC1E,MAAM,IAAI,GAAG;YACX,aAAa,EAAE,EAAE;SAClB,CAAC;QACF,cAAI;aACD,OAAO,CAAC,aAAM,CAAC;aACf,IAAI,CAAC,UAAU,CAAC;aAChB,IAAI,CAAC,IAAI,CAAC;aACV,GAAG,CAAC,CAAC,GAAG,EAAE,GAAG,EAAE,EAAE;YAChB,MAAM,CAAC,GAAG,CAAC,CAAC,IAAI,CAAC,MAAM,CAAC,GAAG,CAAC,CAAC;YAC7B,MAAM,CAAC,GAAG,CAAC,IAAI,CAAC,CAAC,EAAE,CAAC,GAAG,CAAC;gBACtB,KAAK,EAAE;oBACL,OAAO,EAAE,uBAAuB;oBAChC,MAAM,EAAE,GAAG;iBACZ;aACF,CAAC,CAAC;YACH,IAAI,EAAE,CAAC;QACT,CAAC,CAAC,CAAC;IACP,CAAC,CAAC,CAAC;IAEH,EAAE,CAAC,+DAA+D,EAAE,CAAC,IAAI,EAAE,EAAE;QAC3E,MAAM,IAAI,GAAG;YACX,YAAY,EAAE,WAAW;SAC1B,CAAC;QACF,cAAI;aACD,OAAO,CAAC,aAAM,CAAC;aACf,IAAI,CAAC,UAAU,CAAC;aAChB,IAAI,CAAC,IAAI,CAAC;aACV,GAAG,CAAC,CAAC,GAAG,EAAE,GAAG,EAAE,EAAE;YAChB,MAAM,CAAC,GAAG,CAAC,CAAC,IAAI,CAAC,MAAM,CAAC,GAAG,CAAC,CAAC;YAC7B,MAAM,CAAC,GAAG,CAAC,IAAI,CAAC,CAAC,EAAE,CAAC,GAAG,CAAC;gBACtB,KAAK,EAAE;oBACL,OAAO,EAAE,uBAAuB;oBAChC,MAAM,EAAE,GAAG;iBACZ;aACF,CAAC,CAAC;YACH,IAAI,EAAE,CAAC;QACT,CAAC,CAAC,CAAC;IACP,CAAC,CAAC,CAAC;IAEH,EAAE,CAAC,gEAAgE,EAAE,CAAC,IAAI,EAAE,EAAE;QAC5E,MAAM,IAAI,GAAG;YACX,WAAW,EAAE,CAAC;SACf,CAAC;QACF,cAAI;aACD,OAAO,CAAC,aAAM,CAAC;aACf,IAAI,CAAC,UAAU,CAAC;aAChB,IAAI,CAAC,IAAI,CAAC;aACV,GAAG,CAAC,CAAC,GAAG,EAAE,GAAG,EAAE,EAAE;YAChB,MAAM,CAAC,GAAG,CAAC,CAAC,IAAI,CAAC,MAAM,CAAC,GAAG,CAAC,CAAC;YAC7B,MAAM,CAAC,GAAG,CAAC,IAAI,CAAC,CAAC,EAAE,CAAC,GAAG,CAAC;gBACtB,KAAK,EAAE;oBACL,OAAO,EAAE,uBAAuB;oBAChC,MAAM,EAAE,GAAG;iBACZ;aACF,CAAC,CAAC;YACH,IAAI,EAAE,CAAC;QACT,CAAC,CAAC,CAAC;IACP,CAAC,CAAC,CAAC;IAEH,EAAE,CAAC,6CAA6C,EAAE,CAAC,IAAI,EAAE,EAAE;QACzD,MAAM,IAAI,GAAG;YACX,YAAY,EAAE,YAAY;YAC1B,aAAa,EAAE,EAAE;YACjB,WAAW,EAAE,EAAE;SAChB,CAAC;QACF,cAAI;aACD,OAAO,CAAC,aAAM,CAAC;aACf,IAAI,CAAC,UAAU,CAAC;aAChB,IAAI,CAAC,IAAI,CAAC;aACV,GAAG,CAAC,CAAC,GAAG,EAAE,GAAG,EAAE,EAAE;YAChB,MAAM,CAAC,GAAG,CAAC,CAAC,IAAI,CAAC,MAAM,CAAC,GAAG,CAAC,CAAC;YAC7B,MAAM,CAAC,GAAG,CAAC,IAAI,CAAC,CAAC,EAAE,CAAC,GAAG,CAAC,EAAE,KAAK,EAAE,2BAA2B,EAAE,CAAC,CAAC;YAChE,IAAI,EAAE,CAAC;QACT,CAAC,CAAC,CAAC;IACP,CAAC,CAAC,CAAC;IAEH,EAAE,CAAC,kDAAkD,EAAE,CAAC,IAAI,EAAE,EAAE;QAC9D,MAAM,IAAI,GAAG;YACX,YAAY,EAAE,YAAY;YAC1B,aAAa,EAAE,GAAG;YAClB,WAAW,EAAE,EAAE;SAChB,CAAC;QACF,cAAI;aACD,OAAO,CAAC,aAAM,CAAC;aACf,IAAI,CAAC,UAAU,CAAC;aAChB,IAAI,CAAC,IAAI,CAAC;aACV,GAAG,CAAC,CAAC,GAAG,EAAE,GAAG,EAAE,EAAE;YAChB,MAAM,CAAC,GAAG,CAAC,CAAC,IAAI,CAAC,MAAM,CAAC,GAAG,CAAC,CAAC;YAC7B,MAAM,CAAC,GAAG,CAAC,IAAI,CAAC,CAAC,EAAE,CAAC,GAAG,CAAC;gBACtB,KAAK,EAAE;oBACL,OAAO,EAAE,uBAAuB;oBAChC,MAAM,EAAE,GAAG;iBACZ;aACF,CAAC,CAAC;YACH,IAAI,EAAE,CAAC;QACT,CAAC,CAAC,CAAC;IACP,CAAC,CAAC,CAAC;IAEH,EAAE,CAAC,iDAAiD,EAAE,CAAC,IAAI,EAAE,EAAE;QAC7D,MAAM,IAAI,GAAG;YACX,YAAY,EAAE,YAAY;YAC1B,aAAa,EAAE,EAAE;YACjB,WAAW,EAAE,GAAG;SACjB,CAAC;QACF,cAAI;aACD,OAAO,CAAC,aAAM,CAAC;aACf,IAAI,CAAC,UAAU,CAAC;aAChB,IAAI,CAAC,IAAI,CAAC;aACV,GAAG,CAAC,CAAC,GAAG,EAAE,GAAG,EAAE,EAAE;YAChB,MAAM,CAAC,GAAG,CAAC,CAAC,IAAI,CAAC,MAAM,CAAC,GAAG,CAAC,CAAC;YAC7B,MAAM,CAAC,GAAG,CAAC,IAAI,CAAC,CAAC,EAAE,CAAC,GAAG,CAAC;gBACtB,KAAK,EAAE;oBACL,OAAO,EAAE,uBAAuB;oBAChC,MAAM,EAAE,GAAG;iBACZ;aACF,CAAC,CAAC;YACH,IAAI,EAAE,CAAC;QACT,CAAC,CAAC,CAAC;IACP,CAAC,CAAC,CAAC;IAEH,EAAE,CAAC,+BAA+B,EAAE,CAAC,IAAI,EAAE,EAAE;QAC3C,MAAM,IAAI,GAAG;YACX,YAAY,EAAE,YAAY;YAC1B,aAAa,EAAE,EAAE;YACjB,WAAW,EAAE,EAAE;SAChB,CAAC;QACF,cAAI;aACD,OAAO,CAAC,aAAM,CAAC;aACf,IAAI,CAAC,UAAU,CAAC;aAChB,IAAI,CAAC,IAAI,CAAC;aACV,GAAG,CAAC,CAAC,GAAG,EAAE,GAAG,EAAE,EAAE;YAChB,MAAM,CAAC,GAAG,CAAC,CAAC,IAAI,CAAC,MAAM,CAAC,GAAG,CAAC,CAAC;YAC7B,MAAM,CAAC,GAAG,CAAC,IAAI,CAAC,CAAC,EAAE,CAAC,GAAG,CAAC,EAAE,IAAI,EAAE,GAAG,EAAE,CAAC,CAAC;YACvC,IAAI,EAAE,CAAC;QACT,CAAC,CAAC,CAAC;IACP,CAAC,CAAC,CAAC;IAEH,EAAE,CAAC,6BAA6B,EAAE,CAAC,IAAI,EAAE,EAAE;QACzC,MAAM,IAAI,GAAG;YACX,QAAQ,EAAE,YAAY;YACtB,aAAa,EAAE,EAAE;SAClB,CAAC;QACF,cAAI;aACD,OAAO,CAAC,aAAM,CAAC;aACf,IAAI,CAAC,SAAS,CAAC;aACf,IAAI,CAAC,IAAI,CAAC;aACV,GAAG,CAAC,CAAC,GAAG,EAAE,GAAG,EAAE,EAAE;YAChB,MAAM,CAAC,GAAG,CAAC,CAAC,IAAI,CAAC,MAAM,CAAC,GAAG,CAAC,CAAC;YAC7B,MAAM,CAAC,GAAG,CAAC,IAAI,CAAC,CAAC,EAAE,CAAC,GAAG,CAAC,EAAC,GAAG,EAAE,KAAK,EAAE,MAAM,EAAE,mBAAmB,EAAC,CAAC,CAAC;YACnE,IAAI,EAAE,CAAC;QACT,CAAC,CAAC,CAAC;IACP,CAAC,CAAC,CAAC;AACL,CAAC,CAAC,CAAC;AAEH,QAAQ,CAAC,iBAAiB,EAAE,GAAG,EAAE;IAC/B,EAAE,CAAC,6BAA6B,EAAE,CAAC,IAAI,EAAE,EAAE;QACzC,MAAM,IAAI,GAAG,EAAE,CAAC;QAChB,cAAI;aACD,OAAO,CAAC,aAAM,CAAC;aACf,IAAI,CAAC,SAAS,CAAC;aACf,IAAI,CAAC,IAAI,CAAC;aACV,GAAG,CAAC,CAAC,GAAG,EAAE,GAAG,EAAE,EAAE;YAChB,MAAM,CAAC,GAAG,CAAC,CAAC,IAAI,CAAC,MAAM,CAAC,GAAG,CAAC,CAAC;YAC7B,MAAM,CAAC,GAAG,CAAC,IAAI,CAAC,CAAC,EAAE,CAAC,GAAG,CAAC;gBACtB,KAAK,EAAE;oBACL,OAAO,EAAE,uBAAuB;oBAChC,MAAM,EAAE,GAAG;iBACZ;aACF,CAAC,CAAC;YACH,IAAI,EAAE,CAAC;QACT,CAAC,CAAC,CAAC;IACP,CAAC,CAAC,CAAC;IAEH,EAAE,CAAC,mFAAmF,EAAE,CAAC,IAAI,EAAE,EAAE;QAC/F,MAAM,IAAI,GAAG;YACX,QAAQ,EAAE,KAAK;SAChB,CAAC;QACF,cAAI;aACD,OAAO,CAAC,aAAM,CAAC;aACf,IAAI,CAAC,SAAS,CAAC;aACf,IAAI,CAAC,IAAI,CAAC;aACV,GAAG,CAAC,CAAC,GAAG,EAAE,GAAG,EAAE,EAAE;YAChB,MAAM,CAAC,GAAG,CAAC,CAAC,IAAI,CAAC,MAAM,CAAC,GAAG,CAAC,CAAC;YAC7B,MAAM,CAAC,GAAG,CAAC,IAAI,CAAC,CAAC,EAAE,CAAC,GAAG,CAAC;gBACtB,KAAK,EAAE;oBACL,OAAO,EAAE,uBAAuB;oBAChC,MAAM,EAAE,GAAG;iBACZ;aACF,CAAC,CAAC;YACH,IAAI,EAAE,CAAC;QACT,CAAC,CAAC,CAAC;IACP,CAAC,CAAC,CAAC;IACH,EAAE,CAAC,+EAA+E,EAAE,CAAC,IAAI,EAAE,EAAE;QAC3F,MAAM,IAAI,GAAG;YACX,YAAY,EAAE,KAAK;SACpB,CAAC;QACF,cAAI;aACD,OAAO,CAAC,aAAM,CAAC;aACf,IAAI,CAAC,SAAS,CAAC;aACf,IAAI,CAAC,IAAI,CAAC;aACV,GAAG,CAAC,CAAC,GAAG,EAAE,GAAG,EAAE,EAAE;YAChB,MAAM,CAAC,GAAG,CAAC,CAAC,IAAI,CAAC,MAAM,CAAC,GAAG,CAAC,CAAC;YAC7B,MAAM,CAAC,GAAG,CAAC,IAAI,CAAC,CAAC,EAAE,CAAC,GAAG,CAAC;gBACtB,KAAK,EAAE;oBACL,OAAO,EAAE,uBAAuB;oBAChC,MAAM,EAAE,GAAG;iBACZ;aACF,CAAC,CAAC;YACH,IAAI,EAAE,CAAC;QACT,CAAC,CAAC,CAAC;IACP,CAAC,CAAC,CAAC;IACH,EAAE,CAAC,8EAA8E,EAAE,CAAC,IAAI,EAAE,EAAE;QAC1F,MAAM,IAAI,GAAG;YACX,aAAa,EAAE,CAAC;SACjB,CAAC;QACF,cAAI;aACD,OAAO,CAAC,aAAM,CAAC;aACf,IAAI,CAAC,SAAS,CAAC;aACf,IAAI,CAAC,IAAI,CAAC;aACV,GAAG,CAAC,CAAC,GAAG,EAAE,GAAG,EAAE,EAAE;YAChB,MAAM,CAAC,GAAG,CAAC,CAAC,IAAI,CAAC,MAAM,CAAC,GAAG,CAAC,CAAC;YAC7B,MAAM,CAAC,GAAG,CAAC,IAAI,CAAC,CAAC,EAAE,CAAC,GAAG,CAAC;gBACtB,KAAK,EAAE;oBACL,OAAO,EAAE,uBAAuB;oBAChC,MAAM,EAAE,GAAG;iBACZ;aACF,CAAC,CAAC;YACH,IAAI,EAAE,CAAC;QACT,CAAC,CAAC,CAAC;IACP,CAAC,CAAC,CAAC;IACH,EAAE,CAAC,gFAAgF,EAAE,CAAC,IAAI,EAAE,EAAE;QAC5F,MAAM,IAAI,GAAG;YACX,WAAW,EAAE,CAAC;SACf,CAAC;QACF,cAAI;aACD,OAAO,CAAC,aAAM,CAAC;aACf,IAAI,CAAC,SAAS,CAAC;aACf,IAAI,CAAC,IAAI,CAAC;aACV,GAAG,CAAC,CAAC,GAAG,EAAE,GAAG,EAAE,EAAE;YAChB,MAAM,CAAC,GAAG,CAAC,CAAC,IAAI,CAAC,MAAM,CAAC,GAAG,CAAC,CAAC;YAC7B,MAAM,CAAC,GAAG,CAAC,IAAI,CAAC,CAAC,EAAE,CAAC,GAAG,CAAC;gBACtB,KAAK,EAAE;oBACL,OAAO,EAAE,uBAAuB;oBAChC,MAAM,EAAE,GAAG;iBACZ;aACF,CAAC,CAAC;YACH,IAAI,EAAE,CAAC;QACT,CAAC,CAAC,CAAC;IACP,CAAC,CAAC,CAAC;IACH,EAAE,CAAC,uFAAuF,EAAE,CAAC,IAAI,EAAE,EAAE;QACnG,MAAM,IAAI,GAAG;YACX,IAAI,EAAE,CAAC;SACR,CAAC;QACF,cAAI;aACD,OAAO,CAAC,aAAM,CAAC;aACf,IAAI,CAAC,SAAS,CAAC;aACf,IAAI,CAAC,IAAI,CAAC;aACV,GAAG,CAAC,CAAC,GAAG,EAAE,GAAG,EAAE,EAAE;YAChB,MAAM,CAAC,GAAG,CAAC,CAAC,IAAI,CAAC,MAAM,CAAC,GAAG,CAAC,CAAC;YAC7B,MAAM,CAAC,GAAG,CAAC,IAAI,CAAC,CAAC,EAAE,CAAC,GAAG,CAAC;gBACtB,KAAK,EAAE;oBACL,OAAO,EAAE,uBAAuB;oBAChC,MAAM,EAAE,GAAG;iBACZ;aACF,CAAC,CAAC;YACH,IAAI,EAAE,CAAC;QACT,CAAC,CAAC,CAAC;IACP,CAAC,CAAC,CAAC;IAEH,EAAE,CAAC,kCAAkC,EAAE,CAAC,IAAI,EAAE,EAAE;QAC9C,MAAM,IAAI,GAAG;YACX,QAAQ,EAAE,iBAAiB;YAC3B,YAAY,EAAE,YAAY;YAC1B,aAAa,EAAE,EAAE;YACjB,WAAW,EAAE,EAAE;YACf,IAAI,EAAE,GAAG;SACV,CAAC;QACF,cAAI;aACD,OAAO,CAAC,aAAM,CAAC;aACf,IAAI,CAAC,SAAS,CAAC;aACf,IAAI,CAAC,IAAI,CAAC;aACV,GAAG,CAAC,CAAC,GAAG,EAAE,GAAG,EAAE,EAAE;YAChB,MAAM,CAAC,GAAG,CAAC,CAAC,IAAI,CAAC,MAAM,CAAC,GAAG,CAAC,CAAC;YAC7B,MAAM,CAAC,GAAG,CAAC,IAAI,CAAC,CAAC,EAAE,CAAC,GAAG,CAAC,EAAE,KAAK,EAAE,kCAAkC,EAAE,CAAC,CAAC;YACvE,IAAI,EAAE,CAAC;QACT,CAAC,CAAC,CAAC;IACP,CAAC,CAAC,CAAC;IAEH,EAAE,CAAC,+BAA+B,EAAE,CAAC,IAAI,EAAE,EAAE;QAC3C,MAAM,IAAI,GAAG;YACX,QAAQ,EAAE,YAAY;YACtB,YAAY,EAAE,YAAY;YAC1B,aAAa,EAAE,CAAC,EAAE;YAClB,WAAW,EAAE,EAAE;YACf,IAAI,EAAE,GAAG;SACV,CAAC;QACF,cAAI;aACD,OAAO,CAAC,aAAM,CAAC;aACf,IAAI,CAAC,SAAS,CAAC;aACf,IAAI,CAAC,IAAI,CAAC;aACV,GAAG,CAAC,CAAC,GAAG,EAAE,GAAG,EAAE,EAAE;YAChB,MAAM,CAAC,GAAG,CAAC,CAAC,IAAI,CAAC,MAAM,CAAC,GAAG,CAAC,CAAC;YAC7B,MAAM,CAAC,GAAG,CAAC,IAAI,CAAC,CAAC,EAAE,CAAC,GAAG,CAAC,EAAE,KAAK,EAAE,qBAAqB,EAAE,CAAC,CAAC;YAC1D,IAAI,EAAE,CAAC;QACT,CAAC,CAAC,CAAC;IACP,CAAC,CAAC,CAAC;IAEH,EAAE,CAAC,mCAAmC,EAAE,CAAC,IAAI,EAAE,EAAE;QAC/C,MAAM,IAAI,GAAG;YACX,QAAQ,EAAE,YAAY;YACtB,YAAY,EAAE,YAAY;YAC1B,aAAa,EAAE,EAAE;YACjB,WAAW,EAAE,EAAE;YACf,IAAI,EAAE,GAAG;SACV,CAAC;QACF,cAAI;aACD,OAAO,CAAC,aAAM,CAAC;aACf,IAAI,CAAC,SAAS,CAAC;aACf,IAAI,CAAC,IAAI,CAAC;aACV,GAAG,CAAC,CAAC,GAAG,EAAE,GAAG,EAAE,EAAE;YAChB,MAAM,CAAC,GAAG,CAAC,CAAC,IAAI,CAAC,MAAM,CAAC,GAAG,CAAC,CAAC;YAC7B,MAAM,CAAC,GAAG,CAAC,IAAI,CAAC,CAAC,EAAE,CAAC,GAAG,CAAC;gBACtB,OAAO,EAAE,cAAc;aACxB,CAAC,CAAC;YACH,IAAI,EAAE,CAAC;QACT,CAAC,CAAC,CAAC;IACP,CAAC,CAAC,CAAC;AACL,CAAC,CAAC,CAAC;AAEH,QAAQ,CAAC,iBAAiB,EAAE,GAAG,EAAE;IAC/B,EAAE,CAAC,sCAAsC,EAAE,CAAC,IAAI,EAAE,EAAE;QAClD,MAAM,IAAI,GAAG,EAAE,CAAC;QAChB,cAAI;aACD,OAAO,CAAC,aAAM,CAAC;aACf,IAAI,CAAC,kBAAkB,CAAC;aACxB,IAAI,CAAC,IAAI,CAAC;aACV,GAAG,CAAC,CAAC,GAAG,EAAE,GAAG,EAAE,EAAE;YAChB,MAAM,CAAC,GAAG,CAAC,CAAC,IAAI,CAAC,MAAM,CAAC,GAAG,CAAC,CAAC;YAC7B,MAAM,CAAC,GAAG,CAAC,IAAI,CAAC,CAAC,EAAE,CAAC,GAAG,CAAC;gBACtB,KAAK,EAAE;oBACL,OAAO,EAAE,0BAA0B;oBACnC,MAAM,EAAE,GAAG;iBACZ;aACF,CAAC,CAAC;YACH,IAAI,EAAE,CAAC;QACT,CAAC,CAAC,CAAC;IACP,CAAC,CAAC,CAAC;IAEH,EAAE,CAAC,kCAAkC,EAAE,CAAC,IAAI,EAAE,EAAE;QAC9C,MAAM,IAAI,GAAG;YACX,QAAQ,EAAE,iBAAiB;SAC5B,CAAC;QACF,cAAI;aACD,OAAO,CAAC,aAAM,CAAC;aACf,IAAI,CAAC,kBAAkB,CAAC;aACxB,IAAI,CAAC,IAAI,CAAC;aACV,GAAG,CAAC,CAAC,GAAG,EAAE,GAAG,EAAE,EAAE;YAChB,MAAM,CAAC,GAAG,CAAC,CAAC,IAAI,CAAC,MAAM,CAAC,GAAG,CAAC,CAAC;YAC7B,MAAM,CAAC,GAAG,CAAC,IAAI,CAAC,CAAC,EAAE,CAAC,GAAG,CAAC,EAAE,KAAK,EAAE,kCAAkC,EAAE,CAAC,CAAC;YACvE,IAAI,EAAE,CAAC;QACT,CAAC,CAAC,CAAC;IACP,CAAC,CAAC,CAAC;IAEH,EAAE,CAAC,uBAAuB,EAAE,CAAC,IAAI,EAAE,EAAE;QACnC,MAAM,IAAI,GAAG;YACX,QAAQ,EAAE,eAAe;SAC1B,CAAC;QACF,cAAI;aACD,OAAO,CAAC,aAAM,CAAC;aACf,IAAI,CAAC,kBAAkB,CAAC;aACxB,IAAI,CAAC,IAAI,CAAC;aACV,GAAG,CAAC,CAAC,GAAG,EAAE,GAAG,EAAE,EAAE;YAChB,MAAM,CAAC,GAAG,CAAC,CAAC,IAAI,CAAC,MAAM,CAAC,GAAG,CAAC,CAAC;YAC7B,MAAM,CAAC,GAAG,CAAC,IAAI,CAAC,CAAC,EAAE,CAAC,GAAG,CAAC;gBACtB,OAAO,EAAE,4hBAA4hB;aACtiB,CAAC,CAAC;YACH,OAAO,CAAC,GAAG,CAAC,MAAM,CAAC,CAAC;YACpB,IAAI,EAAE,CAAC;QACT,CAAC,CAAC,CAAC;IACP,CAAC,CAAC,CAAC;AACL,CAAC,CAAC,CAAC","sourcesContent":["import chai from \"chai\";\r\nimport chaiHttp from \"chai-http\";\r\nimport server from \"../app\";\r\nimport userInfo from \"../../../Common/users.json\";\r\n\r\nchai.use(chaiHttp);\r\nconst expect = chai.expect;\r\n\r\n// Run test with: yarn run test\r\n\r\ndescribe(\"Login test\", () => {\r\n  it(\"Successful login to the quote form\", (done) => {\r\n    const body = {\r\n      username: \"user1\",\r\n      password: \"pass1\",\r\n    };\r\n    chai\r\n      .request(server)\r\n      .post(\"/login\")\r\n      .send(body)\r\n      .end((err, res) => {\r\n        expect(res).have.status(200);\r\n        expect(res.body).to.eql({ success: \"quote.html\" });\r\n        done();\r\n      });\r\n  });\r\n\r\n  it(\"Successful login to profile management\", (done) => {\r\n    const body = {\r\n      username: \"DEBUG_USER_NOFN\",\r\n      password: \"DEBUG_PASS\",\r\n    };\r\n    chai\r\n      .request(server)\r\n      .post(\"/login\")\r\n      .send(body)\r\n      .end((err, res) => {\r\n        expect(res).have.status(200);\r\n        expect(res.body).to.eql({ success: \"ProfileManage.html\" });\r\n        done();\r\n      });\r\n  });\r\n\r\n  it(\"Failed login with existing username\", (done) => {\r\n    const body = {\r\n      username: \"user1\",\r\n      password: \"pass12\",\r\n    };\r\n    chai\r\n      .request(server)\r\n      .post(\"/login\")\r\n      .send(body)\r\n      .end((err, res) => {\r\n        expect(res).have.status(200);\r\n        expect(res.body).to.eql({\r\n          error:\r\n            \"Error: Login failed\\nUsername does not exist, or password was typed incorrectly.\",\r\n        });\r\n        done();\r\n      });\r\n  });\r\n\r\n  it(\"Failed login with nonexisting username\", (done) => {\r\n    const body = {\r\n      username: \"username3\",\r\n      password: \"pass1\",\r\n    };\r\n    chai\r\n      .request(server)\r\n      .post(\"/login\")\r\n      .send(body)\r\n      .end((err, res) => {\r\n        expect(res).have.status(200);\r\n        expect(res.body).to.eql({\r\n          error:\r\n            \"Error: Login failed\\nUsername does not exist, or password was typed incorrectly.\",\r\n        });\r\n        done();\r\n      });\r\n  });\r\n\r\n  it(\"Failed login with empty username and password\", (done) => {\r\n    const body = {\r\n      username: \"\",\r\n      password: \"\",\r\n    };\r\n    chai\r\n      .request(server)\r\n      .post(\"/login\")\r\n      .send(body)\r\n      .end((err, res) => {\r\n        expect(res).have.status(400);\r\n        expect(res.body).to.eql({\r\n          error: {\r\n            message: \"Invalid Username/Password\",\r\n            status: 400,\r\n          },\r\n        });\r\n        done();\r\n      });\r\n  });\r\n});\r\n\r\ndescribe(\"Registration test\", () => {\r\n  it(\"Failed registration with existing username\", (done) => {\r\n    const body = {\r\n      username: \"username1\",\r\n      password: \"pass1\",\r\n    };\r\n    chai\r\n      .request(server)\r\n      .post(\"/register\")\r\n      .send(body)\r\n      .end((err, res) => {\r\n        expect(res).have.status(200);\r\n        expect(res.body).to.eql({ error: \"username already in-use\" });\r\n        done();\r\n      });\r\n  });\r\n  it(\"Successful registration with unique username\", (done) => {\r\n    const body = {\r\n      username: Math.random().toString(36).substring(7),\r\n      password: \"pass123\",\r\n    };\r\n    chai\r\n      .request(server)\r\n      .post(\"/register\")\r\n      .send(body)\r\n      .end((err, res) => {\r\n        expect(res).have.status(200);\r\n        expect(res.body).to.eql({ success: \"user registered\" });\r\n        done();\r\n      });\r\n  });\r\n});\r\n\r\ndescribe(\"Manage Profile test\", () => {\r\n  it(\"Successful Fetch profile when profile exists\", (done) => {\r\n    chai\r\n      .request(server)\r\n      .get(`/manageProfile/${\"user1\"}`)\r\n      .end((err, res) => {\r\n        expect(res).have.status(200);\r\n        expect(res.body).to.have.property(\"name\");\r\n        done();\r\n      });\r\n  });\r\n  it(\"Failed Fetch profile when profile not initiated\", (done) => {\r\n    chai\r\n      .request(server)\r\n      .get(`/manageProfile/${\"lmalhaim\"}`)\r\n      .end((err, res) => {\r\n        expect(res).have.status(200);\r\n        expect(res.body).to.have.property(\"None\");\r\n        done();\r\n      });\r\n  });\r\n  it(\"Failed Fetch profile when profile doesnt exists\", (done) => {\r\n    chai\r\n      .request(server)\r\n      .get(`/manageProfile/${\"NotUser\"}`)\r\n      .end((err, res) => {\r\n        expect(res).have.status(200);\r\n        expect(res.body).to.have.property(\"None\");\r\n        done();\r\n      });\r\n  });\r\n  it(\"Successful manage profile when username is logged in\", (done) => {\r\n    const body = {\r\n      username: \"username1\",\r\n      fullname: \"Lia_Johnson\",\r\n      add1: \"510 richmond avenu\",\r\n      add2: \"apt 515\",\r\n      city: \"Houston\",\r\n      state: \"TX\",\r\n      zipcode: 77006,\r\n    };\r\n    chai\r\n      .request(server)\r\n      .post(\"/manageProfile\")\r\n      .send(body)\r\n      .end((err, res) => {\r\n        expect(res).have.status(200);\r\n        expect(res.body).to.eql({ success: \"Profile Saved\" });\r\n        done();\r\n      });\r\n  });\r\n  \r\n});\r\n\r\ndescribe(\"QuoteLoadTest\", () => {\r\n  it(\"Failed due to no username whatsoever\", (done) => {\r\n    const body = {};\r\n    chai\r\n      .request(server)\r\n      .post(\"/quoteLoad\")\r\n      .send(body)\r\n      .end((err, res) => {\r\n        expect(res).have.status(400);\r\n        expect(res.body).to.eql({\r\n          error: {\r\n            message: \"Error. Invalid Username\",\r\n            status: 400,\r\n          },\r\n        });\r\n        done();\r\n      });\r\n  });\r\n\r\n  it(\"Failed due to empty username\", (done) => {\r\n    const body = {\r\n      username: \"\",\r\n    };\r\n    chai\r\n      .request(server)\r\n      .post(\"/quoteLoad\")\r\n      .send(body)\r\n      .end((err, res) => {\r\n        expect(res).have.status(400);\r\n        expect(res.body).to.eql({\r\n          error: {\r\n            message: \"Error. Invalid Username\",\r\n            status: 400,\r\n          },\r\n        });\r\n        done();\r\n      });\r\n  });\r\n\r\n  it(\"Error returns due to incorrect username\", (done) => {\r\n    const body = {\r\n      username: \"DEBUG_incorrect\",\r\n    };\r\n    chai\r\n      .request(server)\r\n      .post(\"/quoteLoad\")\r\n      .send(body)\r\n      .end((err, res) => {\r\n        expect(res).have.status(200);\r\n        expect(res.body).to.eql({ error: \"You are in an incorrect account.\" });\r\n        done();\r\n      });\r\n  });\r\n\r\n  it(\"Loads Successfully due to correct username.\", (done) => {\r\n    const body = {\r\n      username: \"DEBUG_USER\",\r\n    };\r\n    chai\r\n      .request(server)\r\n      .post(\"/quoteLoad\")\r\n      .send(body)\r\n      .end((err, res) => {\r\n        expect(res).have.status(200);\r\n        expect(res.body).to.eql({\r\n          addr1: \"DEBUG MAIN ADDRESS\",\r\n          addr2: \"DEBUG SECOND ADDRESS\",\r\n          city: \"DEBUG CITY\",\r\n          state: \"DEBUG STATE\",\r\n          zipCode: 1,\r\n        });\r\n        done();\r\n      });\r\n  });\r\n});\r\n\r\ndescribe(\"QuoteCalPriceTest\", () => {\r\n  it(\"Failed due to no parameters\", (done) => {\r\n    const body = {};\r\n    chai\r\n      .request(server)\r\n      .post(\"/request\")\r\n      .send(body)\r\n      .end((err, res) => {\r\n        expect(res).have.status(400);\r\n        expect(res.body).to.eql({\r\n          error: {\r\n            message: \"Error. Invalid input!\",\r\n            status: 400,\r\n          },\r\n        });\r\n        done();\r\n      });\r\n  });\r\n\r\n  it(\"Failed due to missing parameters (pricePerGal)\", (done) => {\r\n    const body = {\r\n      deliveryDate: \"10-2-2019\",\r\n      galsRequested: 12,\r\n    };\r\n    chai\r\n      .request(server)\r\n      .post(\"/request\")\r\n      .send(body)\r\n      .end((err, res) => {\r\n        expect(res).have.status(400);\r\n        expect(res.body).to.eql({\r\n          error: {\r\n            message: \"Error. Invalid input!\",\r\n            status: 400,\r\n          },\r\n        });\r\n        done();\r\n      });\r\n  });\r\n\r\n  it(\"Failed due to missing parameters (galsRequested)\", (done) => {\r\n    const body = {\r\n      deliveryDate: \"10-2-2019\",\r\n      pricePerGal: 12.03,\r\n    };\r\n    chai\r\n      .request(server)\r\n      .post(\"/request\")\r\n      .send(body)\r\n      .end((err, res) => {\r\n        expect(res).have.status(400);\r\n        expect(res.body).to.eql({\r\n          error: {\r\n            message: \"Error. Invalid input!\",\r\n            status: 400,\r\n          },\r\n        });\r\n        done();\r\n      });\r\n  });\r\n\r\n  it(\"Failed due to missing parameters (deliveryDate)\", (done) => {\r\n    const body = {\r\n      galsRequested: 12,\r\n      pricePerGal: 1,\r\n    };\r\n    chai\r\n      .request(server)\r\n      .post(\"/request\")\r\n      .send(body)\r\n      .end((err, res) => {\r\n        expect(res).have.status(400);\r\n        expect(res.body).to.eql({\r\n          error: {\r\n            message: \"Error. Invalid input!\",\r\n            status: 400,\r\n          },\r\n        });\r\n        done();\r\n      });\r\n  });\r\n\r\n  it(\"Failed due to missing parameters (deliveryDate, pricePerGal)\", (done) => {\r\n    const body = {\r\n      galsRequested: 12,\r\n    };\r\n    chai\r\n      .request(server)\r\n      .post(\"/request\")\r\n      .send(body)\r\n      .end((err, res) => {\r\n        expect(res).have.status(400);\r\n        expect(res.body).to.eql({\r\n          error: {\r\n            message: \"Error. Invalid input!\",\r\n            status: 400,\r\n          },\r\n        });\r\n        done();\r\n      });\r\n  });\r\n\r\n  it(\"Failed due to missing parameters (galsRequested, pricePerGal)\", (done) => {\r\n    const body = {\r\n      deliveryDate: \"10-2-2019\",\r\n    };\r\n    chai\r\n      .request(server)\r\n      .post(\"/request\")\r\n      .send(body)\r\n      .end((err, res) => {\r\n        expect(res).have.status(400);\r\n        expect(res.body).to.eql({\r\n          error: {\r\n            message: \"Error. Invalid input!\",\r\n            status: 400,\r\n          },\r\n        });\r\n        done();\r\n      });\r\n  });\r\n\r\n  it(\"Failed due to missing parameters (deliveryDate, galsRequested)\", (done) => {\r\n    const body = {\r\n      priceperGal: 2,\r\n    };\r\n    chai\r\n      .request(server)\r\n      .post(\"/request\")\r\n      .send(body)\r\n      .end((err, res) => {\r\n        expect(res).have.status(400);\r\n        expect(res.body).to.eql({\r\n          error: {\r\n            message: \"Error. Invalid input!\",\r\n            status: 400,\r\n          },\r\n        });\r\n        done();\r\n      });\r\n  });\r\n\r\n  it(\"Failed due to incorrect deliveryDate format\", (done) => {\r\n    const body = {\r\n      deliveryDate: \"eleventeen\",\r\n      galsRequested: 10,\r\n      pricePerGal: 10,\r\n    };\r\n    chai\r\n      .request(server)\r\n      .post(\"/request\")\r\n      .send(body)\r\n      .end((err, res) => {\r\n        expect(res).have.status(200);\r\n        expect(res.body).to.eql({ error: \"Error. Wrong date format.\" });\r\n        done();\r\n      });\r\n  });\r\n\r\n  it(\"Failed due to incorrect gallons requested format\", (done) => {\r\n    const body = {\r\n      deliveryDate: \"2019-10-10\",\r\n      galsRequested: \"a\",\r\n      pricePerGal: 10,\r\n    };\r\n    chai\r\n      .request(server)\r\n      .post(\"/request\")\r\n      .send(body)\r\n      .end((err, res) => {\r\n        expect(res).have.status(400);\r\n        expect(res.body).to.eql({\r\n          error: {\r\n            message: \"Error. Invalid input!\",\r\n            status: 400,\r\n          },\r\n        });\r\n        done();\r\n      });\r\n  });\r\n\r\n  it(\"Failed due to incorrect price per gallon format\", (done) => {\r\n    const body = {\r\n      deliveryDate: \"2019-10-10\",\r\n      galsRequested: 10,\r\n      pricePerGal: \"a\",\r\n    };\r\n    chai\r\n      .request(server)\r\n      .post(\"/request\")\r\n      .send(body)\r\n      .end((err, res) => {\r\n        expect(res).have.status(400);\r\n        expect(res.body).to.eql({\r\n          error: {\r\n            message: \"Error. Invalid input!\",\r\n            status: 400,\r\n          },\r\n        });\r\n        done();\r\n      });\r\n  });\r\n\r\n  it(\"Successfully returned a price\", (done) => {\r\n    const body = {\r\n      deliveryDate: \"2019-10-10\",\r\n      galsRequested: 10,\r\n      pricePerGal: 10,\r\n    };\r\n    chai\r\n      .request(server)\r\n      .post(\"/request\")\r\n      .send(body)\r\n      .end((err, res) => {\r\n        expect(res).have.status(200);\r\n        expect(res.body).to.eql({ cost: 100 });\r\n        done();\r\n      });\r\n  });\r\n\r\n  it(\"Successfully returned a PPG\", (done) => {\r\n    const body = {\r\n      username: \"DEBUG_USER\",\r\n      galsRequested: 10\r\n    };\r\n    chai\r\n      .request(server)\r\n      .post(\"/getPPG\")\r\n      .send(body)\r\n      .end((err, res) => {\r\n        expect(res).have.status(200);\r\n        expect(res.body).to.eql({ppg: 1.725, margin: 0.22500000000000003});\r\n        done();\r\n      });\r\n  });\r\n});\r\n\r\ndescribe(\"QuoteSubmitTest\", () => {\r\n  it(\"Failed due to no parameters\", (done) => {\r\n    const body = {};\r\n    chai\r\n      .request(server)\r\n      .post(\"/submit\")\r\n      .send(body)\r\n      .end((err, res) => {\r\n        expect(res).have.status(400);\r\n        expect(res.body).to.eql({\r\n          error: {\r\n            message: \"Error. Invalid input.\",\r\n            status: 400,\r\n          },\r\n        });\r\n        done();\r\n      });\r\n  });\r\n\r\n  it(\"Failed due to missing parameters (deliveryDate, galsRequested, pricePerGal, cost)\", (done) => {\r\n    const body = {\r\n      username: \"foo\",\r\n    };\r\n    chai\r\n      .request(server)\r\n      .post(\"/submit\")\r\n      .send(body)\r\n      .end((err, res) => {\r\n        expect(res).have.status(400);\r\n        expect(res.body).to.eql({\r\n          error: {\r\n            message: \"Error. Invalid input.\",\r\n            status: 400,\r\n          },\r\n        });\r\n        done();\r\n      });\r\n  });\r\n  it(\"Failed due to missing parameters (username, galsRequested, pricePerGal, cost)\", (done) => {\r\n    const body = {\r\n      deliveryDate: \"foo\",\r\n    };\r\n    chai\r\n      .request(server)\r\n      .post(\"/submit\")\r\n      .send(body)\r\n      .end((err, res) => {\r\n        expect(res).have.status(400);\r\n        expect(res.body).to.eql({\r\n          error: {\r\n            message: \"Error. Invalid input.\",\r\n            status: 400,\r\n          },\r\n        });\r\n        done();\r\n      });\r\n  });\r\n  it(\"Failed due to missing parameters (username, deliveryDate, pricePerGal, cost)\", (done) => {\r\n    const body = {\r\n      galsRequested: 2,\r\n    };\r\n    chai\r\n      .request(server)\r\n      .post(\"/submit\")\r\n      .send(body)\r\n      .end((err, res) => {\r\n        expect(res).have.status(400);\r\n        expect(res.body).to.eql({\r\n          error: {\r\n            message: \"Error. Invalid input.\",\r\n            status: 400,\r\n          },\r\n        });\r\n        done();\r\n      });\r\n  });\r\n  it(\"Failed due to missing parameters (username, deliveryDate, galsRequested, cost)\", (done) => {\r\n    const body = {\r\n      pricePerGal: 2,\r\n    };\r\n    chai\r\n      .request(server)\r\n      .post(\"/submit\")\r\n      .send(body)\r\n      .end((err, res) => {\r\n        expect(res).have.status(400);\r\n        expect(res.body).to.eql({\r\n          error: {\r\n            message: \"Error. Invalid input.\",\r\n            status: 400,\r\n          },\r\n        });\r\n        done();\r\n      });\r\n  });\r\n  it(\"Failed due to missing parameters (username, deliveryDate, galsRequested, pricePerGal)\", (done) => {\r\n    const body = {\r\n      cost: 2,\r\n    };\r\n    chai\r\n      .request(server)\r\n      .post(\"/submit\")\r\n      .send(body)\r\n      .end((err, res) => {\r\n        expect(res).have.status(400);\r\n        expect(res.body).to.eql({\r\n          error: {\r\n            message: \"Error. Invalid input.\",\r\n            status: 400,\r\n          },\r\n        });\r\n        done();\r\n      });\r\n  });\r\n\r\n  it(\"Failed due to incorrect username\", (done) => {\r\n    const body = {\r\n      username: \"DEBUG_incorrect\",\r\n      deliveryDate: \"2019-10-10\",\r\n      galsRequested: 10,\r\n      pricePerGal: 10,\r\n      cost: 100,\r\n    };\r\n    chai\r\n      .request(server)\r\n      .post(\"/submit\")\r\n      .send(body)\r\n      .end((err, res) => {\r\n        expect(res).have.status(200);\r\n        expect(res.body).to.eql({ error: \"You are in an incorrect account.\" });\r\n        done();\r\n      });\r\n  });\r\n\r\n  it(\"Failed due to invalid gallons\", (done) => {\r\n    const body = {\r\n      username: \"DEBUG_USER\",\r\n      deliveryDate: \"2019-10-10\",\r\n      galsRequested: -10,\r\n      pricePerGal: 10,\r\n      cost: 100,\r\n    };\r\n    chai\r\n      .request(server)\r\n      .post(\"/submit\")\r\n      .send(body)\r\n      .end((err, res) => {\r\n        expect(res).have.status(200);\r\n        expect(res.body).to.eql({ error: \"Gallons must be >0!\" });\r\n        done();\r\n      });\r\n  });\r\n\r\n  it(\"Successfully returned new history\", (done) => {\r\n    const body = {\r\n      username: \"DEBUG_USER\",\r\n      deliveryDate: \"2019-10-10\",\r\n      galsRequested: 10,\r\n      pricePerGal: 10,\r\n      cost: 100,\r\n    };\r\n    chai\r\n      .request(server)\r\n      .post(\"/submit\")\r\n      .send(body)\r\n      .end((err, res) => {\r\n        expect(res).have.status(200);\r\n        expect(res.body).to.eql({\r\n          success: \"history.html\"\r\n        });\r\n        done();\r\n      });\r\n  });\r\n});\r\n\r\ndescribe(\"HistoryLoadTest\", () => {\r\n  it(\"Failed due to no username whatsoever\", (done) => {\r\n    const body = {};\r\n    chai\r\n      .request(server)\r\n      .post(\"/generateHistory\")\r\n      .send(body)\r\n      .end((err, res) => {\r\n        expect(res).have.status(400);\r\n        expect(res.body).to.eql({\r\n          error: {\r\n            message: \"Error. Invalid Username!\",\r\n            status: 400,\r\n          },\r\n        });\r\n        done();\r\n      });\r\n  });\r\n\r\n  it(\"Failed due to incorrect username\", (done) => {\r\n    const body = {\r\n      username: \"DEBUG_incorrect\",\r\n    };\r\n    chai\r\n      .request(server)\r\n      .post(\"/generateHistory\")\r\n      .send(body)\r\n      .end((err, res) => {\r\n        expect(res).have.status(200);\r\n        expect(res.body).to.eql({ error: \"You are in an incorrect account.\" });\r\n        done();\r\n      });\r\n  });\r\n\r\n  it(\"Returned successfully\", (done) => {\r\n    const body = {\r\n      username: \"DEBUG_USER_RO\",\r\n    };\r\n    chai\r\n      .request(server)\r\n      .post(\"/generateHistory\")\r\n      .send(body)\r\n      .end((err, res) => {\r\n        expect(res).have.status(200);\r\n        expect(res.body).to.eql({\r\n          success: \"<table style='width:100%'>\\n    <tr>\\n        <th><b>Delivery Date</b></th>\\n        <th><b>Gallons Requested</b></th>\\n        <th><b>Price Per Gallon</b></th>\\n        <th><b>Total Price</b</th>\\n        <th><b>Address</b></th>\\n    </tr>\\n <tr>\\n        <th> Mon Oct 12 1012 00:00:00 GMT-0550 (Central Daylight Time) </th>\\n        <th> 0.5 </th>n        <th>$1</th>\\n        <th>$0.5</th>\\n        <th>DEBUG_RO MAIN ADDRESS<br>        DEBUG_RO SECOND ADDRESS<br>        DEBUG_RO CITY, DEBUG_RO STATE, 4<br><br></th>\\n    </tr></table>\",\r\n        });\r\n        console.log(\"shit\");\r\n        done();\r\n      });\r\n  });\r\n});\r\n"]},"_coverageSchema":"1a1c01bbd47fc00a2c39e90264f33305004495a9","hash":"d9898c135b6512a86c7f79401380f3b095521c49","contentHash":"54cb708289c1173c1ae707112bd8739d4469932e003931f44a96bb5c5dce1b0b"},"G:\\4353\\4352-spring-project\\back\\src\\app.ts":{"path":"G:\\4353\\4352-spring-project\\back\\src\\app.ts","statementMap":{"0":{"start":{"line":2,"column":22},"end":{"line":4,"column":1}},"1":{"start":{"line":3,"column":4},"end":{"line":3,"column":62}},"2":{"start":{"line":5,"column":0},"end":{"line":5,"column":62}},"3":{"start":{"line":6,"column":18},"end":{"line":6,"column":53}},"4":{"start":{"line":7,"column":24},"end":{"line":7,"column":65}},"5":{"start":{"line":8,"column":15},"end":{"line":8,"column":47}},"6":{"start":{"line":9,"column":17},"end":{"line":9,"column":51}},"7":{"start":{"line":10,"column":16},"end":{"line":10,"column":58}},"8":{"start":{"line":11,"column":15},"end":{"line":11,"column":39}},"9":{"start":{"line":12,"column":0},"end":{"line":12,"column":39}},"10":{"start":{"line":13,"column":12},"end":{"line":13,"column":31}},"11":{"start":{"line":14,"column":0},"end":{"line":14,"column":34}},"12":{"start":{"line":15,"column":0},"end":{"line":15,"column":26}},"13":{"start":{"line":16,"column":0},"end":{"line":16,"column":35}},"14":{"start":{"line":17,"column":0},"end":{"line":17,"column":33}},"15":{"start":{"line":18,"column":0},"end":{"line":18,"column":32}},"16":{"start":{"line":19,"column":0},"end":{"line":19,"column":41}},"17":{"start":{"line":20,"column":0},"end":{"line":20,"column":46}},"18":{"start":{"line":21,"column":0},"end":{"line":21,"column":149}},"19":{"start":{"line":21,"column":68},"end":{"line":21,"column":147}}},"fnMap":{"0":{"name":"(anonymous_0)","decl":{"start":{"line":2,"column":56},"end":{"line":2,"column":57}},"loc":{"start":{"line":2,"column":71},"end":{"line":4,"column":1}},"line":2},"1":{"name":"(anonymous_1)","decl":{"start":{"line":21,"column":62},"end":{"line":21,"column":63}},"loc":{"start":{"line":21,"column":68},"end":{"line":21,"column":147}},"line":21}},"branchMap":{"0":{"loc":{"start":{"line":2,"column":22},"end":{"line":4,"column":1}},"type":"binary-expr","locations":[{"start":{"line":2,"column":23},"end":{"line":2,"column":27}},{"start":{"line":2,"column":31},"end":{"line":2,"column":51}},{"start":{"line":2,"column":56},"end":{"line":4,"column":1}}],"line":2},"1":{"loc":{"start":{"line":3,"column":11},"end":{"line":3,"column":61}},"type":"cond-expr","locations":[{"start":{"line":3,"column":37},"end":{"line":3,"column":40}},{"start":{"line":3,"column":43},"end":{"line":3,"column":61}}],"line":3},"2":{"loc":{"start":{"line":3,"column":12},"end":{"line":3,"column":33}},"type":"binary-expr","locations":[{"start":{"line":3,"column":12},"end":{"line":3,"column":15}},{"start":{"line":3,"column":19},"end":{"line":3,"column":33}}],"line":3}},"s":{"0":1,"1":5,"2":1,"3":1,"4":1,"5":1,"6":1,"7":1,"8":1,"9":1,"10":1,"11":1,"12":1,"13":1,"14":1,"15":1,"16":1,"17":
[...]
                        deliveryDate,\\n\\\r\n                            totalPrice\\n\\\r\n                        FROM History\\n\\\r\n                        INNER JOIN Addresses ON History.addressID = Addresses.addressID\\n\\\r\n                        WHERE History.userID = ` + result[0].userID + \";\";\r\n\r\n\r\n                        con.connect(function(err) {\r\n                            if(err) throw err;\r\n                            con.query(query, function (err, result) {\r\n                                if(err) throw err;\r\n\r\n                                let parsed = `<table style='width:100%'>\\n\\\r\n    <tr>\\n\\\r\n        <th><b>Delivery Date</b></th>\\n\\\r\n        <th><b>Gallons Requested</b></th>\\n\\\r\n        <th><b>Price Per Gallon</b></th>\\n\\\r\n        <th><b>Total Price</b</th>\\n\\\r\n        <th><b>Address</b></th>\\n\\\r\n    </tr>\\n`;\r\n                                for(let object of result) {\r\n                                    parsed += ` \\<tr\\>\\n\\\r\n        <th> ${object.deliveryDate} </th>\\n\\\r\n        <th> ${object.gallonsRequested} </th>n\\\r\n        <th>\\$${object.pricePerGallon}</th>\\n\\\r\n        <th>\\$${object.totalPrice}</th>\\n\\\r\n        <th>${object.address1}<br>\\\r\n        ${object.address2}<br>\\\r\n        ${object.city}, ${object.state}, ${object.zipcode}<br><br></th>\\n\\\r\n    </tr>`\r\n                                }\r\n                                parsed += \"</table>\";\r\n                                res.json({success: parsed});\r\n                            });\r\n                        });\r\n                    }\r\n                });\r\n            });\r\n        } catch (error) {\r\n            if(error.isJoi === true) {\r\n                return next(new createError.BadRequest(\"Error. Invalid Username!\"));\r\n            }\r\n            next(error);\r\n        }\r\n    }\r\n}"]},"_coverageSchema":"1a1c01bbd47fc00a2c39e90264f33305004495a9","hash":"c065e699f445461f37922a40204a7719261e1c8b","contentHash":"957b0dd93d2a158e0781bfc2de0deba81c96be3f0be57fca65b6d972894d979c"},"G:\\4353\\4352-spring-project\\back\\src\\controllers\\getPPG.ts":{"path":"G:\\4353\\4352-spring-project\\back\\src\\controllers\\getPPG.ts","statementMap":{"0":{"start":{"line":2,"column":16},"end":{"line":10,"column":1}},"1":{"start":{"line":3,"column":28},"end":{"line":3,"column":110}},"2":{"start":{"line":3,"column":91},"end":{"line":3,"column":106}},"3":{"start":{"line":4,"column":4},"end":{"line":9,"column":7}},"4":{"start":{"line":5,"column":36},"end":{"line":5,"column":97}},"5":{"start":{"line":5,"column":42},"end":{"line":5,"column":70}},"6":{"start":{"line":5,"column":85},"end":{"line":5,"column":95}},"7":{"start":{"line":6,"column":35},"end":{"line":6,"column":100}},"8":{"start":{"line":6,"column":41},"end":{"line":6,"column":73}},"9":{"start":{"line":6,"column":88},"end":{"line":6,"column":98}},"10":{"start":{"line":7,"column":32},"end":{"line":7,"column":116}},"11":{"start":{"line":8,"column":8},"end":{"line":8,"column":78}},"12":{"start":{"line":11,"column":22},"end":{"line":13,"column":1}},"13":{"start":{"line":12,"column":4},"end":{"line":12,"column":62}},"14":{"start":{"line":14,"column":0},"end":{"line":14,"column":62}},"15":{"start":{"line":15,"column":22},"end":{"line":15,"column":61}},"16":{"start":{"line":16,"column":0},"end":{"line":103,"column":2}},"17":{"start":{"line":17,"column":32},"end":{"line":102,"column":6}},"18":{"start":{"line":18,"column":8},"end":{"line":101,"column":9}},"19":{"start":{"line":19,"column":48},"end":{"line":19,"column":56}},"20":{"start":{"line":20,"column":24},"end":{"line":20,"column":41}},"21":{"start":{"line":21,"column":22},"end":{"line":27,"column":14}},"22":{"start":{"line":28,"column":29},"end":{"line":28,"column":33}},"23":{"start":{"line":29,"column":33},"end":{"line":29,"column":36}},"24":{"start":{"line":33,"column":29},"end":{"line":33,"column":32}},"25":{"start":{"line":35,"column":12},"end":{"line":40,"column":13}},"26":{"start":{"line":36,"column":16},"end":{"line":36,"column":46}},"27":{"start":{"line":39,"column":16},"end":{"line":39,"column":46}},"28":{"start":{"line":43,"column":24},"end":{"line":49,"column":30}},"29":{"start":{"line":50,"column":12},"end":{"line":93,"column":15}},"30":{"start":{"line":51,"column":16},"end":{"line":52,"column":30}},"31":{"start":{"line":52,"column":20},"end":{"line":52,"column":30}},"32":{"start":{"line":53,"column":16},"end":{"line":92,"column":19}},"33":{"start":{"line":54,"column":20},"end":{"line":55,"column":34}},"34":{"start":{"line":55,"column":24},"end":{"line":55,"column":34}},"35":{"start":{"line":56,"column":20},"end":{"line":56,"column":40}},"36":{"start":{"line":57,"column":20},"end":{"line":62,"column":21}},"37":{"start":{"line":58,"column":24},"end":{"line":58,"column":46}},"38":{"start":{"line":61,"column":24},"end":{"line":61,"column":46}},"39":{"start":{"line":63,"column":20},"end":{"line":63,"column":48}},"40":{"start":{"line":65,"column":32},"end":{"line":70,"column":60}},"41":{"start":{"line":71,"column":20},"end":{"line":91,"column":23}},"42":{"start":{"line":72,"column":24},"end":{"line":73,"column":38}},"43":{"start":{"line":73,"column":28},"end":{"line":73,"column":38}},"44":{"start":{"line":74,"column":24},"end":{"line":90,"column":27}},"45":{"start":{"line":75,"column":28},"end":{"line":76,"column":42}},"46":{"start":{"line":76,"column":32},"end":{"line":76,"column":42}},"47":{"start":{"line":77,"column":28},"end":{"line":82,"column":29}},"48":{"start":{"line":78,"column":32},"end":{"line":78,"column":57}},"49":{"start":{"line":81,"column":32},"end":{"line":81,"column":57}},"50":{"start":{"line":83,"column":28},"end":{"line":83,"column":64}},"51":{"start":{"line":85,"column":28},"end":{"line":85,"column":129}},"52":{"start":{"line":86,"column":41},"end":{"line":86,"column":51}},"53":{"start":{"line":88,"column":28},"end":{"line":88,"column":51}},"54":{"start":{"line":89,"column":28},"end":{"line":89,"column":74}},"55":{"start":{"line":96,"column":12},"end":{"line":99,"column":13}},"56":{"start":{"line":97,"column":16},"end":{"line":97,"column":60}},"57":{"start":{"line":98,"column":16},"end":{"line":98,"column":91}},"58":{"start":{"line":100,"column":12},"end":{"line":100,"column":24}}},"fnMap":{"0":{"name":"(anonymous_0)","decl":{"start":{"line":2,"column":44},"end":{"line":2,"column":45}},"loc":{"start":{"line":2,"column":89},"end":{"line":10,"column":1}},"line":2},"1":{"name":"adopt","decl":{"start":{"line":3,"column":13},"end":{"line":3,"column":18}},"loc":{"start":{"line":3,"column":26},"end":{"line":3,"column":112}},"line":3},"2":{"name":"(anonymous_2)","decl":{"start":{"line":3,"column":70},"end":{"line":3,"column":71}},"loc":{"start":{"line":3,"column":89},"end":{"line":3,"column":108}},"line":3},"3":{"name":"(anonymous_3)","decl":{"start":{"line":4,"column":36},"end":{"line":4,"column":37}},"loc":{"start":{"line":4,"column":63},"end":{"line":9,"column":5}},"line":4},"4":{"name":"fulfilled","decl":{"start":{"line":5,"column":17},"end":{"line":5,"column":26}},"loc":{"start":{"line":5,"column":34},"end":{"line":5,"column":99}},"line":5},"5":{"name":"rejected","decl":{"start":{"line":6,"column":17},"end":{"line":6,"column":25}},"loc":{"start":{"line":6,"column":33},"end":{"line":6,"column":102}},"line":6},"6":{"name":"step","decl":{"start":{"line":7,"column":17},"end":{"line":7,"column":21}},"loc":{"start":{"line":7,"column":30},"end":{"line":7,"column":118}},"line":7},"7":{"name":"(anonymous_7)","decl":{"start":{"line":11,"column":56},"end":{"line":11,"column":57}},"loc":{"start":{"line":11,"column":71},"end":{"line":13,"column":1}},"line":11},"8":{"name":"(anonymous_8)","decl":{"start":{"line":17,"column":12},"end":{"line":17,"column":13}},"loc":{"start":{"line":17,"column":32},"end":{"line":102,"column":6}},"line":17},"9":{"name":"(anonymous_9)","decl":{"start":{"line":17,"column":66},"end":{"line":17,"column":67}},"loc":{"start":{"line":17,"column":79},"end":{"line":102,"column":5}},"line":17},"10":{"name":"(anonymous_10)","decl":{"start":{"line":50,"column":24},"end":{"line":50,"column":25}},"loc":{"start":{"line":50,"column":39},"end":{"line":93,"column":13}},"line":50},"11":{"name":"(anonymous_11)","decl":{"start":{"line":53,"column":33},"end":{"line":53,"column":34}},"loc":{"start":{"line":53,"column":56},"end":{"line":92,"column":17}},"line":53},"12":{"name":"(anonymous_12)","decl":{"start":{"line":71,"column":32},"end":{"line":71,"column":33}},"loc":{"start":{"line":71,"column":47},"end":{"line":91,"column":21}},"line":71},"13":{"name":"(anonymous_13)","decl":{"start":{"line":74,"column":41},"end":{"line":74,"column":42}},"loc":{"start":{"line":74,"column":64},"end":{"line":90,"column":25}},"line":74}},"branchMap":{"0":{"loc":{"start":{"line":2,"column":16},"end":{"line":10,"column":1}},"type":"binary-expr","locations":[{"start":{"line":2,"column":17},"end":{"line":2,"column":21}},{"start":{"line":2,"column":25},"end":{"line":2,"column":39}},{"start":{"line":2,"column":44},"end":{"line":10,"column":1}}],"line":2},"1":{"loc":{"start":{"line":3,"column":35},"end":{"line":3,"column":109}},"type":"cond-expr","locations":[{"start":{"line":3,"column":56},"end":{"line":3,"column":61}},{"start":{"line":3,"column":64},"end":{"line":3,"column":109}}],"line":3},"2":{"loc":{"start":{"line":4,"column":16},"end":{"line":4,"column":34}},"type":"binary-expr","locations":[{"start":{"line":4,"column":16},"end":{"line":4,"column":17}},{"start":{"line":4,"column":22},"end":{"line":4,"column":33}}],"line":4},"3":{"loc":{"start":{"line":7,"column":32},"end":{"line":7,"column":115}},"type":"cond-expr","locations":[{"start":{"line":7,"column":46},"end":{"line":7,"column":67}},{"start":{"line":7,"column":70},"end":{"line":7,"column":115}}],"line":7},"4":{"loc":{"start":{"line":8,"column":51},"end":{"line":8,"column":67}},"type":"binary-expr","locations":[{"start":{"line":8,"column":51},"end":{"line":8,"column":61}},{"start":{"line":8,"column":65},"end":{"line":8,"column":67}}],"line":8},"5":{"loc":{"start":{"line":11,"column":22},"end":{"line":13,"column":1}},"type":"binary-expr","locations":[{"start":{"line":11,"column":23},"end":{"line":11,"column":27}},{"start":{"line":11,"column":31},"end":{"line":11,"column":51}},{"start":{"line":11,"column":56},"end":{"line":13,"column":1}}],"line":11},"6":{"loc":{"start":{"line":12,"column":11},"end":{"line":12,"column":61}},"type":"cond-expr","locations":[{"start":{"line":12,"column":37},"end":{"line":12,"column":40}},{"start":{"line":12,"column":43},"end":{"line":12,"column":61}}],"line":12},"7":{"loc":{"start":{"line":12,"column":12},"end":{"line":12,"column":33}},"type":"binary-expr","locations":[{"start":{"line":12,"column":12},"end":{"line":12,"column":15}},{"start":{"line":12,"column":19},"end":{"line":12,"column":33}}],"line":12},"8":{"loc":{"start":{"line":35,"column":12},"end":{"line":40,"column":13}},"type":"if","locations":[{"start":{"line":35,"column":12},"end":{"line":40,"column":13}},{"start":{"line":35,"column":12},"end":{"line":40,"column":13}}],"line":35},"9":{"loc":{"start":{"line":51,"column":16},"end":{"line":52,"column":30}},"type":"if","locations":[{"start":{"line":51,"column":16},"end":{"line":52,"column":30}},{"start":{"line":51,"column":16},"end":{"line":52,"column":30}}],"line":51},"10":{"loc":{"start":{"line":54,"column":20},"end":{"line":55,"column":34}},"type":"if","locations":[{"start":{"line":54,"column":20},"end":{"line":55,"column":34}},{"start":{"line":54,"column":20},"end":{"line":55,"column":34}}],"line":54},"11":{"loc":{"start":{"line":57,"column":20},"end":{"line":62,"column":21}},"type":"if","locations":[{"start":{"line":57,"column":20},"end":{"line":62,"column":21}},{"start":{"line":57,"column":20},"end":{"line":62,"column":21}}],"line":57},"12":{"loc":{"start":{"line":72,"column":24},"end":{"line":73,"column":38}},"type":"if","locations":[{"start":{"line":72,"column":24},"end":{"line":73,"column":38}},{"start":{"line":72,"column":24},"end":{"line":73,"column":38}}],"line":72},"13":{"loc":{"start":{"line":75,"column":28},"end":{"line":76,"column":42}},"type":"if","locations":[{"start":{"line":75,"column":28},"end":{"line":76,"column":42}},{"start":{"line":75,"column":28},"end":{"line":76,"column":42}}],"line":75},"14":{"loc":{"start":{"line":77,"column":28},"end":{"line":82,"column":29}},"type":"if","locations":[{"start":{"line":77,"column":28},"end":{"line":82,"column":29}},{"start":{"line":77,"column":28},"end":{"line":82,"column":29}}],"line":77},"15":{"loc":{"start":{"line":96,"column":12},"end":{"line":99,"column":13}},"type":"if","locations":[{"start":{"line":96,"column":12},"end":{"line":99,"column":13}},{"start":{"line":96,"column":12},"end":{"line":99,"column":13}}],"line":96}},"s":{"0":1,"1":1,"2":1,"3":1,"4":1,"5":1,"6":0,"7":0,"8":0,"9":0,"10":2,"11":1,"12":1,"13":1,"14":1,"15":1,"16":1,"17":1,"18":1,"19":1,"20":1,"21":1,"22":1,"23":1,"24":1,"25":1,"26":0,"27":1,"28":1,"29":1,"30":1,"31":0,"32":1,"33":1,"34":0,"35":1,"36":1,"37":0,"38":1,"39":1,"40":1,"41":1,"42":1,"43":0,"44":1,"45":1,"46":0,"47":1,"48":0,"49":1,"50":1,"51":1,"52":1,"53":1,"54":1,"55":0,"56":0,"57":0,"58":0},"f":{"0":1,"1":1,"2":1,"3":1,"4":1,"5":0,"6":2,"7":1,"8":1,"9":1,"10":1,"11":1,"12":1,"13":1},"b":{"0":[1,1,1],"1":[0,1],"2":[1,1],"3":[1,1],"4":[1,1],"5":[1,1,1],"6":[0,1],"7":[1,1],"8":[0,1],"9":[0,1],"10":[0,1],"11":[0,1],"12":[0,1],"13":[0,1],"14":[0,1],"15":[0,0]},"inputSourceMap":{"version":3,"file":"G:/4353/4352-spring-project/back/src/controllers/getPPG.ts","sources":["G:/4353/4352-spring-project/back/src/controllers/getPPG.ts"],"names":[],"mappings":";;;;;;;;;;;;;;AACA,8DAAsC;AAKtC,kBAAe;IACX,MAAM,EAAE,CACJ,GAAoB,EACpB,GAAqB,EACrB,IAA0B,EAC5B,EAAE;QACA,IAAI;YACA,MAAM,EAAE,QAAQ,EAAE,aAAa,EAAE,GAAG,GAAG,CAAC,IAAI,CAAC;YAE7C,IAAI,KAAK,GAAG,OAAO,CAAC,QAAQ,CAAC,CAAC;YAE9B,IAAI,GAAG,GAAG,MAAM,KAAK,CAAC,gBAAgB,CAAC;gBACnC,IAAI,EAAE,WAAW;gBACjB,IAAI,EAAE,MAAM;gBACZ,QAAQ,EAAE,UAAU;gBACpB,IAAI,EAAE,IAAI;gBACV,QAAQ,EAAE,iBAAiB;aAC9B,CAAC,CAAC;YAEH,MAAM,QAAQ,GAAG,IAAI,CAAC;YACtB,MAAM,YAAY,GAAG,GAAG,CAAC;YACzB,IAAI,iBAAiB,CAAC;YACtB,IAAI,sBAAsB,CAAC;YAC3B,IAAI,cAAc,CAAC;YACnB,IAAI,UAAU,GAAG,GAAG,CAAC;YAErB,8BAA8B;YAC9B,IAAG,aAAa,GAAG,IAAI,EAAE;gBACrB,sBAAsB,GAAG,IAAI,CAAC;aACjC;iBAAM;gBACH,sBAAsB,GAAG,IAAI,CAAC;aACjC;YAGD,sBAAsB;YACtB,WAAW;YACX,IAAI,KAAK,GAAG;;;;;uCAKe,QAAQ;8BACjB,CAAA;YAClB,GAAG,CAAC,OAAO,CAAC,UAAS,GAAG;gBACpB,IAAG,GAAG;oBAAE,MAAM,GAAG,CAAC;gBAClB,GAAG,CAAC,KAAK,CAAC,KAAK,EAAE,UAAS,GAAG,EAAE,MAAM;oBACjC,IAAG,GAAG;wBAAE,MAAM,GAAG,CAAC;oBAClB,OAAO,CAAC,GAAG,CAAC,MAAM,CAAC,CAAC;oBACpB,IAAG,MAAM,CAAC,CAAC,CAAC,CAAC,KAAK,IAAI,IAAI,EAAE;wBACxB,cAAc,GAAG,IAAI,CAAC;qBACzB;yBAAM;wBACH,cAAc,GAAG,IAAI,CAAC;qBACzB;oBACD,OAAO,CAAC,GAAG,CAAC,cAAc,CAAC,CAAC;oBAE5B,yBAAyB;oBACzB,IAAI,KAAK,GAAG;;;;;+CAKe,QAAQ,KAAK,CAAA;oBAExC,GAAG,CAAC,OAAO,CAAC,UAAS,GAAG;wBACpB,IAAG,GAAG;4BAAE,MAAM,GAAG,CAAC;wBAClB,GAAG,CAAC,KAAK,CAAC,KAAK,EAAE,UAAS,GAAG,EAAE,MAAM;4BACjC,IAAG,GAAG;gCAAE,MAAM,GAAG,CAAC;4BAClB,IAAG,MAAM,CAAC,CAAC,CAAC,CAAC,UAAU,CAAC,IAAI,CAAC,EAAE;gCAC3B,iBAAiB,GAAG,IAAI,CAAC;6BAC5B;iCAAM;gCACH,iBAAiB,GAAG,IAAI,CAAC;6BAC5B;4BACD,OAAO,CAAC,GAAG,CAAC,sBAAsB,CAAC,CAAC;4BAEpC,kBAAkB;4BAClB,UAAU,GAAG,QAAQ,GAAG,CAAC,cAAc,GAAG,iBAAiB,GAAG,sBAAsB,GAAG,YAAY,CAAC,CAAC;4BACrG,IAAI,MAAM,GAAG,UAAU,CAAC;4BACxB,mBAAmB;4BACnB,UAAU,IAAI,QAAQ,CAAC;4BACvB,GAAG,CAAC,IAAI,CAAC,EAAC,GAAG,EAAE,UAAU,EAAE,MAAM,EAAE,MAAM,EAAC,CAAC,CAAC;wBAChD,CAAC,CAAC,CAAA;oBACN,CAAC,CAAC,CAAA;gBAEN,CAAC,CAAC,CAAA;YACN,CAAC,CAAC,CAAA;SAML;QAAC,OAAO,KAAK,EAAE;YACZ,IAAG,KAAK,CAAC,KAAK,KAAK,IAAI,EAAE;gBACrB,OAAO,CAAC,GAAG,CAAC,OAAM,CAAC,GAAG,CAAC,IAAI,CAAC,YAAY,CAAC,CAAC,CAAC;gBAC3C,OAAO,IAAI,CAAC,IAAI,qBAAW,CAAC,UAAU,CAAC,uBAAuB,CAAC,CAAC,CAAC;aACpE;YACD,IAAI,CAAC,KAAK,CAAC,CAAC;SACf;IACL,CAAC,CAAA;CACJ,CAAA","sourcesContent":["import express from \"express\";\r\nimport createError from \"http-errors\";\r\nimport { getMaxListeners } from \"node:process\";\r\nimport userInfo from \"../../../Common/users.json\";\r\nimport {AuthSchema} from \"../config/Validation/authQuote\";\r\n\r\nexport default {\r\n    getPPG: async (\r\n        req: express.Request,\r\n        res: express.Response,\r\n        next: express.NextFunction\r\n    ) => {\r\n        try {\r\n            const { username, galsRequested } = req.body;\r\n\r\n            var mysql = require('mysql2');\r\n\r\n            var con = await mysql.createConnection({\r\n                host: \"localhost\",\r\n                user: \"root\",\r\n                password: \"password\",\r\n                port: 3306,\r\n                database: \"softwareproject\"\r\n            });\r\n\r\n            const baseCost = 1.50;\r\n            const profitFactor = 0.1;\r\n            let rateHistoryFactor;\r\n            let gallonsRequestedFactor;\r\n            let locationFactor;\r\n            let finalPrice = 0.0;\r\n\r\n            //Get gallons requested factor\r\n            if(galsRequested > 1000) {\r\n                gallonsRequestedFactor = 0.03;\r\n            } else {\r\n                gallonsRequestedFactor = 0.02;\r\n            }\r\n\r\n\r\n            // Get Location factor\r\n            //Get State\r\n            let query = `\\\r\n            SELECT State\\n\\\r\n            FROM Addresses\\n\\\r\n            INNER JOIN users\\n\\\r\n                ON Addresses.userID = users.userID\\n\\\r\n            WHERE users.username = \\\"${username}\\\"\\n\\\r\n                AND active=1;`\r\n            con.connect(function(err) {\r\n                if(err) throw err;\r\n                con.query(query, function(err, result) {\r\n                    if(err) throw err;\r\n                    console.log(result);\r\n                    if(result[0].State == 'TX') {\r\n                        locationFactor = 0.02;\r\n                    } else {\r\n                        locationFactor = 0.04;\r\n                    }\r\n                    console.log(locationFactor);\r\n\r\n                    //Get Rate History Factor\r\n                    let query = `\\\r\n                    SELECT COUNT(*)\\n\\\r\n                    FROM History\\n\\\r\n                    INNER JOIN users\\n\\\r\n                        ON History.userID = users.userID\\n\\\r\n                    WHERE users.username = \\\"${username}\\\";`\r\n\r\n                    con.connect(function(err) {\r\n                        if(err) throw err;\r\n                        con.query(query, function(err, result) {\r\n                            if(err) throw err;\r\n                            if(result[0][`COUNT(*)`] == 0) {\r\n                                rateHistoryFactor = 0.00;\r\n                            } else {\r\n                                rateHistoryFactor = 0.01;\r\n                            }\r\n                            console.log(gallonsRequestedFactor);\r\n\r\n                            //Calculate Margin\r\n                            finalPrice = baseCost * (locationFactor - rateHistoryFactor + gallonsRequestedFactor + profitFactor);\r\n                            let margin = finalPrice;\r\n                            //Add current price\r\n                            finalPrice += baseCost;\r\n                            res.json({ppg: finalPrice, margin: margin});\r\n                        })\r\n                    })\r\n                    \r\n                })\r\n            })\r\n            \r\n\r\n            \r\n            \r\n            \r\n        } catch (error) {\r\n            if(error.isJoi === true) {\r\n                console.log(typeof(req.body.deliveryDate));\r\n                return next(new createError.BadRequest(\"Error. Invalid input!\"));\r\n            }\r\n            next(error);\r\n        }\r\n    }\r\n}"]},"_coverageSchema":"1a1c01bbd47fc00a2c39e90264f33305004495a9","hash":"5b3a5c625f32c3e8cee82f902a82aab6d248e963","contentHash":"e009e27cc02f76b898e9cf6b4d9cdf3d87f2d0b669c23137f39fc8040565e5b8"}}