{"F:\\max\\Documents\\School\\Spring2021\\4352\\4352-spring-project\\Back\\src\\unit-tests\\tests.spec.ts":{"path":"F:\\max\\Documents\\School\\Spring2021\\4352\\4352-spring-project\\Back\\src\\unit-tests\\tests.spec.ts","statementMap":{"0":{"start":{"line":2,"column":22},"end":{"line":4,"column":1}},"1":{"start":{"line":3,"column":4},"end":{"line":3,"column":62}},"2":{"start":{"line":5,"column":0},"end":{"line":5,"column":62}},"3":{"start":{"line":6,"column":15},"end":{"line":6,"column":47}},"4":{"start":{"line":7,"column":20},"end":{"line":7,"column":57}},"5":{"start":{"line":8,"column":14},"end":{"line":8,"column":48}},"6":{"start":{"line":9,"column":0},"end":{"line":9,"column":40}},"7":{"start":{"line":10,"column":15},"end":{"line":10,"column":36}},"8":{"start":{"line":12,"column":0},"end":{"line":97,"column":3}},"9":{"start":{"line":13,"column":4},"end":{"line":27,"column":7}},"10":{"start":{"line":14,"column":21},"end":{"line":17,"column":9}},"11":{"start":{"line":18,"column":8},"end":{"line":26,"column":11}},"12":{"start":{"line":23,"column":12},"end":{"line":23,"column":41}},"13":{"start":{"line":24,"column":12},"end":{"line":24,"column":63}},"14":{"start":{"line":25,"column":12},"end":{"line":25,"column":19}},"15":{"start":{"line":28,"column":4},"end":{"line":42,"column":7}},"16":{"start":{"line":29,"column":21},"end":{"line":32,"column":9}},"17":{"start":{"line":33,"column":8},"end":{"line":41,"column":11}},"18":{"start":{"line":38,"column":12},"end":{"line":38,"column":41}},"19":{"start":{"line":39,"column":12},"end":{"line":39,"column":71}},"20":{"start":{"line":40,"column":12},"end":{"line":40,"column":19}},"21":{"start":{"line":43,"column":4},"end":{"line":59,"column":7}},"22":{"start":{"line":44,"column":21},"end":{"line":47,"column":9}},"23":{"start":{"line":48,"column":8},"end":{"line":58,"column":11}},"24":{"start":{"line":53,"column":12},"end":{"line":53,"column":41}},"25":{"start":{"line":54,"column":12},"end":{"line":56,"column":15}},"26":{"start":{"line":57,"column":12},"end":{"line":57,"column":19}},"27":{"start":{"line":60,"column":4},"end":{"line":76,"column":7}},"28":{"start":{"line":61,"column":21},"end":{"line":64,"column":9}},"29":{"start":{"line":65,"column":8},"end":{"line":75,"column":11}},"30":{"start":{"line":70,"column":12},"end":{"line":70,"column":41}},"31":{"start":{"line":71,"column":12},"end":{"line":73,"column":15}},"32":{"start":{"line":74,"column":12},"end":{"line":74,"column":19}},"33":{"start":{"line":77,"column":4},"end":{"line":96,"column":7}},"34":{"start":{"line":78,"column":21},"end":{"line":81,"column":9}},"35":{"start":{"line":82,"column":8},"end":{"line":95,"column":11}},"36":{"start":{"line":87,"column":12},"end":{"line":87,"column":41}},"37":{"start":{"line":88,"column":12},"end":{"line":93,"column":15}},"38":{"start":{"line":94,"column":12},"end":{"line":94,"column":19}},"39":{"start":{"line":98,"column":0},"end":{"line":129,"column":3}},"40":{"start":{"line":99,"column":4},"end":{"line":113,"column":7}},"41":{"start":{"line":100,"column":21},"end":{"line":103,"column":9}},"42":{"start":{"line":104,"column":8},"end":{"line":112,"column":11}},"43":{"start":{"line":109,"column":12},"end":{"line":109,"column":41}},"44":{"start":{"line":110,"column":12},"end":{"line":110,"column":74}},"45":{"start":{"line":111,"column":12},"end":{"line":111,"column":19}},"46":{"start":{"line":114,"column":4},"end":{"line":128,"column":7}},"47":{"start":{"line":115,"column":21},"end":{"line":118,"column":9}},"48":{"start":{"line":119,"column":8},"end":{"line":127,"column":11}},"49":{"start":{"line":124,"column":12},"end":{"line":124,"column":41}},"50":{"start":{"line":125,"column":12},"end":{"line":125,"column":68}},"51":{"start":{"line":126,"column":12},"end":{"line":126,"column":19}},"52":{"start":{"line":130,"column":0},"end":{"line":171,"column":3}},"53":{"start":{"line":131,"column":4},"end":{"line":150,"column":7}},"54":{"start":{"line":132,"column":21},"end":{"line":140,"column":9}},"55":{"start":{"line":141,"column":8},"end":{"line":149,"column":11}},"56":{"start":{"line":146,"column":12},"end":{"line":146,"column":41}},"57":{"start":{"line":147,"column":12},"end":{"line":147,"column":72}},"58":{"start":{"line":148,"column":12},"end":{"line":148,"column":19}},"59":{"start":{"line":151,"column":4},"end":{"line":170,"column":7}},"60":{"start":{"line":152,"column":21},"end":{"line":160,"column":9}},"61":{"start":{"line":161,"column":8},"end":{"line":169,"column":11}},"62":{"start":{"line":166,"column":12},"end":{"line":166,"column":41}},"63":{"start":{"line":167,"column":12},"end":{"line":167,"column":72}},"64":{"start":{"line":168,"column":12},"end":{"line":168,"column":19}},"65":{"start":{"line":172,"column":0},"end":{"line":243,"column":3}},"66":{"start":{"line":173,"column":4},"end":{"line":189,"column":7}},"67":{"start":{"line":174,"column":21},"end":{"line":174,"column":23}},"68":{"start":{"line":175,"column":8},"end":{"line":188,"column":11}},"69":{"start":{"line":180,"column":12},"end":{"line":180,"column":41}},"70":{"start":{"line":181,"column":12},"end":{"line":186,"column":15}},"71":{"start":{"line":187,"column":12},"end":{"line":187,"column":19}},"72":{"start":{"line":190,"column":4},"end":{"line":208,"column":7}},"73":{"start":{"line":191,"column":21},"end":{"line":193,"column":9}},"74":{"start":{"line":194,"column":8},"end":{"line":207,"column":11}},"75":{"start":{"line":199,"column":12},"end":{"line":199,"column":41}},"76":{"start":{"line":200,"column":12},"end":{"line":205,"column":15}},"77":{"start":{"line":206,"column":12},"end":{"line":206,"column":19}},"78":{"start":{"line":209,"column":4},"end":{"line":222,"column":7}},"79":{"start":{"line":210,"column":21},"end":{"line":212,"column":9}},"80":{"start":{"line":213,"column":8},"end":{"line":221,"column":11}},"81":{"start":{"line":218,"column":12},"end":{"line":218,"column":41}},"82":{"start":{"line":219,"column":12},"end":{"line":219,"column":83}},"83":{"start":{"line":220,"column":12},"end":{"line":220,"column":19}},"84":{"start":{"line":223,"column":4},"end":{"line":242,"column":7}},"85":{"start":{"line":224,"column":21},"end":{"line":226,"column":9}},"86":{"start":{"line":227,"column":8},"end":{"line":241,"column":11}},"87":{"start":{"line":232,"column":12},"end":{"line":232,"column":41}},"88":{"start":{"line":233,"column":12},"end":{"line":239,"column":15}},"89":{"start":{"line":240,"column":12},"end":{"line":240,"column":19}},"90":{"start":{"line":244,"column":0},"end":{"line":453,"column":3}},"91":{"start":{"line":245,"column":4},"end":{"line":261,"column":7}},"92":{"start":{"line":246,"column":21},"end":{"line":246,"column":23}},"93":{"start":{"line":247,"column":8},"end":{"line":260,"column":11}},"94":{"start":{"line":252,"column":12},"end":{"line":252,"column":41}},"95":{"start":{"line":253,"column":12},"end":{"line":258,"column":15}},"96":{"start":{"line":259,"column":12},"end":{"line":259,"column":19}},"97":{"start":{"line":262,"column":4},"end":{"line":281,"column":7}},"98":{"start":{"line":263,"column":21},"end":{"line":266,"column":9}},"99":{"start":{"line":267,"column":8},"end":{"line":280,"column":11}},"100":{"start":{"line":272,"column":12},"end":{"line":272,"column":41}},"101":{"start":{"line":273,"column":12},"end":{"line":278,"column":15}},"102":{"start":{"line":279,"column":12},"end":{"line":279,"column":19}},"103":{"start":{"line":282,"column":4},"end":{"line":301,"column":7}},"104":{"start":{"line":283,"column":21},"end":{"line":286,"column":9}},"105":{"start":{"line":287,"column":8},"end":{"line":300,"column":11}},"106":{"start":{"line":292,"column":12},"end":{"line":292,"column":41}},"107":{"start":{"line":293,"column":12},"end":{"line":298,"column":15}},"108":{"start":{"line":299,"column":12},"end":{"line":299,"column":19}},"109":{"start":{"line":302,"column":4},"end":{"line":321,"column":7}},"110":{"start":{"line":303,"column":21},"end":{"line":306,"column":9}},"111":{"start":{"line":307,"column":8},"end":{"line":320,"column":11}},"112":{"start":{"line":312,"column":12},"end":{"line":312,"column":41}},"113":{"start":{"line":313,"column":12},"end":{"line":318,"column":15}},"114":{"start":{"line":319,"column":12},"end":{"line":319,"column":19}},"115":{"start":{"line":322,"column":4},"end":{"line":340,"column":7}},"116":{"start":{"line":323,"column":21},"end":{"line":325,"column":9}},"117":{"start":{"line":326,"column":8},"end":{"line":339,"column":11}},"118":{"start":{"line":331,"column":12},"end":{"line":331,"column":41}},"119":{"start":{"line":332,"column":12},"end":{"line":337,"column":15}},"120":{"start":{"line":338,"column":12},"end":{"line":338,"column":19}},"121":{"start":{"line":341,"column":4},"end":{"line":359,"column":7}},"122":{"start":{"line":342,"column":21},"end":{"line":344,"column":9}},"123":{"start":{"line":345,"column":8},"end":{"line":358,"column":11}},"124":{"start":{"line":350,"column":12},"end":{"line":350,"column":41}},"125":{"start":{"line":351,"column":12},"end":{"line":356,"column":15}},"126":{"start":{"line":357,"column":12},"end":{"line":357,"column":19}},"127":{"start":{"line":360,"column":4},"end":{"line":378,"column":7}},"128":{"start":{"line":361,"column":21},"end":{"line":363,"column":9}},"129":{"start":{"line":364,"column":8},"end":{"line":377,"column":11}},"130":{"start":{"line":369,"column":12},"end":{"line":369,"column":41}},"131":{"start":{"line":370,"column":12},"end":{"line":375,"column":15}},"132":{"start":{"line":376,"column":12},"end":{"line":376,"column":19}},"133":{"start":{"line":379,"column":4},"end":{"line":394,"column":7}},"134":{"start":{"line":380,"column":21},"end":{"line":384,"column":9}},"135":{"start":{"line":385,"column":8},"end":{"line":393,"column":11}},"136":{"start":{"line":390,"column":12},"end":{"line":390,"column":41}},"137":{"start":{"line":391,"column":12},"end":{"line":391,"column":76}},"138":{"start":{"line":392,"column":12},"end":{"line":392,"column":19}},"139":{"start":{"line":395,"column":4},"end":{"line":415,"column":7}},"140":{"start":{"line":396,"column":21},"end":{"line":400,"column":9}},"141":{"start":{"line":401,"column":8},"end":{"line":414,"column":11}},"142":{"start":{"line":406,"column":12},"end":{"line":406,"column":41}},"143":{"start":{"line":407,"column":12},"end":{"line":412,"column":15}},"144":{"start":{"line":413,"column":12},"end":{"line":413,"column":19}},"145":{"start":{"line":416,"column":4},"end":{"line":436,"column":7}},"146":{"start":{"line":417,"column":21},"end":{"line":421,"column":9}},"147":{"start":{"line":422,"column":8},"end":{"line":435,"column":11}},"148":{"start":{"line":427,"column":12},"end":{"line":427,"column":41}},"149":{"start":{"line":428,"column":12},"end":{"line":433,"column":15}},"150":{"start":{"line":434,"column":12},"end":{"line":434,"column":19}},"151":{"start":{"line":437,"column":4},"end":{"line":452,"column":7}},"152":{"start":{"line":438,"column":21},"end":{"line":442,"column":9}},"153":{"start":{"line":443,"column":8},"end":{"line":451,"column":11}},"154":{"start":{"line":448,"column":12},"end":{"line":448,"column":41}},"155":{"start":{"line":449,"column":12},"end":{"line":449,"column":51}},"156":{"start":{"line":450,"column":12},"end":{"line":450,"column":19}},"157":{"start":{"line":454,"column":0},"end":{"line":623,"column":3}},"158":{"start":{"line":455,"column":4},"end":{"line":471,"column":7}},"159":{"start":{"line":456,"column":21},"end":{"line":456,"column":23}},"160":{"start":{"line":457,"column":8},"end":{"line":470,"column":11}},"161":{"start":{"line":462,"column":12},"end":{"line":462,"column":41}},"162":{"start":{"line":463,"column":12},"end":{"line":468,"column":15}},"163":{"start":{"line":469,"column":12},"end":{"line":469,"column":19}},"164":{"start":{"line":472,"column":4},"end":{"line":490,"column":7}},"165":{"start":{"line":473,"column":21},"end":{"line":475,"column":9}},"166":{"start":{"line":476,"column":8},"end":{"line":489,"column":11}},"167":{"start":{"line":481,"column":12},"end":{"line":481,"column":41}},"168":{"start":{"line":482,"column":12},"end":{"line":487,"column":15}},"169":{"start":{"line":488,"column":12},"end":{"line":488,"column":19}},"170":{"start":{"line":491,"column":4},"end":{"line":509,"column":7}},"171":{"start":{"line":492,"column":21},"end":{"line":494,"column":9}},"172":{"start":{"line":495,"column":8},"end":{"line":508,"column":11}},"173":{"start":{"line":500,"column":12},"end":{"line":500,"column":41}},"174":{"start":{"line":501,"column":12},"end":{"line":506,"column":15}},"175":{"start":{"line":507,"column":12},"end":{"line":507,"column":19}},"176":{"start":{"line":510,"column":4},"end":{"line":528,"column":7}},"177":{"start":{"line":511,"column":21},"end":{"line":513,"column":9}},"178":{"start":{"line":514,"column":8},"end":{"line":527,"column":11}},"179":{"start":{"line":519,"column":12},"end":{"line":519,"column":41}},"180":{"start":{"line":520,"column":12},"end":{"line":525,"column":15}},"181":{"start":{"line":526,"column":12},"end":{"line":526,"column":19}},"182":{"start":{"line":529,"column":4},"end":{"line":547,"column":7}},"183":{"start":{"line":530,"column":21},"end":{"line":532,"column":9}},"184":{"start":{"line":533,"column":8},"end":{"line":546,"column":11}},"185":{"start":{"line":538,"column":12},"end":{"line":538,"column":41}},"186":{"start":{"line":539,"column":12},"end":{"line":544,"column":15}},"187":{"start":{"line":545,"column":12},"end":{"line":545,"column":19}},"188":{"start":{"line":548,"column":4},"end":{"line":566,"column":7}},"189":{"start":{"line":549,"column":21},"end":{"line":551,"column":9}},"190":{"start":{"line":552,"column":8},"end":{"line":565,"column":11}},"191":{"start":{"line":557,"column":12},"end":{"line":557,"column":41}},"192":{"start":{"line":558,"column":12},"end":{"line":563,"column":15}},"193":{"start":{"line":564,"column":12},"end":{"line":564,"column":19}},"194":{"start":{"line":567,"column":4},"end":{"line":584,"column":7}},"195":{"start":{"line":568,"column":21},"end":{"line":574,"column":9}},"196":{"start":{"line":575,"column":8},"end":{"line":583,"column":11}},"197":{"start":{"line":580,"column":12},"end":{"line":580,"column":41}},"198":{"start":{"line":581,"column":12},"end":{"line":581,"column":83}},"199":{"start":{"line":582,"column":12},"end":{"line":582,"column":19}},"200":{"start":{"line":585,"column":4},"end":{"line":602,"column":7}},"201":{"start":{"line":586,"column":21},"end":{"line":592,"column":9}},"202":{"start":{"line":593,"column":8},"end":{"line":601,"column":11}},"203":{"start":{"line":598,"column":12},"end":{"line":598,"column":41}},"204":{"start":{"line":599,"column":12},"end":{"line":599,"column":70}},"205":{"start":{"line":600,"column":12},"end":{"line":600,"column":19}},"206":{"start":{"line":603,"column":4},"end":{"line":622,"column":7}},"207":{"start":{"line":604,"column":21},"end":{"line":610,"column":9}},"208":{"start":{"line":611,"column":8},"end":{"line":621,"column":11}},"209":{"start":{"line":616,"column":12},"end":{"line":616,"column":41}},"210":{"start":{"line":617,"column":12},"end":{"line":619,"column":15}},"211":{"start":{"line":620,"column":12},"end":{"line":620,"column":19}},"212":{"start":{"line":624,"column":0},"end":{"line":673,"column":3}},"213":{"start":{"line":625,"column":4},"end":{"line":641,"column":7}},"214":{"start":{"line":626,"column":21},"end":{"line":626,"column":23}},"215":{"start":{"line":627,"column":8},"end":{"line":640,"column":11}},"216":{"start":{"line":632,"column":12},"end":{"line":632,"column":41}},"217":{"start":{"line":633,"column":12},"end":{"line":638,"column":15}},"218":{"start":{"line":639,"column":12},"end":{"line":639,"column":19}},"219":{"start":{"line":642,"column":4},"end":{"line":655,"column":7}},"220":{"start":{"line":643,"column":21},"end":{"line":645,"column":9}},"221":{"start":{"line":646,"column":8},"end":{"line":654,"column":11}},"222":{"start":{"line":651,"column":12},"end":{"line":651,"column":41}},"223":{"start":{"line":652,"column":12},"end":{"line":652,"column":83}},"224":{"start":{"line":653,"column":12},"end":{"line":653,"column":19}},"225":{"start":{"line":656,"column":4},"end":{"line":672,"column":7}},"226":{"start":{"line":657,"column":21},"end":{"line":659,"column":9}},"227":{"start":{"line":660,"column":8},"end":{"line":671,"column":11}},"228":{"start":{"line":665,"column":12},"end":{"line":665,"column":41}},"229":{"start":{"line":666,"column":12},"end":{"line":668,"column":15}},"230":{"start":{"line":669,"column":12},"end":{"line":669,"column":32}},"231":{"start":{"line":670,"column":12},"end":{"line":670,"column":19}}},"fnMap":{"0":{"name":"(anonymous_0)","decl":{"start":{"line":2,"column":56},"end":{"line":2,"column":57}},"loc":{"start":{"line":2,"column":71},"end":{"line":4,"column":1}},"line":2},"1":{"name":"(anonymous_1)","decl":{"start":{"line":12,"column":23},"end":{"line":12,"column":24}},"loc":{"start":{"line":12,"column":29},"end":{"line":97,"column":1}},"line":12},"2":{"name":"(anonymous_2)","decl":{"start":{"line":13,"column":45},"end":{"line":13,"column":46}},"loc":{"start":{"line":13,"column":55},"end":{"line":27,"column":5}},"line":13},"3":{"name":"(anonymous_3)","decl":{"start":{"line":22,"column":17},"end":{"line":22,"column":18}},"loc":{"start":{"line":22,"column":31},"end":{"line":26,"column":9}},"line":22},"4":{"name":"(anonymous_4)","decl":{"start":{"line":28,"column":49},"end":{"line":28,"column":50}},"loc":{"start":{"line":28,"column":59},"end":{"line":42,"column":5}},"line":28},"5":{"name":"(anonymous_5)","decl":{"start":{"line":37,"column":17},"end":{"line":37,"column":18}},"loc":{"start":{"line":37,"column":31},"end":{"line":41,"column":9}},"line":37},"6":{"name":"(anonymous_6)","decl":{"start":{"line":43,"column":46},"end":{"line":43,"column":47}},"loc":{"start":{"line":43,"column":56},"end":{"line":59,"column":5}},"line":43},"7":{"name":"(anonymous_7)","decl":{"start":{"line":52,"column":17},"end":{"line":52,"column":18}},"loc":{"start":{"line":52,"column":31},"end":{"line":58,"column":9}},"line":52},"8":{"name":"(anonymous_8)","decl":{"start":{"line":60,"column":49},"end":{"line":60,"column":50}},"loc":{"start":{"line":60,"column":59},"end":{"line":76,"column":5}},"line":60},"9":{"name":"(anonymous_9)","decl":{"start":{"line":69,"column":17},"end":{"line":69,"column":18}},"loc":{"start":{"line":69,"column":31},"end":{"line":75,"column":9}},"line":69},"10":{"name":"(anonymous_10)","decl":{"start":{"line":77,"column":56},"end":{"line":77,"column":57}},"loc":{"start":{"line":77,"column":66},"end":{"line":96,"column":5}},"line":77},"11":{"name":"(anonymous_11)","decl":{"start":{"line":86,"column":17},"end":{"line":86,"column":18}},"loc":{"start":{"line":86,"column":31},"end":{"line":95,"column":9}},"line":86},"12":{"name":"(anonymous_12)","decl":{"start":{"line":98,"column":30},"end":{"line":98,"column":31}},"loc":{"start":{"line":98,"column":36},"end":{"line":129,"column":1}},"line":98},"13":{"name":"(anonymous_13)","decl":{"start":{"line":99,"column":53},"end":{"line":99,"column":54}},"loc":{"start":{"line":99,"column":63},"end":{"line":113,"column":5}},"line":99},"14":{"name":"(anonymous_14)","decl":{"start":{"line":108,"column":17},"end":{"line":108,"column":18}},"loc":{"start":{"line":108,"column":31},"end":{"line":112,"column":9}},"line":108},"15":{"name":"(anonymous_15)","decl":{"start":{"line":114,"column":55},"end":{"line":114,"column":56}},"loc":{"start":{"line":114,"column":65},"end":{"line":128,"column":5}},"line":114},"16":{"name":"(anonymous_16)","decl":{"start":{"line":123,"column":17},"end":{"line":123,"column":18}},"loc":{"start":{"line":123,"column":31},"end":{"line":127,"column":9}},"line":123},"17":{"name":"(anonymous_17)","decl":{"start":{"line":130,"column":32},"end":{"line":130,"column":33}},"loc":{"start":{"line":130,"column":38},"end":{"line":171,"column":1}},"line":130},"18":{"name":"(anonymous_18)","decl":{"start":{"line":131,"column":75},"end":{"line":131,"column":76}},"loc":{"start":{"line":131,"column":85},"end":{"line":150,"column":5}},"line":131},"19":{"name":"(anonymous_19)","decl":{"start":{"line":145,"column":17},"end":{"line":145,"column":18}},"loc":{"start":{"line":145,"column":31},"end":{"line":149,"column":9}},"line":145},"20":{"name":"(anonymous_20)","decl":{"start":{"line":151,"column":76},"end":{"line":151,"column":77}},"loc":{"start":{"line":151,"column":86},"end":{"line":170,"column":5}},"line":151},"21":{"name":"(anonymous_21)","decl":{"start":{"line":165,"column":17},"end":{"line":165,"column":18}},"loc":{"start":{"line":165,"column":31},"end":{"line":169,"column":9}},"line":165},"22":{"name":"(anonymous_22)","decl":{"start":{"line":172,"column":26},"end":{"line":172,"column":27}},"loc":{"start":{"line":172,"column":32},"end":{"line":243,"column":1}},"line":172},"23":{"name":"(anonymous_23)","decl":{"start":{"line":173,"column":47},"end":{"line":173,"column":48}},"loc":{"start":{"line":173,"column":57},"end":{"line":189,"column":5}},"line":173},"24":{"name":"(anonymous_24)","decl":{"start":{"line":179,"column":17},"end":{"line":179,"column":18}},"loc":{"start":{"line":179,"column":31},"end":{"line":188,"column":9}},"line":179},"25":{"name":"(anonymous_25)","decl":{"start":{"line":190,"column":39},"end":{"line":190,"column":40}},"loc":{"start":{"line":190,"column":49},"end":{"line":208,"column":5}},"line":190},"26":{"name":"(anonymous_26)","decl":{"start":{"line":198,"column":17},"end":{"line":198,"column":18}},"loc":{"start":{"line":198,"column":31},"end":{"line":207,"column":9}},"line":198},"27":{"name":"(anonymous_27)","decl":{"start":{"line":209,"column":50},"end":{"line":209,"column":51}},"loc":{"start":{"line":209,"column":60},"end":{"line":222,"column":5}},"line":209},"28":{"name":"(anonymous_28)","decl":{"start":{"line":217,"column":17},"end":{"line":217,"column":18}},"loc":{"start":{"line":217,"column":31},"end":{"line":221,"column":9}},"line":217},"29":{"name":"(anonymous_29)","decl":{"start":{"line":223,"column":54},"end":{"line":223,"column":55}},"loc":{"start":{"line":223,"column":64},"end":{"line":242,"column":5}},"line":223},"30":{"name":"(anonymous_30)","decl":{"start":{"line":231,"column":17},"end":{"line":231,"column":18}},"loc":{"start":{"line":231,"column":31},"end":{"line":241,"column":9}},"line":231},"31":{"name":"(anonymous_31)","decl":{"start":{"line":244,"column":30},"end":{"line":244,"column":31}},"loc":{"start":{"line":244,"column":36},"end":{"line":453,"column":1}},"line":244},"32":{"name":"(anonymous_32)","decl":{"start":{"line":245,"column":38},"end":{"line":245,"column":39}},"loc":{"start":{"line":245,"column":48},"end":{"line":261,"column":5}},"line":245},"33":{"name":"(anonymous_33)","decl":{"start":{"line":251,"column":17},"end":{"line":251,"column":18}},"loc":{"start":{"line":251,"column":31},"end":{"line":260,"column":9}},"line":251},"34":{"name":"(anonymous_34)","decl":{"start":{"line":262,"column":57},"end":{"line":262,"column":58}},"loc":{"start":{"line":262,"column":67},"end":{"line":281,"column":5}},"line":262},"35":{"name":"(anonymous_35)","decl":{"start":{"line":271,"column":17},"end":{"line":271,"column":18}},"loc":{"start":{"line":271,"column":31},"end":{"line":280,"column":9}},"line":271},"36":{"name":"(anonymous_36)","decl":{"start":{"line":282,"column":59},"end":{"line":282,"column":60}},"loc":{"start":{"line":282,"column":69},"end":{"line":301,"column":5}},"line":282},"37":{"name":"(anonymous_37)","decl":{"start":{"line":291,"column":17},"end":{"line":291,"column":18}},"loc":{"start":{"line":291,"column":31},"end":{"line":300,"column":9}},"line":291},"38":{"name":"(anonymous_38)","decl":{"start":{"line":302,"column":58},"end":{"line":302,"column":59}},"loc":{"start":{"line":302,"column":68},"end":{"line":321,"column":5}},"line":302},"39":{"name":"(anonymous_39)","decl":{"start":{"line":311,"column":17},"end":{"line":311,"column":18}},"loc":{"start":{"line":311,"column":31},"end":{"line":320,"column":9}},"line":311},"40":{"name":"(anonymous_40)","decl":{"start":{"line":322,"column":71},"end":{"line":322,"column":72}},"loc":{"start":{"line":322,"column":81},"end":{"line":340,"column":5}},"line":322},"41":{"name":"(anonymous_41)","decl":{"start":{"line":330,"column":17},"end":{"line":330,"column":18}},"loc":{"start":{"line":330,"column":31},"end":{"line":339,"column":9}},"line":330},"42":{"name":"(anonymous_42)","decl":{"start":{"line":341,"column":72},"end":{"line":341,"column":73}},"loc":{"start":{"line":341,"column":82},"end":{"line":359,"column":5}},"line":341},"43":{"name":"(anonymous_43)","decl":{"start":{"line":349,"column":17},"end":{"line":349,"column":18}},"loc":{"start":{"line":349,"column":31},"end":{"line":358,"column":9}},"line":349},"44":{"name":"(anonymous_44)","decl":{"start":{"line":360,"column":73},"end":{"line":360,"column":74}},"loc":{"start":{"line":360,"column":83},"end":{"line":378,"column":5}},"line":360},"45":{"name":"(anonymous_45)","decl":{"start":{"line":368,"column":17},"end":{"line":368,"column":18}},"loc":{"start":{"line":368,"column":31},"end":{"line":377,"column":9}},"line":368},"46":{"name":"(anonymous_46)","decl":{"start":{"line":379,"column":54},"end":{"line":379,"column":55}},"loc":{"start":{"line":379,"column":64},"end":{"line":394,"column":5}},"line":379},"47":{"name":"(anonymous_47)","decl":{"start":{"line":389,"column":17},"end":{"line":389,"column":18}},"loc":{"start":{"line":389,"column":31},"end":{"line":393,"column":9}},"line":389},"48":{"name":"(anonymous_48)","decl":{"start":{"line":395,"column":59},"end":{"line":395,"column":60}},"loc":{"start":{"line":395,"column":69},"end":{"line":415,"column":5}},"line":395},"49":{"name":"(anonymous_49)","decl":{"start":{"line":405,"column":17},"end":{"line":405,"column":18}},"loc":{"start":{"line":405,"column":31},"end":{"line":414,"column":9}},"line":405},"50":{"name":"(anonymous_50)","decl":{"start":{"line":416,"column":58},"end":{"line":416,"column":59}},"loc":{"start":{"line":416,"column":68},"end":{"line":436,"column":5}},"line":416},"51":{"name":"(anonymous_51)","decl":{"start":{"line":426,"column":17},"end":{"line":426,"column":18}},"loc":{"start":{"line":426,"column":31},"end":{"line":435,"column":9}},"line":426},"52":{"name":"(anonymous_52)","decl":{"start":{"line":437,"column":40},"end":{"line":437,"column":41}},"loc":{"start":{"line":437,"column":50},"end":{"line":452,"column":5}},"line":437},"53":{"name":"(anonymous_53)","decl":{"start":{"line":447,"column":17},"end":{"line":447,"column":18}},"loc":{"start":{"line":447,"column":31},"end":{"line":451,"column":9}},"line":447},"54":{"name":"(anonymous_54)","decl":{"start":{"line":454,"column":28},"end":{"line":454,"column":29}},"loc":{"start":{"line":454,"column":34},"end":{"line":623,"column":1}},"line":454},"55":{"name":"(anonymous_55)","decl":{"start":{"line":455,"column":38},"end":{"line":455,"column":39}},"loc":{"start":{"line":455,"column":48},"end":{"line":471,"column":5}},"line":455},"56":{"name":"(anonymous_56)","decl":{"start":{"line":461,"column":17},"end":{"line":461,"column":18}},"loc":{"start":{"line":461,"column":31},"end":{"line":470,"column":9}},"line":461},"57":{"name":"(anonymous_57)","decl":{"start":{"line":472,"column":92},"end":{"line":472,"column":93}},"loc":{"start":{"line":472,"column":102},"end":{"line":490,"column":5}},"line":472},"58":{"name":"(anonymous_58)","decl":{"start":{"line":480,"column":17},"end":{"line":480,"column":18}},"loc":{"start":{"line":480,"column":31},"end":{"line":489,"column":9}},"line":480},"59":{"name":"(anonymous_59)","decl":{"start":{"line":491,"column":88},"end":{"line":491,"column":89}},"loc":{"start":{"line":491,"column":98},"end":{"line":509,"column":5}},"line":491},"60":{"name":"(anonymous_60)","decl":{"start":{"line":499,"column":17},"end":{"line":499,"column":18}},"loc":{"start":{"line":499,"column":31},"end":{"line":508,"column":9}},"line":499},"61":{"name":"(anonymous_61)","decl":{"start":{"line":510,"column":87},"end":{"line":510,"column":88}},"loc":{"start":{"line":510,"column":97},"end":{"line":528,"column":5}},"line":510},"62":{"name":"(anonymous_62)","decl":{"start":{"line":518,"column":17},"end":{"line":518,"column":18}},"loc":{"start":{"line":518,"column":31},"end":{"line":527,"column":9}},"line":518},"63":{"name":"(anonymous_63)","decl":{"start":{"line":529,"column":89},"end":{"line":529,"column":90}},"loc":{"start":{"line":529,"column":99},"end":{"line":547,"column":5}},"line":529},"64":{"name":"(anonymous_64)","decl":{"start":{"line":537,"column":17},"end":{"line":537,"column":18}},"loc":{"start":{"line":537,"column":31},"end":{"line":546,"column":9}},"line":537},"65":{"name":"(anonymous_65)","decl":{"start":{"line":548,"column":96},"end":{"line":548,"column":97}},"loc":{"start":{"line":548,"column":106},"end":{"line":566,"column":5}},"line":548},"66":{"name":"(anonymous_66)","decl":{"start":{"line":556,"column":17},"end":{"line":556,"column":18}},"loc":{"start":{"line":556,"column":31},"end":{"line":565,"column":9}},"line":556},"67":{"name":"(anonymous_67)","decl":{"start":{"line":567,"column":43},"end":{"line":567,"column":44}},"loc":{"start":{"line":567,"column":53},"end":{"line":584,"column":5}},"line":567},"68":{"name":"(anonymous_68)","decl":{"start":{"line":579,"column":17},"end":{"line":579,"column":18}},"loc":{"start":{"line":579,"column":31},"end":{"line":583,"column":9}},"line":579},"69":{"name":"(anonymous_69)","decl":{"start":{"line":585,"column":40},"end":{"line":585,"column":41}},"loc":{"start":{"line":585,"column":50},"end":{"line":602,"column":5}},"line":585},"70":{"name":"(anonymous_70)","decl":{"start":{"line":597,"column":17},"end":{"line":597,"column":18}},"loc":{"start":{"line":597,"column":31},"end":{"line":601,"column":9}},"line":597},"71":{"name":"(anonymous_71)","decl":{"start":{"line":603,"column":44},"end":{"line":603,"column":45}},"loc":{"start":{"line":603,"column":54},"end":{"line":622,"column":5}},"line":603},"72":{"name":"(anonymous_72)","decl":{"start":{"line":615,"column":17},"end":{"line":615,"column":18}},"loc":{"start":{"line":615,"column":31},"end":{"line":621,"column":9}},"line":615},"73":{"name":"(anonymous_73)","decl":{"start":{"line":624,"column":28},"end":{"line":624,"column":29}},"loc":{"start":{"line":624,"column":34},"end":{"line":673,"column":1}},"line":624},"74":{"name":"(anonymous_74)","decl":{"start":{"line":625,"column":47},"end":{"line":625,"column":48}},"loc":{"start":{"line":625,"column":57},"end":{"line":641,"column":5}},"line":625},"75":{"name":"(anonymous_75)","decl":{"start":{"line":631,"column":17},"end":{"line":631,"column":18}},"loc":{"start":{"line":631,"column":31},"end":{"line":640,"column":9}},"line":631},"76":{"name":"(anonymous_76)","decl":{"start":{"line":642,"column":43},"end":{"line":642,"column":44}},"loc":{"start":{"line":642,"column":53},"end":{"line":655,"column":5}},"line":642},"77":{"name":"(anonymous_77)","decl":{"start":{"line":650,"column":17},"end":{"line":650,"column":18}},"loc":{"start":{"line":650,"column":31},"end":{"line":654,"column":9}},"line":650},"78":{"name":"(anonymous_78)","decl":{"start":{"line":656,"column":32},"end":{"line":656,"column":33}},"loc":{"start":{"line":656,"column":42},"end":{"line":672,"column":5}},"line":656},"79":{"name":"(anonymous_79)","decl":{"start":{"line":664,"column":17},"end":{"line":664,"column":18}},"loc":{"start":{"line":664,"column":31},"end":{"line":671,"column":9}},"line":664}},"branchMap":{"0":{"loc":{"start":{"line":2,"column":22},"end":{"line":4,"column":1}},"type":"binary-expr","locations":[{"start":{"line":2,"column":23},"end":{"line":2,"column":27}},{"start":{"line":2,"column":31},"end":{"line":2,"column":51}},{"start":{"line":2,"column":56},"end":{"line":4,"column":1}}],"line":2},"1":{"loc":{"start":{"line":3,"column":11},"end":{"line":3,"column":61}},"type":"cond-expr","locations":[{"start":{"line":3,"column":37},"end":{"line":3,"column":40}},{"start":{"line":3,"column":43},"end":{"line":3,"column":61}}],"line":3},"2":{"loc":{"start":{"line":3,"column":12},"end":{"line":3,"column":33}},"type":"binary-expr","locations":[{"start":{"line":3,"column":12},"end":{"line":3,"column":15}},{"start":{"line":3,"column":19},"end":{"line":3,"column":33}}],"line":3}},"s":{"0":1,"1":3,"2":1,"3":1,"4":1,"5":1,"6":1,"7":1,"8":1,"9":1,"10":1,"11":1,"12":1,"13":1,"14":0,"15":1,"16":1,"17":1,"18":1,"19":1,"20":0,"21":1,"22":1,"23":1,"24":1,"25":1,"26":1,"27":1,"28":1,"29":1,"30":1,"31":1,"32":1,"33":1,"34":1,"35":1,"36":1,"37":1,"38":1,"39":1,"40":1,"41":1,"42":1,"43":1,"44":1,"45":0,"46":1,"47":1,"48":1,"49":1,"50":1,"51":1,"52":1,"53":1,"54":1,"55":1,"56":0,"57":0,"58":0,"59":1,"60":1,"61":1,"62":0,"63":0,"64":0,"65":1,"66":1,"67":1,"68":1,"69":1,"70":1,"71":1,"72":1,"73":1,"74":1,"75":1,"76":1,"77":1,"78":1,"79":1,"80":1,"81":1,"82":1,"83":1,"84":1,"85":1,"86":1,"87":1,"88":1,"89":1,"90":1,"91":1,"92":1,"93":1,"94":1,"95":1,"96":1,"97":1,"98":1,"99":1,"100":1,"101":1,"102":1,"103":1,"104":1,"105":1,"106":1,"107":1,"108":1,"109":1,"110":1,"111":1,"112":1,"113":1,"114":1,"115":1,"116":1,"117":1,"118":1,"119":1,"120":1,"121":1,"122":1,"123":1,"124":1,"125":1,"126":1,"127":1,"128":1,"129":1,"130":1,"131":1,"132":1,"133":1,"134":1,"135":1,"136":1,"137":1,"138":1,"139":1,"140":1,"141":1,"142":1,"143":1,"144":1,"145":1,"146":1,"147":1,"148":1,"149":1,"150":1,"151":1,"152":1,"153":1,"154":1,"155":1,"156":1,"157":1,"158":1,"159":1,"160":1,"161":1,"162":1,"163":1,"164":1,"165":1,"166":1,"167":1,"168":1,"169":1,"170":1,"171":1,"172":1,"173":1,"174":1,"175":1,"176":1,"177":1,"178":1,"179":1,"180":1,"181":1,"182":1,"183":1,"184":1,"185":1,"186":1,"187":1,"188":1,"189":1,"190":1,"191":1,"192":1,"193":1,"194":1,"195":1,"196":1,"197":1,"198":1,"199":1,"200":1,"201":1,"202":1,"203":1,"204":1,"205":1,"206":1,"207":1,"208":1,"209":1,"210":1,"211":1,"212":1,"213":1,"214":1,"215":1,"216":1,"217":1,"218":1,"219":1,"220":1,"221":1,"222":1,"223":1,"224":1,"225":1,"226":1,"227":1,"228":1,"229":1,"230":1,"231":1},"f":{"0":3,"1":1,"2":1,"3":1,"4":1,"5":1,"6":1,"7":1,"8":1,"9":1,"10":1,"11":1,"12":1,"13":1,"14":1,"15":1,"16":1,"17":1,"18":1,"19":0,"20":1,"21":0,"22":1,"23":1,"24":1,"25":1,"26":1,"27":1,"28":1,"29":1,"30":1,"31":1,"32":1,"33":1,"34":1,"35":1,"36":1,"37":1,"38":1,"39":1,"40":1,"41":1,"42":1,"43":1,"44":1,"45":1,"46":1,"47":1,"48":1,"49":1,"50":1,"51":1,"52":1,"53":1,"54":1,"55":1,"56":1,"57":1,"58":1,"59":1,"60":1,"61":1,"62":1,"63":1,"64":1,"65":1,"66":1,"67":1,"68":1,"69":1,"70":1,"71":1,"72":1,"73":1,"74":1,"75":1,"76":1,"77":1,"78":1,"79":1},"b":{"0":[1,1,1],"1":[1,2],"2":[3,3]},"inputSourceMap":{"version":3,"file":"F:/max/Documents/School/Spring2021/4352/4352-spring-project/Back/src/unit-tests/tests.spec.ts","sources":["F:/max/Documents/School/Spring2021/4352/4352-spring-project/Back/src/unit-tests/tests.spec.ts"],"names":[],"mappings":";;;;;AAAA,gDAAwB;AACxB,0DAAiC;AACjC,iDAA4B;AAG5B,cAAI,CAAC,GAAG,CAAC,mBAAQ,CAAC,CAAC;AACnB,MAAM,MAAM,GAAG,cAAI,CAAC,MAAM,CAAC;AAE3B,+BAA+B;AAE/B,QAAQ,CAAC,YAAY,EAAE,GAAG,EAAE;IAC1B,EAAE,CAAC,oCAAoC,EAAE,CAAC,IAAI,EAAE,EAAE;QAChD,MAAM,IAAI,GAAG;YACX,QAAQ,EAAE,OAAO;YACjB,QAAQ,EAAE,OAAO;SAClB,CAAC;QACF,cAAI;aACD,OAAO,CAAC,aAAM,CAAC;aACf,IAAI,CAAC,QAAQ,CAAC;aACd,IAAI,CAAC,IAAI,CAAC;aACV,GAAG,CAAC,CAAC,GAAG,EAAE,GAAG,EAAE,EAAE;YAChB,MAAM,CAAC,GAAG,CAAC,CAAC,IAAI,CAAC,MAAM,CAAC,GAAG,CAAC,CAAC;YAC7B,MAAM,CAAC,GAAG,CAAC,IAAI,CAAC,CAAC,EAAE,CAAC,GAAG,CAAC,EAAE,OAAO,EAAE,YAAY,EAAE,CAAC,CAAC;YACnD,IAAI,EAAE,CAAC;QACT,CAAC,CAAC,CAAC;IACP,CAAC,CAAC,CAAC;IAEH,EAAE,CAAC,wCAAwC,EAAE,CAAC,IAAI,EAAE,EAAE;QACpD,MAAM,IAAI,GAAG;YACX,QAAQ,EAAE,YAAY;YACtB,QAAQ,EAAE,YAAY;SACvB,CAAC;QACF,cAAI;aACD,OAAO,CAAC,aAAM,CAAC;aACf,IAAI,CAAC,QAAQ,CAAC;aACd,IAAI,CAAC,IAAI,CAAC;aACV,GAAG,CAAC,CAAC,GAAG,EAAE,GAAG,EAAE,EAAE;YAChB,MAAM,CAAC,GAAG,CAAC,CAAC,IAAI,CAAC,MAAM,CAAC,GAAG,CAAC,CAAC;YAC7B,MAAM,CAAC,GAAG,CAAC,IAAI,CAAC,CAAC,EAAE,CAAC,GAAG,CAAC,EAAE,OAAO,EAAE,oBAAoB,EAAE,CAAC,CAAC;YAC3D,IAAI,EAAE,CAAC;QACT,CAAC,CAAC,CAAC;IACP,CAAC,CAAC,CAAC;IAEH,EAAE,CAAC,qCAAqC,EAAE,CAAC,IAAI,EAAE,EAAE;QACjD,MAAM,IAAI,GAAG;YACX,QAAQ,EAAE,OAAO;YACjB,QAAQ,EAAE,QAAQ;SACnB,CAAC;QACF,cAAI;aACD,OAAO,CAAC,aAAM,CAAC;aACf,IAAI,CAAC,QAAQ,CAAC;aACd,IAAI,CAAC,IAAI,CAAC;aACV,GAAG,CAAC,CAAC,GAAG,EAAE,GAAG,EAAE,EAAE;YAChB,MAAM,CAAC,GAAG,CAAC,CAAC,IAAI,CAAC,MAAM,CAAC,GAAG,CAAC,CAAC;YAC7B,MAAM,CAAC,GAAG,CAAC,IAAI,CAAC,CAAC,EAAE,CAAC,GAAG,CAAC;gBACtB,KAAK,EACH,kFAAkF;aACrF,CAAC,CAAC;YACH,IAAI,EAAE,CAAC;QACT,CAAC,CAAC,CAAC;IACP,CAAC,CAAC,CAAC;IAEH,EAAE,CAAC,wCAAwC,EAAE,CAAC,IAAI,EAAE,EAAE;QACpD,MAAM,IAAI,GAAG;YACX,QAAQ,EAAE,WAAW;YACrB,QAAQ,EAAE,OAAO;SAClB,CAAC;QACF,cAAI;aACD,OAAO,CAAC,aAAM,CAAC;aACf,IAAI,CAAC,QAAQ,CAAC;aACd,IAAI,CAAC,IAAI,CAAC;aACV,GAAG,CAAC,CAAC,GAAG,EAAE,GAAG,EAAE,EAAE;YAChB,MAAM,CAAC,GAAG,CAAC,CAAC,IAAI,CAAC,MAAM,CAAC,GAAG,CAAC,CAAC;YAC7B,MAAM,CAAC,GAAG,CAAC,IAAI,CAAC,CAAC,EAAE,CAAC,GAAG,CAAC;gBACtB,KAAK,EACH,kFAAkF;aACrF,CAAC,CAAC;YACH,IAAI,EAAE,CAAC;QACT,CAAC,CAAC,CAAC;IACP,CAAC,CAAC,CAAC;IAEH,EAAE,CAAC,+CAA+C,EAAE,CAAC,IAAI,EAAE,EAAE;QAC3D,MAAM,IAAI,GAAG;YACX,QAAQ,EAAE,EAAE;YACZ,QAAQ,EAAE,EAAE;SACb,CAAC;QACF,cAAI;aACD,OAAO,CAAC,aAAM,CAAC;aACf,IAAI,CAAC,QAAQ,CAAC;aACd,IAAI,CAAC,IAAI,CAAC;aACV,GAAG,CAAC,CAAC,GAAG,EAAE,GAAG,EAAE,EAAE;YAChB,MAAM,CAAC,GAAG,CAAC,CAAC,IAAI,CAAC,MAAM,CAAC,GAAG,CAAC,CAAC;YAC7B,MAAM,CAAC,GAAG,CAAC,IAAI,CAAC,CAAC,EAAE,CAAC,GAAG,CAAC;gBACtB,KAAK,EAAE;oBACL,OAAO,EAAE,2BAA2B;oBACpC,MAAM,EAAE,GAAG;iBACZ;aACF,CAAC,CAAC;YACH,IAAI,EAAE,CAAC;QACT,CAAC,CAAC,CAAC;IACP,CAAC,CAAC,CAAC;AACL,CAAC,CAAC,CAAC;AAEH,QAAQ,CAAC,mBAAmB,EAAE,GAAG,EAAE;IACjC,EAAE,CAAC,4CAA4C,EAAE,CAAC,IAAI,EAAE,EAAE;QACxD,MAAM,IAAI,GAAG;YACX,QAAQ,EAAE,WAAW;YACrB,QAAQ,EAAE,SAAS;SACpB,CAAC;QACF,cAAI;aACD,OAAO,CAAC,aAAM,CAAC;aACf,IAAI,CAAC,WAAW,CAAC;aACjB,IAAI,CAAC,IAAI,CAAC;aACV,GAAG,CAAC,CAAC,GAAG,EAAE,GAAG,EAAE,EAAE;YAChB,MAAM,CAAC,GAAG,CAAC,CAAC,IAAI,CAAC,MAAM,CAAC,GAAG,CAAC,CAAC;YAC7B,MAAM,CAAC,GAAG,CAAC,IAAI,CAAC,CAAC,EAAE,CAAC,GAAG,CAAC,EAAE,KAAK,EAAE,yBAAyB,EAAE,CAAC,CAAC;YAC9D,IAAI,EAAE,CAAC;QACT,CAAC,CAAC,CAAC;IACP,CAAC,CAAC,CAAC;IACH,EAAE,CAAC,8CAA8C,EAAE,CAAC,IAAI,EAAE,EAAE;QAC1D,MAAM,IAAI,GAAG;YACX,QAAQ,EAAE,UAAU;YACpB,QAAQ,EAAE,SAAS;SACpB,CAAC;QACF,cAAI;aACD,OAAO,CAAC,aAAM,CAAC;aACf,IAAI,CAAC,WAAW,CAAC;aACjB,IAAI,CAAC,IAAI,CAAC;aACV,GAAG,CAAC,CAAC,GAAG,EAAE,GAAG,EAAE,EAAE;YAChB,MAAM,CAAC,GAAG,CAAC,CAAC,IAAI,CAAC,MAAM,CAAC,GAAG,CAAC,CAAC;YAC7B,MAAM,CAAC,GAAG,CAAC,IAAI,CAAC,CAAC,EAAE,CAAC,GAAG,CAAC,EAAE,OAAO,EAAE,iBAAiB,EAAE,CAAC,CAAC;YACxD,IAAI,EAAE,CAAC;QACT,CAAC,CAAC,CAAC;IACP,CAAC,CAAC,CAAC;AACL,CAAC,CAAC,CAAC;AAEH,QAAQ,CAAC,qBAAqB,EAAE,GAAG,EAAE;IACnC,EAAE,CAAC,kEAAkE,EAAE,CAAC,IAAI,EAAE,EAAE;QAC9E,MAAM,IAAI,GAAG;YACX,QAAQ,EAAE,WAAW;YACrB,QAAQ,EAAE,aAAa;YACvB,IAAI,EAAE,oBAAoB;YAC1B,IAAI,EAAE,SAAS;YACf,IAAI,EAAE,SAAS;YACf,KAAK,EAAE,IAAI;YACX,OAAO,EAAE,KAAK;SACf,CAAC;QACF,cAAI;aACD,OAAO,CAAC,aAAM,CAAC;aACf,IAAI,CAAC,gBAAgB,CAAC;aACtB,IAAI,CAAC,IAAI,CAAC;aACV,GAAG,CAAC,CAAC,GAAG,EAAE,GAAG,EAAE,EAAE;YAChB,MAAM,CAAC,GAAG,CAAC,CAAC,IAAI,CAAC,MAAM,CAAC,GAAG,CAAC,CAAC;YAC7B,MAAM,CAAC,GAAG,CAAC,IAAI,CAAC,CAAC,EAAE,CAAC,GAAG,CAAC,EAAE,OAAO,EAAE,qBAAqB,EAAE,CAAC,CAAC;YAC5D,IAAI,EAAE,CAAC;QACT,CAAC,CAAC,CAAC;IACP,CAAC,CAAC,CAAC;IACH,EAAE,CAAC,mEAAmE,EAAE,CAAC,IAAI,EAAE,EAAE;QAC/E,MAAM,IAAI,GAAG;YACX,QAAQ,EAAE,YAAY;YACtB,QAAQ,EAAE,aAAa;YACvB,IAAI,EAAE,oBAAoB;YAC1B,IAAI,EAAE,SAAS;YACf,IAAI,EAAE,SAAS;YACf,KAAK,EAAE,IAAI;YACX,OAAO,EAAE,KAAK;SACf,CAAC;QACF,cAAI;aACD,OAAO,CAAC,aAAM,CAAC;aACf,IAAI,CAAC,gBAAgB,CAAC;aACtB,IAAI,CAAC,IAAI,CAAC;aACV,GAAG,CAAC,CAAC,GAAG,EAAE,GAAG,EAAE,EAAE;YAChB,MAAM,CAAC,GAAG,CAAC,CAAC,IAAI,CAAC,MAAM,CAAC,GAAG,CAAC,CAAC;YAC7B,MAAM,CAAC,GAAG,CAAC,IAAI,CAAC,CAAC,EAAE,CAAC,GAAG,CAAC,EAAE,KAAK,EAAE,uBAAuB,EAAE,CAAC,CAAC;YAC5D,IAAI,EAAE,CAAC;QACT,CAAC,CAAC,CAAC;IACP,CAAC,CAAC,CAAC;AACL,CAAC,CAAC,CAAC;AAEH,QAAQ,CAAC,eAAe,EAAE,GAAG,EAAE;IAC7B,EAAE,CAAC,sCAAsC,EAAE,CAAC,IAAI,EAAE,EAAE;QAClD,MAAM,IAAI,GAAG,EAAE,CAAC;QAChB,cAAI;aACD,OAAO,CAAC,aAAM,CAAC;aACf,IAAI,CAAC,YAAY,CAAC;aAClB,IAAI,CAAC,IAAI,CAAC;aACV,GAAG,CAAC,CAAC,GAAG,EAAE,GAAG,EAAE,EAAE;YAChB,MAAM,CAAC,GAAG,CAAC,CAAC,IAAI,CAAC,MAAM,CAAC,GAAG,CAAC,CAAC;YAC7B,MAAM,CAAC,GAAG,CAAC,IAAI,CAAC,CAAC,EAAE,CAAC,GAAG,CAAC;gBACtB,KAAK,EAAE;oBACL,OAAO,EAAE,yBAAyB;oBAClC,MAAM,EAAE,GAAG;iBACZ;aACF,CAAC,CAAC;YACH,IAAI,EAAE,CAAC;QACT,CAAC,CAAC,CAAC;IACP,CAAC,CAAC,CAAC;IAEH,EAAE,CAAC,8BAA8B,EAAE,CAAC,IAAI,EAAE,EAAE;QAC1C,MAAM,IAAI,GAAG;YACX,QAAQ,EAAE,EAAE;SACb,CAAC;QACF,cAAI;aACD,OAAO,CAAC,aAAM,CAAC;aACf,IAAI,CAAC,YAAY,CAAC;aAClB,IAAI,CAAC,IAAI,CAAC;aACV,GAAG,CAAC,CAAC,GAAG,EAAE,GAAG,EAAE,EAAE;YAChB,MAAM,CAAC,GAAG,CAAC,CAAC,IAAI,CAAC,MAAM,CAAC,GAAG,CAAC,CAAC;YAC7B,MAAM,CAAC,GAAG,CAAC,IAAI,CAAC,CAAC,EAAE,CAAC,GAAG,CAAC;gBACtB,KAAK,EAAE;oBACL,OAAO,EAAE,yBAAyB;oBAClC,MAAM,EAAE,GAAG;iBACZ;aACF,CAAC,CAAC;YACH,IAAI,EAAE,CAAC;QACT,CAAC,CAAC,CAAC;IACP,CAAC,CAAC,CAAC;IAEH,EAAE,CAAC,yCAAyC,EAAE,CAAC,IAAI,EAAE,EAAE;QACrD,MAAM,IAAI,GAAG;YACX,QAAQ,EAAE,iBAAiB;SAC5B,CAAC;QACF,cAAI;aACD,OAAO,CAAC,aAAM,CAAC;aACf,IAAI,CAAC,YAAY,CAAC;aAClB,IAAI,CAAC,IAAI,CAAC;aACV,GAAG,CAAC,CAAC,GAAG,EAAE,GAAG,EAAE,EAAE;YAChB,MAAM,CAAC,GAAG,CAAC,CAAC,IAAI,CAAC,MAAM,CAAC,GAAG,CAAC,CAAC;YAC7B,MAAM,CAAC,GAAG,CAAC,IAAI,CAAC,CAAC,EAAE,CAAC,GAAG,CAAC,EAAE,KAAK,EAAE,kCAAkC,EAAE,CAAC,CAAC;YACvE,IAAI,EAAE,CAAC;QACT,CAAC,CAAC,CAAC;IACP,CAAC,CAAC,CAAC;IAEH,EAAE,CAAC,6CAA6C,EAAE,CAAC,IAAI,EAAE,EAAE;QACzD,MAAM,IAAI,GAAG;YACX,QAAQ,EAAE,YAAY;SACvB,CAAC;QACF,cAAI;aACD,OAAO,CAAC,aAAM,CAAC;aACf,IAAI,CAAC,YAAY,CAAC;aAClB,IAAI,CAAC,IAAI,CAAC;aACV,GAAG,CAAC,CAAC,GAAG,EAAE,GAAG,EAAE,EAAE;YAChB,MAAM,CAAC,GAAG,CAAC,CAAC,IAAI,CAAC,MAAM,CAAC,GAAG,CAAC,CAAC;YAC7B,MAAM,CAAC,GAAG,CAAC,IAAI,CAAC,CAAC,EAAE,CAAC,GAAG,CAAC;gBACtB,KAAK,EAAE,oBAAoB;gBAC3B,KAAK,EAAE,sBAAsB;gBAC7B,IAAI,EAAE,YAAY;gBAClB,KAAK,EAAE,aAAa;gBACpB,OAAO,EAAE,CAAC;aACX,CAAC,CAAC;YACH,IAAI,EAAE,CAAC;QACT,CAAC,CAAC,CAAC;IACP,CAAC,CAAC,CAAC;AACL,CAAC,CAAC,CAAC;AAEH,QAAQ,CAAC,mBAAmB,EAAE,GAAG,EAAE;IACjC,EAAE,CAAC,6BAA6B,EAAE,CAAC,IAAI,EAAE,EAAE;QACzC,MAAM,IAAI,GAAG,EAAE,CAAC;QAChB,cAAI;aACD,OAAO,CAAC,aAAM,CAAC;aACf,IAAI,CAAC,UAAU,CAAC;aAChB,IAAI,CAAC,IAAI,CAAC;aACV,GAAG,CAAC,CAAC,GAAG,EAAE,GAAG,EAAE,EAAE;YAChB,MAAM,CAAC,GAAG,CAAC,CAAC,IAAI,CAAC,MAAM,CAAC,GAAG,CAAC,CAAC;YAC7B,MAAM,CAAC,GAAG,CAAC,IAAI,CAAC,CAAC,EAAE,CAAC,GAAG,CAAC;gBACtB,KAAK,EAAE;oBACL,OAAO,EAAE,uBAAuB;oBAChC,MAAM,EAAE,GAAG;iBACZ;aACF,CAAC,CAAC;YACH,IAAI,EAAE,CAAC;QACT,CAAC,CAAC,CAAC;IACP,CAAC,CAAC,CAAC;IAEH,EAAE,CAAC,gDAAgD,EAAE,CAAC,IAAI,EAAE,EAAE;QAC5D,MAAM,IAAI,GAAG;YACX,YAAY,EAAE,WAAW;YACzB,aAAa,EAAE,EAAE;SAClB,CAAC;QACF,cAAI;aACD,OAAO,CAAC,aAAM,CAAC;aACf,IAAI,CAAC,UAAU,CAAC;aAChB,IAAI,CAAC,IAAI,CAAC;aACV,GAAG,CAAC,CAAC,GAAG,EAAE,GAAG,EAAE,EAAE;YAChB,MAAM,CAAC,GAAG,CAAC,CAAC,IAAI,CAAC,MAAM,CAAC,GAAG,CAAC,CAAC;YAC7B,MAAM,CAAC,GAAG,CAAC,IAAI,CAAC,CAAC,EAAE,CAAC,GAAG,CAAC;gBACtB,KAAK,EAAE;oBACL,OAAO,EAAE,uBAAuB;oBAChC,MAAM,EAAE,GAAG;iBACZ;aACF,CAAC,CAAC;YACH,IAAI,EAAE,CAAC;QACT,CAAC,CAAC,CAAC;IACP,CAAC,CAAC,CAAC;IAEH,EAAE,CAAC,kDAAkD,EAAE,CAAC,IAAI,EAAE,EAAE;QAC9D,MAAM,IAAI,GAAG;YACX,YAAY,EAAE,WAAW;YACzB,WAAW,EAAE,KAAK;SACnB,CAAC;QACF,cAAI;aACD,OAAO,CAAC,aAAM,CAAC;aACf,IAAI,CAAC,UAAU,CAAC;aAChB,IAAI,CAAC,IAAI,CAAC;aACV,GAAG,CAAC,CAAC,GAAG,EAAE,GAAG,EAAE,EAAE;YAChB,MAAM,CAAC,GAAG,CAAC,CAAC,IAAI,CAAC,MAAM,CAAC,GAAG,CAAC,CAAC;YAC7B,MAAM,CAAC,GAAG,CAAC,IAAI,CAAC,CAAC,EAAE,CAAC,GAAG,CAAC;gBACtB,KAAK,EAAE;oBACL,OAAO,EAAE,uBAAuB;oBAChC,MAAM,EAAE,GAAG;iBACZ;aACF,CAAC,CAAC;YACH,IAAI,EAAE,CAAC;QACT,CAAC,CAAC,CAAC;IACP,CAAC,CAAC,CAAC;IAEH,EAAE,CAAC,iDAAiD,EAAE,CAAC,IAAI,EAAE,EAAE;QAC7D,MAAM,IAAI,GAAG;YACX,aAAa,EAAE,EAAE;YACjB,WAAW,EAAE,CAAC;SACf,CAAC;QACF,cAAI;aACD,OAAO,CAAC,aAAM,CAAC;aACf,IAAI,CAAC,UAAU,CAAC;aAChB,IAAI,CAAC,IAAI,CAAC;aACV,GAAG,CAAC,CAAC,GAAG,EAAE,GAAG,EAAE,EAAE;YAChB,MAAM,CAAC,GAAG,CAAC,CAAC,IAAI,CAAC,MAAM,CAAC,GAAG,CAAC,CAAC;YAC7B,MAAM,CAAC,GAAG,CAAC,IAAI,CAAC,CAAC,EAAE,CAAC,GAAG,CAAC;gBACtB,KAAK,EAAE;oBACL,OAAO,EAAE,uBAAuB;oBAChC,MAAM,EAAE,GAAG;iBACZ;aACF,CAAC,CAAC;YACH,IAAI,EAAE,CAAC;QACT,CAAC,CAAC,CAAC;IACP,CAAC,CAAC,CAAC;IAEH,EAAE,CAAC,8DAA8D,EAAE,CAAC,IAAI,EAAE,EAAE;QAC1E,MAAM,IAAI,GAAG;YACX,aAAa,EAAE,EAAE;SAClB,CAAC;QACF,cAAI;aACD,OAAO,CAAC,aAAM,CAAC;aACf,IAAI,CAAC,UAAU,CAAC;aAChB,IAAI,CAAC,IAAI,CAAC;aACV,GAAG,CAAC,CAAC,GAAG,EAAE,GAAG,EAAE,EAAE;YAChB,MAAM,CAAC,GAAG,CAAC,CAAC,IAAI,CAAC,MAAM,CAAC,GAAG,CAAC,CAAC;YAC7B,MAAM,CAAC,GAAG,CAAC,IAAI,CAAC,CAAC,EAAE,CAAC,GAAG,CAAC;gBACtB,KAAK,EAAE;oBACL,OAAO,EAAE,uBAAuB;oBAChC,MAAM,EAAE,GAAG;iBACZ;aACF,CAAC,CAAC;YACH,IAAI,EAAE,CAAC;QACT,CAAC,CAAC,CAAC;IACP,CAAC,CAAC,CAAC;IAEH,EAAE,CAAC,+DAA+D,EAAE,CAAC,IAAI,EAAE,EAAE;QAC3E,MAAM,IAAI,GAAG;YACX,YAAY,EAAE,WAAW;SAC1B,CAAC;QACF,cAAI;aACD,OAAO,CAAC,aAAM,CAAC;aACf,IAAI,CAAC,UAAU,CAAC;aAChB,IAAI,CAAC,IAAI,CAAC;aACV,GAAG,CAAC,CAAC,GAAG,EAAE,GAAG,EAAE,EAAE;YAChB,MAAM,CAAC,GAAG,CAAC,CAAC,IAAI,CAAC,MAAM,CAAC,GAAG,CAAC,CAAC;YAC7B,MAAM,CAAC,GAAG,CAAC,IAAI,CAAC,CAAC,EAAE,CAAC,GAAG,CAAC;gBACtB,KAAK,EAAE;oBACL,OAAO,EAAE,uBAAuB;oBAChC,MAAM,EAAE,GAAG;iBACZ;aACF,CAAC,CAAC;YACH,IAAI,EAAE,CAAC;QACT,CAAC,CAAC,CAAC;IACP,CAAC,CAAC,CAAC;IAEH,EAAE,CAAC,gEAAgE,EAAE,CAAC,IAAI,EAAE,EAAE;QAC5E,MAAM,IAAI,GAAG;YACX,WAAW,EAAE,CAAC;SACf,CAAC;QACF,cAAI;aACD,OAAO,CAAC,aAAM,CAAC;aACf,IAAI,CAAC,UAAU,CAAC;aAChB,IAAI,CAAC,IAAI,CAAC;aACV,GAAG,CAAC,CAAC,GAAG,EAAE,GAAG,EAAE,EAAE;YAChB,MAAM,CAAC,GAAG,CAAC,CAAC,IAAI,CAAC,MAAM,CAAC,GAAG,CAAC,CAAC;YAC7B,MAAM,CAAC,GAAG,CAAC,IAAI,CAAC,CAAC,EAAE,CAAC,GAAG,CAAC;gBACtB,KAAK,EAAE;oBACL,OAAO,EAAE,uBAAuB;oBAChC,MAAM,EAAE,GAAG;iBACZ;aACF,CAAC,CAAC;YACH,IAAI,EAAE,CAAC;QACT,CAAC,CAAC,CAAC;IACP,CAAC,CAAC,CAAC;IAEH,EAAE,CAAC,6CAA6C,EAAE,CAAC,IAAI,EAAE,EAAE;QACzD,MAAM,IAAI,GAAG;YACX,YAAY,EAAE,YAAY;YAC1B,aAAa,EAAE,EAAE;YACjB,WAAW,EAAE,EAAE;SAChB,CAAC;QACF,cAAI;aACD,OAAO,CAAC,aAAM,CAAC;aACf,IAAI,CAAC,UAAU,CAAC;aAChB,IAAI,CAAC,IAAI,CAAC;aACV,GAAG,CAAC,CAAC,GAAG,EAAE,GAAG,EAAE,EAAE;YAChB,MAAM,CAAC,GAAG,CAAC,CAAC,IAAI,CAAC,MAAM,CAAC,GAAG,CAAC,CAAC;YAC7B,MAAM,CAAC,GAAG,CAAC,IAAI,CAAC,CAAC,EAAE,CAAC,GAAG,CAAC,EAAE,KAAK,EAAE,2BAA2B,EAAE,CAAC,CAAC;YAChE,IAAI,EAAE,CAAC;QACT,CAAC,CAAC,CAAC;IACP,CAAC,CAAC,CAAC;IAEH,EAAE,CAAC,kDAAkD,EAAE,CAAC,IAAI,EAAE,EAAE;QAC9D,MAAM,IAAI,GAAG;YACX,YAAY,EAAE,YAAY;YAC1B,aAAa,EAAE,GAAG;YAClB,WAAW,EAAE,EAAE;SAChB,CAAC;QACF,cAAI;aACD,OAAO,CAAC,aAAM,CAAC;aACf,IAAI,CAAC,UAAU,CAAC;aAChB,IAAI,CAAC,IAAI,CAAC;aACV,GAAG,CAAC,CAAC,GAAG,EAAE,GAAG,EAAE,EAAE;YAChB,MAAM,CAAC,GAAG,CAAC,CAAC,IAAI,CAAC,MAAM,CAAC,GAAG,CAAC,CAAC;YAC7B,MAAM,CAAC,GAAG,CAAC,IAAI,CAAC,CAAC,EAAE,CAAC,GAAG,CAAC;gBACtB,KAAK,EAAE;oBACL,OAAO,EAAE,uBAAuB;oBAChC,MAAM,EAAE,GAAG;iBACZ;aACF,CAAC,CAAC;YACH,IAAI,EAAE,CAAC;QACT,CAAC,CAAC,CAAC;IACP,CAAC,CAAC,CAAC;IAEH,EAAE,CAAC,iDAAiD,EAAE,CAAC,IAAI,EAAE,EAAE;QAC7D,MAAM,IAAI,GAAG;YACX,YAAY,EAAE,YAAY;YAC1B,aAAa,EAAE,EAAE;YACjB,WAAW,EAAE,GAAG;SACjB,CAAC;QACF,cAAI;aACD,OAAO,CAAC,aAAM,CAAC;aACf,IAAI,CAAC,UAAU,CAAC;aAChB,IAAI,CAAC,IAAI,CAAC;aACV,GAAG,CAAC,CAAC,GAAG,EAAE,GAAG,EAAE,EAAE;YAChB,MAAM,CAAC,GAAG,CAAC,CAAC,IAAI,CAAC,MAAM,CAAC,GAAG,CAAC,CAAC;YAC7B,MAAM,CAAC,GAAG,CAAC,IAAI,CAAC,CAAC,EAAE,CAAC,GAAG,CAAC;gBACtB,KAAK,EAAE;oBACL,OAAO,EAAE,uBAAuB;oBAChC,MAAM,EAAE,GAAG;iBACZ;aACF,CAAC,CAAC;YACH,IAAI,EAAE,CAAC;QACT,CAAC,CAAC,CAAC;IACP,CAAC,CAAC,CAAC;IAEH,EAAE,CAAC,+BAA+B,EAAE,CAAC,IAAI,EAAE,EAAE;QAC3C,MAAM,IAAI,GAAG;YACX,YAAY,EAAE,YAAY;YAC1B,aAAa,EAAE,EAAE;YACjB,WAAW,EAAE,EAAE;SAChB,CAAC;QACF,cAAI;aACD,OAAO,CAAC,aAAM,CAAC;aACf,IAAI,CAAC,UAAU,CAAC;aAChB,IAAI,CAAC,IAAI,CAAC;aACV,GAAG,CAAC,CAAC,GAAG,EAAE,GAAG,EAAE,EAAE;YAChB,MAAM,CAAC,GAAG,CAAC,CAAC,IAAI,CAAC,MAAM,CAAC,GAAG,CAAC,CAAC;YAC7B,MAAM,CAAC,GAAG,CAAC,IAAI,CAAC,CAAC,EAAE,CAAC,GAAG,CAAC,EAAE,IAAI,EAAE,GAAG,EAAE,CAAC,CAAC;YACvC,IAAI,EAAE,CAAC;QACT,CAAC,CAAC,CAAC;IACP,CAAC,CAAC,CAAC;AACL,CAAC,CAAC,CAAC;AAEH,QAAQ,CAAC,iBAAiB,EAAE,GAAG,EAAE;IAC/B,EAAE,CAAC,6BAA6B,EAAE,CAAC,IAAI,EAAE,EAAE;QACzC,MAAM,IAAI,GAAG,EAAE,CAAC;QAChB,cAAI;aACD,OAAO,CAAC,aAAM,CAAC;aACf,IAAI,CAAC,SAAS,CAAC;aACf,IAAI,CAAC,IAAI,CAAC;aACV,GAAG,CAAC,CAAC,GAAG,EAAE,GAAG,EAAE,EAAE;YAChB,MAAM,CAAC,GAAG,CAAC,CAAC,IAAI,CAAC,MAAM,CAAC,GAAG,CAAC,CAAC;YAC7B,MAAM,CAAC,GAAG,CAAC,IAAI,CAAC,CAAC,EAAE,CAAC,GAAG,CAAC;gBACtB,KAAK,EAAE;oBACL,OAAO,EAAE,uBAAuB;oBAChC,MAAM,EAAE,GAAG;iBACZ;aACF,CAAC,CAAC;YACH,IAAI,EAAE,CAAC;QACT,CAAC,CAAC,CAAC;IACP,CAAC,CAAC,CAAC;IAEH,EAAE,CAAC,mFAAmF,EAAE,CAAC,IAAI,EAAE,EAAE;QAC/F,MAAM,IAAI,GAAG;YACX,QAAQ,EAAE,KAAK;SAChB,CAAC;QACF,cAAI;aACD,OAAO,CAAC,aAAM,CAAC;aACf,IAAI,CAAC,SAAS,CAAC;aACf,IAAI,CAAC,IAAI,CAAC;aACV,GAAG,CAAC,CAAC,GAAG,EAAE,GAAG,EAAE,EAAE;YAChB,MAAM,CAAC,GAAG,CAAC,CAAC,IAAI,CAAC,MAAM,CAAC,GAAG,CAAC,CAAC;YAC7B,MAAM,CAAC,GAAG,CAAC,IAAI,CAAC,CAAC,EAAE,CAAC,GAAG,CAAC;gBACtB,KAAK,EAAE;oBACL,OAAO,EAAE,uBAAuB;oBAChC,MAAM,EAAE,GAAG;iBACZ;aACF,CAAC,CAAC;YACH,IAAI,EAAE,CAAC;QACT,CAAC,CAAC,CAAC;IACP,CAAC,CAAC,CAAC;IACH,EAAE,CAAC,+EAA+E,EAAE,CAAC,IAAI,EAAE,EAAE;QAC3F,MAAM,IAAI,GAAG;YACX,YAAY,EAAE,KAAK;SACpB,CAAC;QACF,cAAI;aACD,OAAO,CAAC,aAAM,CAAC;aACf,IAAI,CAAC,SAAS,CAAC;aACf,IAAI,CAAC,IAAI,CAAC;aACV,GAAG,CAAC,CAAC,GAAG,EAAE,GAAG,EAAE,EAAE;YAChB,MAAM,CAAC,GAAG,CAAC,CAAC,IAAI,CAAC,MAAM,CAAC,GAAG,CAAC,CAAC;YAC7B,MAAM,CAAC,GAAG,CAAC,IAAI,CAAC,CAAC,EAAE,CAAC,GAAG,CAAC;gBACtB,KAAK,EAAE;oBACL,OAAO,EAAE,uBAAuB;oBAChC,MAAM,EAAE,GAAG;iBACZ;aACF,CAAC,CAAC;YACH,IAAI,EAAE,CAAC;QACT,CAAC,CAAC,CAAC;IACP,CAAC,CAAC,CAAC;IACH,EAAE,CAAC,8EAA8E,EAAE,CAAC,IAAI,EAAE,EAAE;QAC1F,MAAM,IAAI,GAAG;YACX,aAAa,EAAE,CAAC;SACjB,CAAC;QACF,cAAI;aACD,OAAO,CAAC,aAAM,CAAC;aACf,IAAI,CAAC,SAAS,CAAC;aACf,IAAI,CAAC,IAAI,CAAC;aACV,GAAG,CAAC,CAAC,GAAG,EAAE,GAAG,EAAE,EAAE;YAChB,MAAM,CAAC,GAAG,CAAC,CAAC,IAAI,CAAC,MAAM,CAAC,GAAG,CAAC,CAAC;YAC7B,MAAM,CAAC,GAAG,CAAC,IAAI,CAAC,CAAC,EAAE,CAAC,GAAG,CAAC;gBACtB,KAAK,EAAE;oBACL,OAAO,EAAE,uBAAuB;oBAChC,MAAM,EAAE,GAAG;iBACZ;aACF,CAAC,CAAC;YACH,IAAI,EAAE,CAAC;QACT,CAAC,CAAC,CAAC;IACP,CAAC,CAAC,CAAC;IACH,EAAE,CAAC,gFAAgF,EAAE,CAAC,IAAI,EAAE,EAAE;QAC5F,MAAM,IAAI,GAAG;YACX,WAAW,EAAE,CAAC;SACf,CAAC;QACF,cAAI;aACD,OAAO,CAAC,aAAM,CAAC;aACf,IAAI,CAAC,SAAS,CAAC;aACf,IAAI,CAAC,IAAI,CAAC;aACV,GAAG,CAAC,CAAC,GAAG,EAAE,GAAG,EAAE,EAAE;YAChB,MAAM,CAAC,GAAG,CAAC,CAAC,IAAI,CAAC,MAAM,CAAC,GAAG,CAAC,CAAC;YAC7B,MAAM,CAAC,GAAG,CAAC,IAAI,CAAC,CAAC,EAAE,CAAC,GAAG,CAAC;gBACtB,KAAK,EAAE;oBACL,OAAO,EAAE,uBAAuB;oBAChC,MAAM,EAAE,GAAG;iBACZ;aACF,CAAC,CAAC;YACH,IAAI,EAAE,CAAC;QACT,CAAC,CAAC,CAAC;IACP,CAAC,CAAC,CAAC;IACH,EAAE,CAAC,uFAAuF,EAAE,CAAC,IAAI,EAAE,EAAE;QACnG,MAAM,IAAI,GAAG;YACX,IAAI,EAAE,CAAC;SACR,CAAC;QACF,cAAI;aACD,OAAO,CAAC,aAAM,CAAC;aACf,IAAI,CAAC,SAAS,CAAC;aACf,IAAI,CAAC,IAAI,CAAC;aACV,GAAG,CAAC,CAAC,GAAG,EAAE,GAAG,EAAE,EAAE;YAChB,MAAM,CAAC,GAAG,CAAC,CAAC,IAAI,CAAC,MAAM,CAAC,GAAG,CAAC,CAAC;YAC7B,MAAM,CAAC,GAAG,CAAC,IAAI,CAAC,CAAC,EAAE,CAAC,GAAG,CAAC;gBACtB,KAAK,EAAE;oBACL,OAAO,EAAE,uBAAuB;oBAChC,MAAM,EAAE,GAAG;iBACZ;aACF,CAAC,CAAC;YACH,IAAI,EAAE,CAAC;QACT,CAAC,CAAC,CAAC;IACP,CAAC,CAAC,CAAC;IAEH,EAAE,CAAC,kCAAkC,EAAE,CAAC,IAAI,EAAE,EAAE;QAC9C,MAAM,IAAI,GAAG;YACX,QAAQ,EAAE,iBAAiB;YAC3B,YAAY,EAAE,YAAY;YAC1B,aAAa,EAAE,EAAE;YACjB,WAAW,EAAE,EAAE;YACf,IAAI,EAAE,GAAG;SACV,CAAC;QACF,cAAI;aACD,OAAO,CAAC,aAAM,CAAC;aACf,IAAI,CAAC,SAAS,CAAC;aACf,IAAI,CAAC,IAAI,CAAC;aACV,GAAG,CAAC,CAAC,GAAG,EAAE,GAAG,EAAE,EAAE;YAChB,MAAM,CAAC,GAAG,CAAC,CAAC,IAAI,CAAC,MAAM,CAAC,GAAG,CAAC,CAAC;YAC7B,MAAM,CAAC,GAAG,CAAC,IAAI,CAAC,CAAC,EAAE,CAAC,GAAG,CAAC,EAAE,KAAK,EAAE,kCAAkC,EAAE,CAAC,CAAC;YACvE,IAAI,EAAE,CAAC;QACT,CAAC,CAAC,CAAC;IACP,CAAC,CAAC,CAAC;IAEH,EAAE,CAAC,+BAA+B,EAAE,CAAC,IAAI,EAAE,EAAE;QAC3C,MAAM,IAAI,GAAG;YACX,QAAQ,EAAE,YAAY;YACtB,YAAY,EAAE,YAAY;YAC1B,aAAa,EAAE,CAAC,EAAE;YAClB,WAAW,EAAE,EAAE;YACf,IAAI,EAAE,GAAG;SACV,CAAC;QACF,cAAI;aACD,OAAO,CAAC,aAAM,CAAC;aACf,IAAI,CAAC,SAAS,CAAC;aACf,IAAI,CAAC,IAAI,CAAC;aACV,GAAG,CAAC,CAAC,GAAG,EAAE,GAAG,EAAE,EAAE;YAChB,MAAM,CAAC,GAAG,CAAC,CAAC,IAAI,CAAC,MAAM,CAAC,GAAG,CAAC,CAAC;YAC7B,MAAM,CAAC,GAAG,CAAC,IAAI,CAAC,CAAC,EAAE,CAAC,GAAG,CAAC,EAAE,KAAK,EAAE,qBAAqB,EAAE,CAAC,CAAC;YAC1D,IAAI,EAAE,CAAC;QACT,CAAC,CAAC,CAAC;IACP,CAAC,CAAC,CAAC;IAEH,EAAE,CAAC,mCAAmC,EAAE,CAAC,IAAI,EAAE,EAAE;QAC/C,MAAM,IAAI,GAAG;YACX,QAAQ,EAAE,YAAY;YACtB,YAAY,EAAE,YAAY;YAC1B,aAAa,EAAE,EAAE;YACjB,WAAW,EAAE,EAAE;YACf,IAAI,EAAE,GAAG;SACV,CAAC;QACF,cAAI;aACD,OAAO,CAAC,aAAM,CAAC;aACf,IAAI,CAAC,SAAS,CAAC;aACf,IAAI,CAAC,IAAI,CAAC;aACV,GAAG,CAAC,CAAC,GAAG,EAAE,GAAG,EAAE,EAAE;YAChB,MAAM,CAAC,GAAG,CAAC,CAAC,IAAI,CAAC,MAAM,CAAC,GAAG,CAAC,CAAC;YAC7B,MAAM,CAAC,GAAG,CAAC,IAAI,CAAC,CAAC,EAAE,CAAC,GAAG,CAAC;gBACtB,OAAO,EAAE,cAAc;aACxB,CAAC,CAAC;YACH,IAAI,EAAE,CAAC;QACT,CAAC,CAAC,CAAC;IACP,CAAC,CAAC,CAAC;AACL,CAAC,CAAC,CAAC;AAEH,QAAQ,CAAC,iBAAiB,EAAE,GAAG,EAAE;IAC/B,EAAE,CAAC,sCAAsC,EAAE,CAAC,IAAI,EAAE,EAAE;QAClD,MAAM,IAAI,GAAG,EAAE,CAAC;QAChB,cAAI;aACD,OAAO,CAAC,aAAM,CAAC;aACf,IAAI,CAAC,kBAAkB,CAAC;aACxB,IAAI,CAAC,IAAI,CAAC;aACV,GAAG,CAAC,CAAC,GAAG,EAAE,GAAG,EAAE,EAAE;YAChB,MAAM,CAAC,GAAG,CAAC,CAAC,IAAI,CAAC,MAAM,CAAC,GAAG,CAAC,CAAC;YAC7B,MAAM,CAAC,GAAG,CAAC,IAAI,CAAC,CAAC,EAAE,CAAC,GAAG,CAAC;gBACtB,KAAK,EAAE;oBACL,OAAO,EAAE,0BAA0B;oBACnC,MAAM,EAAE,GAAG;iBACZ;aACF,CAAC,CAAC;YACH,IAAI,EAAE,CAAC;QACT,CAAC,CAAC,CAAC;IACP,CAAC,CAAC,CAAC;IAEH,EAAE,CAAC,kCAAkC,EAAE,CAAC,IAAI,EAAE,EAAE;QAC9C,MAAM,IAAI,GAAG;YACX,QAAQ,EAAE,iBAAiB;SAC5B,CAAC;QACF,cAAI;aACD,OAAO,CAAC,aAAM,CAAC;aACf,IAAI,CAAC,kBAAkB,CAAC;aACxB,IAAI,CAAC,IAAI,CAAC;aACV,GAAG,CAAC,CAAC,GAAG,EAAE,GAAG,EAAE,EAAE;YAChB,MAAM,CAAC,GAAG,CAAC,CAAC,IAAI,CAAC,MAAM,CAAC,GAAG,CAAC,CAAC;YAC7B,MAAM,CAAC,GAAG,CAAC,IAAI,CAAC,CAAC,EAAE,CAAC,GAAG,CAAC,EAAE,KAAK,EAAE,kCAAkC,EAAE,CAAC,CAAC;YACvE,IAAI,EAAE,CAAC;QACT,CAAC,CAAC,CAAC;IACP,CAAC,CAAC,CAAC;IAEH,EAAE,CAAC,uBAAuB,EAAE,CAAC,IAAI,EAAE,EAAE;QACnC,MAAM,IAAI,GAAG;YACX,QAAQ,EAAE,eAAe;SAC1B,CAAC;QACF,cAAI;aACD,OAAO,CAAC,aAAM,CAAC;aACf,IAAI,CAAC,kBAAkB,CAAC;aACxB,IAAI,CAAC,IAAI,CAAC;aACV,GAAG,CAAC,CAAC,GAAG,EAAE,GAAG,EAAE,EAAE;YAChB,MAAM,CAAC,GAAG,CAAC,CAAC,IAAI,CAAC,MAAM,CAAC,GAAG,CAAC,CAAC;YAC7B,MAAM,CAAC,GAAG,CAAC,IAAI,CAAC,CAAC,EAAE,CAAC,GAAG,CAAC;gBACtB,OAAO,EAAE,4hBAA4hB;aACtiB,CAAC,CAAC;YACH,OAAO,CAAC,GAAG,CAAC,MAAM,CAAC,CAAC;YACpB,IAAI,EAAE,CAAC;QACT,CAAC,CAAC,CAAC;IACP,CAAC,CAAC,CAAC;AACL,CAAC,CAAC,CAAC","sourcesContent":["import chai from \"chai\";\r\nimport chaiHttp from \"chai-http\";\r\nimport server from \"../app\";\r\nimport userInfo from \"../../../Common/users.json\";\r\n\r\nchai.use(chaiHttp);\r\nconst expect = chai.expect;\r\n\r\n// Run test with: yarn run test\r\n\r\ndescribe(\"Login test\", () => {\r\n  it(\"Successful login to the quote form\", (done) => {\r\n    const body = {\r\n      username: \"user1\",\r\n      password: \"pass1\",\r\n    };\r\n    chai\r\n      .request(server)\r\n      .post(\"/login\")\r\n      .send(body)\r\n      .end((err, res) => {\r\n        expect(res).have.status(200);\r\n        expect(res.body).to.eql({ success: \"quote.html\" });\r\n        done();\r\n      });\r\n  });\r\n\r\n  it(\"Successful login to profile management\", (done) => {\r\n    const body = {\r\n      username: \"DEBUG_NOFN\",\r\n      password: \"DEBUG_PASS\",\r\n    };\r\n    chai\r\n      .request(server)\r\n      .post(\"/login\")\r\n      .send(body)\r\n      .end((err, res) => {\r\n        expect(res).have.status(200);\r\n        expect(res.body).to.eql({ success: \"ProfileManage.html\" });\r\n        done();\r\n      });\r\n  });\r\n\r\n  it(\"Failed login with existing username\", (done) => {\r\n    const body = {\r\n      username: \"user1\",\r\n      password: \"pass12\",\r\n    };\r\n    chai\r\n      .request(server)\r\n      .post(\"/login\")\r\n      .send(body)\r\n      .end((err, res) => {\r\n        expect(res).have.status(200);\r\n        expect(res.body).to.eql({\r\n          error:\r\n            \"Error: Login failed\\nUsername does not exist, or password was typed incorrectly.\",\r\n        });\r\n        done();\r\n      });\r\n  });\r\n\r\n  it(\"Failed login with nonexisting username\", (done) => {\r\n    const body = {\r\n      username: \"username3\",\r\n      password: \"pass1\",\r\n    };\r\n    chai\r\n      .request(server)\r\n      .post(\"/login\")\r\n      .send(body)\r\n      .end((err, res) => {\r\n        expect(res).have.status(200);\r\n        expect(res.body).to.eql({\r\n          error:\r\n            \"Error: Login failed\\nUsername does not exist, or password was typed incorrectly.\",\r\n        });\r\n        done();\r\n      });\r\n  });\r\n\r\n  it(\"Failed login with empty username and password\", (done) => {\r\n    const body = {\r\n      username: \"\",\r\n      password: \"\",\r\n    };\r\n    chai\r\n      .request(server)\r\n      .post(\"/login\")\r\n      .send(body)\r\n      .end((err, res) => {\r\n        expect(res).have.status(400);\r\n        expect(res.body).to.eql({\r\n          error: {\r\n            message: \"Invalid Username/Password\",\r\n            status: 400,\r\n          },\r\n        });\r\n        done();\r\n      });\r\n  });\r\n});\r\n\r\ndescribe(\"Registration test\", () => {\r\n  it(\"Failed registration with existing username\", (done) => {\r\n    const body = {\r\n      username: \"username1\",\r\n      password: \"pass123\",\r\n    };\r\n    chai\r\n      .request(server)\r\n      .post(\"/register\")\r\n      .send(body)\r\n      .end((err, res) => {\r\n        expect(res).have.status(200);\r\n        expect(res.body).to.eql({ error: \"username already in-use\" });\r\n        done();\r\n      });\r\n  });\r\n  it(\"Successful registration with unique username\", (done) => {\r\n    const body = {\r\n      username: \"lmalhaim\",\r\n      password: \"pass123\",\r\n    };\r\n    chai\r\n      .request(server)\r\n      .post(\"/register\")\r\n      .send(body)\r\n      .end((err, res) => {\r\n        expect(res).have.status(200);\r\n        expect(res.body).to.eql({ success: \"user registered\" });\r\n        done();\r\n      });\r\n  });\r\n});\r\n\r\ndescribe(\"Manage Profile test\", () => {\r\n  it(\"Successful manage profile when username is first time logging-in\", (done) => {\r\n    const body = {\r\n      username: \"username2\",\r\n      fullname: \"Lia_Johnson\",\r\n      add1: \"510 richmond avenu\",\r\n      add2: \"apt 515\",\r\n      city: \"Houston\",\r\n      state: \"TX\",\r\n      zipcode: 77006,\r\n    };\r\n    chai\r\n      .request(server)\r\n      .post(\"/manageProfile\")\r\n      .send(body)\r\n      .end((err, res) => {\r\n        expect(res).have.status(200);\r\n        expect(res.body).to.eql({ success: \"profile input added\" });\r\n        done();\r\n      });\r\n  });\r\n  it(\"Failed to manage profile when username doesnt exist/not logged in\", (done) => {\r\n    const body = {\r\n      username: \"liaJohnson\",\r\n      fullname: \"Lia_Johnson\",\r\n      add1: \"510 richmond avenu\",\r\n      add2: \"apt 515\",\r\n      city: \"Houston\",\r\n      state: \"TX\",\r\n      zipcode: 77006,\r\n    };\r\n    chai\r\n      .request(server)\r\n      .post(\"/manageProfile\")\r\n      .send(body)\r\n      .end((err, res) => {\r\n        expect(res).have.status(200);\r\n        expect(res.body).to.eql({ error: \"username doesnt exist\" });\r\n        done();\r\n      });\r\n  });\r\n});\r\n\r\ndescribe(\"QuoteLoadTest\", () => {\r\n  it(\"Failed due to no username whatsoever\", (done) => {\r\n    const body = {};\r\n    chai\r\n      .request(server)\r\n      .post(\"/quoteLoad\")\r\n      .send(body)\r\n      .end((err, res) => {\r\n        expect(res).have.status(400);\r\n        expect(res.body).to.eql({\r\n          error: {\r\n            message: \"Error. Invalid Username\",\r\n            status: 400,\r\n          },\r\n        });\r\n        done();\r\n      });\r\n  });\r\n\r\n  it(\"Failed due to empty username\", (done) => {\r\n    const body = {\r\n      username: \"\",\r\n    };\r\n    chai\r\n      .request(server)\r\n      .post(\"/quoteLoad\")\r\n      .send(body)\r\n      .end((err, res) => {\r\n        expect(res).have.status(400);\r\n        expect(res.body).to.eql({\r\n          error: {\r\n            message: \"Error. Invalid Username\",\r\n            status: 400,\r\n          },\r\n        });\r\n        done();\r\n      });\r\n  });\r\n\r\n  it(\"Error returns due to incorrect username\", (done) => {\r\n    const body = {\r\n      username: \"DEBUG_incorrect\",\r\n    };\r\n    chai\r\n      .request(server)\r\n      .post(\"/quoteLoad\")\r\n      .send(body)\r\n      .end((err, res) => {\r\n        expect(res).have.status(200);\r\n        expect(res.body).to.eql({ error: \"You are in an incorrect account.\" });\r\n        done();\r\n      });\r\n  });\r\n\r\n  it(\"Loads Successfully due to correct username.\", (done) => {\r\n    const body = {\r\n      username: \"DEBUG_USER\",\r\n    };\r\n    chai\r\n      .request(server)\r\n      .post(\"/quoteLoad\")\r\n      .send(body)\r\n      .end((err, res) => {\r\n        expect(res).have.status(200);\r\n        expect(res.body).to.eql({\r\n          addr1: \"DEBUG MAIN ADDRESS\",\r\n          addr2: \"DEBUG SECOND ADDRESS\",\r\n          city: \"DEBUG CITY\",\r\n          state: \"DEBUG STATE\",\r\n          zipCode: 1,\r\n        });\r\n        done();\r\n      });\r\n  });\r\n});\r\n\r\ndescribe(\"QuoteCalPriceTest\", () => {\r\n  it(\"Failed due to no parameters\", (done) => {\r\n    const body = {};\r\n    chai\r\n      .request(server)\r\n      .post(\"/request\")\r\n      .send(body)\r\n      .end((err, res) => {\r\n        expect(res).have.status(400);\r\n        expect(res.body).to.eql({\r\n          error: {\r\n            message: \"Error. Invalid input!\",\r\n            status: 400,\r\n          },\r\n        });\r\n        done();\r\n      });\r\n  });\r\n\r\n  it(\"Failed due to missing parameters (pricePerGal)\", (done) => {\r\n    const body = {\r\n      deliveryDate: \"10-2-2019\",\r\n      galsRequested: 12,\r\n    };\r\n    chai\r\n      .request(server)\r\n      .post(\"/request\")\r\n      .send(body)\r\n      .end((err, res) => {\r\n        expect(res).have.status(400);\r\n        expect(res.body).to.eql({\r\n          error: {\r\n            message: \"Error. Invalid input!\",\r\n            status: 400,\r\n          },\r\n        });\r\n        done();\r\n      });\r\n  });\r\n\r\n  it(\"Failed due to missing parameters (galsRequested)\", (done) => {\r\n    const body = {\r\n      deliveryDate: \"10-2-2019\",\r\n      pricePerGal: 12.03,\r\n    };\r\n    chai\r\n      .request(server)\r\n      .post(\"/request\")\r\n      .send(body)\r\n      .end((err, res) => {\r\n        expect(res).have.status(400);\r\n        expect(res.body).to.eql({\r\n          error: {\r\n            message: \"Error. Invalid input!\",\r\n            status: 400,\r\n          },\r\n        });\r\n        done();\r\n      });\r\n  });\r\n\r\n  it(\"Failed due to missing parameters (deliveryDate)\", (done) => {\r\n    const body = {\r\n      galsRequested: 12,\r\n      pricePerGal: 1,\r\n    };\r\n    chai\r\n      .request(server)\r\n      .post(\"/request\")\r\n      .send(body)\r\n      .end((err, res) => {\r\n        expect(res).have.status(400);\r\n        expect(res.body).to.eql({\r\n          error: {\r\n            message: \"Error. Invalid input!\",\r\n            status: 400,\r\n          },\r\n        });\r\n        done();\r\n      });\r\n  });\r\n\r\n  it(\"Failed due to missing parameters (deliveryDate, pricePerGal)\", (done) => {\r\n    const body = {\r\n      galsRequested: 12,\r\n    };\r\n    chai\r\n      .request(server)\r\n      .post(\"/request\")\r\n      .send(body)\r\n      .end((err, res) => {\r\n        expect(res).have.status(400);\r\n        expect(res.body).to.eql({\r\n          error: {\r\n            message: \"Error. Invalid input!\",\r\n            status: 400,\r\n          },\r\n        });\r\n        done();\r\n      });\r\n  });\r\n\r\n  it(\"Failed due to missing parameters (galsRequested, pricePerGal)\", (done) => {\r\n    const body = {\r\n      deliveryDate: \"10-2-2019\",\r\n    };\r\n    chai\r\n      .request(server)\r\n      .post(\"/request\")\r\n      .send(body)\r\n      .end((err, res) => {\r\n        expect(res).have.status(400);\r\n        expect(res.body).to.eql({\r\n          error: {\r\n            message: \"Error. Invalid input!\",\r\n            status: 400,\r\n          },\r\n        });\r\n        done();\r\n      });\r\n  });\r\n\r\n  it(\"Failed due to missing parameters (deliveryDate, galsRequested)\", (done) => {\r\n    const body = {\r\n      priceperGal: 2,\r\n    };\r\n    chai\r\n      .request(server)\r\n      .post(\"/request\")\r\n      .send(body)\r\n      .end((err, res) => {\r\n        expect(res).have.status(400);\r\n        expect(res.body).to.eql({\r\n          error: {\r\n            message: \"Error. Invalid input!\",\r\n            status: 400,\r\n          },\r\n        });\r\n        done();\r\n      });\r\n  });\r\n\r\n  it(\"Failed due to incorrect deliveryDate format\", (done) => {\r\n    const body = {\r\n      deliveryDate: \"eleventeen\",\r\n      galsRequested: 10,\r\n      pricePerGal: 10,\r\n    };\r\n    chai\r\n      .request(server)\r\n      .post(\"/request\")\r\n      .send(body)\r\n      .end((err, res) => {\r\n        expect(res).have.status(200);\r\n        expect(res.body).to.eql({ error: \"Error. Wrong date format.\" });\r\n        done();\r\n      });\r\n  });\r\n\r\n  it(\"Failed due to incorrect gallons requested format\", (done) => {\r\n    const body = {\r\n      deliveryDate: \"2019-10-10\",\r\n      galsRequested: \"a\",\r\n      pricePerGal: 10,\r\n    };\r\n    chai\r\n      .request(server)\r\n      .post(\"/request\")\r\n      .send(body)\r\n      .end((err, res) => {\r\n        expect(res).have.status(400);\r\n        expect(res.body).to.eql({\r\n          error: {\r\n            message: \"Error. Invalid input!\",\r\n            status: 400,\r\n          },\r\n        });\r\n        done();\r\n      });\r\n  });\r\n\r\n  it(\"Failed due to incorrect price per gallon format\", (done) => {\r\n    const body = {\r\n      deliveryDate: \"2019-10-10\",\r\n      galsRequested: 10,\r\n      pricePerGal: \"a\",\r\n    };\r\n    chai\r\n      .request(server)\r\n      .post(\"/request\")\r\n      .send(body)\r\n      .end((err, res) => {\r\n        expect(res).have.status(400);\r\n        expect(res.body).to.eql({\r\n          error: {\r\n            message: \"Error. Invalid input!\",\r\n            status: 400,\r\n          },\r\n        });\r\n        done();\r\n      });\r\n  });\r\n\r\n  it(\"Successfully returned a price\", (done) => {\r\n    const body = {\r\n      deliveryDate: \"2019-10-10\",\r\n      galsRequested: 10,\r\n      pricePerGal: 10,\r\n    };\r\n    chai\r\n      .request(server)\r\n      .post(\"/request\")\r\n      .send(body)\r\n      .end((err, res) => {\r\n        expect(res).have.status(200);\r\n        expect(res.body).to.eql({ cost: 100 });\r\n        done();\r\n      });\r\n  });\r\n});\r\n\r\ndescribe(\"QuoteSubmitTest\", () => {\r\n  it(\"Failed due to no parameters\", (done) => {\r\n    const body = {};\r\n    chai\r\n      .request(server)\r\n      .post(\"/submit\")\r\n      .send(body)\r\n      .end((err, res) => {\r\n        expect(res).have.status(400);\r\n        expect(res.body).to.eql({\r\n          error: {\r\n            message: \"Error. Invalid input.\",\r\n            status: 400,\r\n          },\r\n        });\r\n        done();\r\n      });\r\n  });\r\n\r\n  it(\"Failed due to missing parameters (deliveryDate, galsRequested, pricePerGal, cost)\", (done) => {\r\n    const body = {\r\n      username: \"foo\",\r\n    };\r\n    chai\r\n      .request(server)\r\n      .post(\"/submit\")\r\n      .send(body)\r\n      .end((err, res) => {\r\n        expect(res).have.status(400);\r\n        expect(res.body).to.eql({\r\n          error: {\r\n            message: \"Error. Invalid input.\",\r\n            status: 400,\r\n          },\r\n        });\r\n        done();\r\n      });\r\n  });\r\n  it(\"Failed due to missing parameters (username, galsRequested, pricePerGal, cost)\", (done) => {\r\n    const body = {\r\n      deliveryDate: \"foo\",\r\n    };\r\n    chai\r\n      .request(server)\r\n      .post(\"/submit\")\r\n      .send(body)\r\n      .end((err, res) => {\r\n        expect(res).have.status(400);\r\n        expect(res.body).to.eql({\r\n          error: {\r\n            message: \"Error. Invalid input.\",\r\n            status: 400,\r\n          },\r\n        });\r\n        done();\r\n      });\r\n  });\r\n  it(\"Failed due to missing parameters (username, deliveryDate, pricePerGal, cost)\", (done) => {\r\n    const body = {\r\n      galsRequested: 2,\r\n    };\r\n    chai\r\n      .request(server)\r\n      .post(\"/submit\")\r\n      .send(body)\r\n      .end((err, res) => {\r\n        expect(res).have.status(400);\r\n        expect(res.body).to.eql({\r\n          error: {\r\n            message: \"Error. Invalid input.\",\r\n            status: 400,\r\n          },\r\n        });\r\n        done();\r\n      });\r\n  });\r\n  it(\"Failed due to missing parameters (username, deliveryDate, galsRequested, cost)\", (done) => {\r\n    const body = {\r\n      pricePerGal: 2,\r\n    };\r\n    chai\r\n      .request(server)\r\n      .post(\"/submit\")\r\n      .send(body)\r\n      .end((err, res) => {\r\n        expect(res).have.status(400);\r\n        expect(res.body).to.eql({\r\n          error: {\r\n            message: \"Error. Invalid input.\",\r\n            status: 400,\r\n          },\r\n        });\r\n        done();\r\n      });\r\n  });\r\n  it(\"Failed due to missing parameters (username, deliveryDate, galsRequested, pricePerGal)\", (done) => {\r\n    const body = {\r\n      cost: 2,\r\n    };\r\n    chai\r\n      .request(server)\r\n      .post(\"/submit\")\r\n      .send(body)\r\n      .end((err, res) => {\r\n        expect(res).have.status(400);\r\n        expect(res.body).to.eql({\r\n          error: {\r\n            message: \"Error. Invalid input.\",\r\n            status: 400,\r\n          },\r\n        });\r\n        done();\r\n      });\r\n  });\r\n\r\n  it(\"Failed due to incorrect username\", (done) => {\r\n    const body = {\r\n      username: \"DEBUG_incorrect\",\r\n      deliveryDate: \"2019-10-10\",\r\n      galsRequested: 10,\r\n      pricePerGal: 10,\r\n      cost: 100,\r\n    };\r\n    chai\r\n      .request(server)\r\n      .post(\"/submit\")\r\n      .send(body)\r\n      .end((err, res) => {\r\n        expect(res).have.status(200);\r\n        expect(res.body).to.eql({ error: \"You are in an incorrect account.\" });\r\n        done();\r\n      });\r\n  });\r\n\r\n  it(\"Failed due to invalid gallons\", (done) => {\r\n    const body = {\r\n      username: \"DEBUG_USER\",\r\n      deliveryDate: \"2019-10-10\",\r\n      galsRequested: -10,\r\n      pricePerGal: 10,\r\n      cost: 100,\r\n    };\r\n    chai\r\n      .request(server)\r\n      .post(\"/submit\")\r\n      .send(body)\r\n      .end((err, res) => {\r\n        expect(res).have.status(200);\r\n        expect(res.body).to.eql({ error: \"Gallons must be >0!\" });\r\n        done();\r\n      });\r\n  });\r\n\r\n  it(\"Successfully returned new history\", (done) => {\r\n    const body = {\r\n      username: \"DEBUG_USER\",\r\n      deliveryDate: \"2019-10-10\",\r\n      galsRequested: 10,\r\n      pricePerGal: 10,\r\n      cost: 100,\r\n    };\r\n    chai\r\n      .request(server)\r\n      .post(\"/submit\")\r\n      .send(body)\r\n      .end((err, res) => {\r\n        expect(res).have.status(200);\r\n        expect(res.body).to.eql({\r\n          success: \"history.html\"\r\n        });\r\n        done();\r\n      });\r\n  });\r\n});\r\n\r\ndescribe(\"HistoryLoadTest\", () => {\r\n  it(\"Failed due to no username whatsoever\", (done) => {\r\n    const body = {};\r\n    chai\r\n      .request(server)\r\n      .post(\"/generateHistory\")\r\n      .send(body)\r\n      .end((err, res) => {\r\n        expect(res).have.status(400);\r\n        expect(res.body).to.eql({\r\n          error: {\r\n            message: \"Error. Invalid Username!\",\r\n            status: 400,\r\n          },\r\n        });\r\n        done();\r\n      });\r\n  });\r\n\r\n  it(\"Failed due to incorrect username\", (done) => {\r\n    const body = {\r\n      username: \"DEBUG_incorrect\",\r\n    };\r\n    chai\r\n      .request(server)\r\n      .post(\"/generateHistory\")\r\n      .send(body)\r\n      .end((err, res) => {\r\n        expect(res).have.status(200);\r\n        expect(res.body).to.eql({ error: \"You are in an incorrect account.\" });\r\n        done();\r\n      });\r\n  });\r\n\r\n  it(\"Returned successfully\", (done) => {\r\n    const body = {\r\n      username: \"DEBUG_USER_RO\",\r\n    };\r\n    chai\r\n      .request(server)\r\n      .post(\"/generateHistory\")\r\n      .send(body)\r\n      .end((err, res) => {\r\n        expect(res).have.status(200);\r\n        expect(res.body).to.eql({\r\n          success: \"<table style='width:100%'>\\n    <tr>\\n        <th><b>Delivery Date</b></th>\\n        <th><b>Gallons Requested</b></th>\\n        <th><b>Price Per Gallon</b></th>\\n        <th><b>Total Price</b</th>\\n        <th><b>Address</b></th>\\n    </tr>\\n <tr>\\n        <th> Mon Oct 12 1012 00:00:00 GMT-0550 (Central Daylight Time) </th>\\n        <th> 0.5 </th>n        <th>$1</th>\\n        <th>$0.5</th>\\n        <th>DEBUG_RO MAIN ADDRESS<br>        DEBUG_RO SECOND ADDRESS<br>        DEBUG_RO CITY, DEBUG_RO STATE, 4<br><br></th>\\n    </tr></table>\",\r\n        });\r\n        console.log(\"shit\");\r\n        done();\r\n      });\r\n  });\r\n});\r\n"]},"_coverageSchema":"1a1c01bbd47fc00a2c39e90264f33305004495a9","hash":"2d54d69c2e3c5631937162ae9b483ab925ac5d1a","contentHash":"491a748be9cf940b5ef64987bc1a617021c1940b00e1ca0f01b6f7b9acdc9ea6"},"F:\\max\\Documents\\School\\Spring2021\\4352\\4352-spring-project\\Back\\src\\app.ts":{"path":"F:\\max\\Documents\\School\\Spring2021\\4352\\4352-spring-project\\Back\\src\\app.ts","statementMap":{"0":{"start":{"line":2,"column":22},"end":{"line":4,"column":1}},"1":{"start":{"line":3,"column":4},"end":{"line":3,"column":62}},"2":{"start":{"line":5,"column":0},"end":{"line":5,"column":62}},"3":{"start":{"line":6,"column":18},"end":{"line":6,"column":53}},"4":{"start":{"line":7,"column":24},"end":{"line":7,"column":65}},"5":{"start":{"line":8,"column":15},"end":{"line":8,"column":47}},"6":{"start":{"line":9,"column":17},"end":{"line":9,"column":51}},"7":{"start":{"line":10,"column":16},"end":{"line":10,"column":58}},"8":{"start":{"line":11,"column":15},"end":{"line":11,"column":39}},"9":{"start":{"line":12,"column":0},"end":{"line":12,"column":39}},"10":{"start":{"line":13,"column":12},"end":{"line":13,"column":31}},"11":{"start":{"line":14,"column":0},"end":{"line":14,"column":34}},"12":{"start":{"line":15,"column":0},"end":{"line":15,"column":26}},"13":{"start":{"line":16,"column":0},"end":{"line":16,"column":35}},"14":{"start":{"line":17,"column":0},"end":{"line":17,"column":33}},"15":{"start":{"line":18,"column":0},"end":{"line":18,"column":32}},"16":{"start":{"line":19,"column":0},"end":{"line":19,"column":41}},"17":{"start":{"line":20,"column":0},"end":{"line":20,"column":46}},"18":{"start":{"line":21,"column":0},"end":{"line":21,"column":149}},"19":{"start":{"line":21,"column":68},"end":{"line":21,"column":147}}},"fnMap":{"0":{"name":"(anonymous_0)","decl":{"start":{"line":2,"column":56},"end":{"line":2,"column":57}},"loc":{"start":{"line":2,"column":71},"end":{"line":4,"column":1}},"line":2},"1":{"name":"(anonymous_1)","decl":{"start":{"line":21,"column":62},"end":{"line":21,"column":63}},"loc":{"start":{"line":21,"column":68},"end":{"line":21,"column":147}},"line":21}},"branchMap":{"0":{"loc":{"start":{"line":2,"column":22},"end":{"line":4,"column":1}},"type":"binary-expr","locations":[{"start":{"line":2,"column":23},"end":{"line":2,"column":27}},{"start":{"line":2,"column":31},"end":{"line":2,"column":51}},{"start":{"line":2,"column":56},"end":{"line":4,"column":1}}],"line":2},"1":{"loc":{"start":{"line":3,"column":11},"end":{"line":3,"column":61}},"type":"cond-expr","locations":[{"start":{"line":3,"column":37},"end":{"line":3,"column":40}},{"start":{"line":3,"column":43},"end":{"line":3,"column":61}}],"line":3},"2":{"loc":{"start":{"line":3,"column":12},"end":{"line":3,"column":33}},"type":"binary-expr","locations":[{"start":{"line":3,"column":12},"end":{"line":3,"column":15}},{"start":{"line":3,"column":19},"end":{"line":3,"column":33}}],"line":3}},"s":{"0":1,"1":5,"2":1,"3":1,"4":1,"5":1,"6":1,"7":1,"8":1,"9":1,"10":1,"11":1,"12":1,"13":1,"14":1,"15":1,"16":1,"17":1,"18":1,"19":1},"f":{"0":5,"1":1},"b":{"0":[1,1,1],"1":[1,4],"2":[5,5]},"inputSourceMap":{"version":3,"file":"F:/max/Documents/School/Spring2021/4352/4352-spring-project/Back/src/app.ts","sources":["F:/max/Documents/School/Spring2021/4352/4352-spring-project/Back/src/app.ts"],"names":[],"mappings":";;;;;AAAA,sDAA8B;AAC9B,kEAAyC;AACzC,gDAAwB;AACxB,oDAA4B;AAC5B,2DAAoC;AACpC,wCAA2C;AAC3C,uCAAoC;AAEpC,MAAM,GAAG,GAAG,iBAAO,EAAE,CAAC;AACtB,GAAG,CAAC,GAAG,CAAC,iBAAO,CAAC,IAAI,EAAE,CAAC,CAAC;AACxB,GAAG,CAAC,GAAG,CAAC,cAAI,EAAE,CAAC,CAAC;AAChB,GAAG,CAAC,GAAG,CAAC,uBAAY,EAAE,CAAC,CAAC;AACxB,GAAG,CAAC,GAAG,CAAC,gBAAM,CAAC,KAAK,CAAC,CAAC,CAAC;AACvB,GAAG,CAAC,GAAG,CAAC,GAAG,EAAE,iBAAU,CAAC,CAAC;AACzB,GAAG,CAAC,GAAG,CAAC,eAAM,CAAC,MAAM,CAAC,QAAQ,CAAC,CAAC;AAChC,GAAG,CAAC,GAAG,CAAC,eAAM,CAAC,MAAM,CAAC,aAAa,CAAC,CAAC;AAErC,kBAAe,GAAG,CAAC,MAAM,CAAC,eAAM,CAAC,GAAG,CAAC,MAAM,CAAC,IAAI,EAAE,GAAG,EAAE,CACrD,OAAO,CAAC,GAAG,CAAC,iCAAiC,eAAM,CAAC,GAAG,CAAC,MAAM,CAAC,IAAI,EAAE,CAAC,CACvE,CAAC","sourcesContent":["import express from \"express\";\r\nimport cookieParser from \"cookie-parser\";\r\nimport cors from \"cors\";\r\nimport morgan from \"morgan\";\r\nimport Config from \"./config/index\";\r\nimport { HomeRoutes } from \"./routes/home\";\r\nimport \"./config/Init/initTypeMySQL\"\r\n\r\nconst app = express();\r\napp.use(express.json());\r\napp.use(cors());\r\napp.use(cookieParser());\r\napp.use(morgan(\"dev\"));\r\napp.use(\"/\", HomeRoutes);\r\napp.use(Config.Errors.Error404);\r\napp.use(Config.Errors.ErrorHandlder);\r\n\r\nexport default app.listen(Config.Env.server.PORT, () =>\r\n  console.log(`Server on => http://localhost:${Config.Env.server.PORT}`)\r\n);\r\n"]},"_coverageSchema":"1a1c01bbd47fc00a2c39e90264f33305004495a9","hash":"11f0ba38909870cf24e5ea106a9cd710805d51b9","contentHash":"1fc72ac54bc5b3fcff0046e586811fc655892e6333ee62090b9ee6920eea63a2"},"F:\\max\\Documents\\School\\Spring2021\\4352\\4352-spring-project\\Back\\src\\config\\index.ts":{"path":"F:\\max\\Documents\\School\\Spring2021\\4352\\4352-spring-project\\Back\\src\\config\\index.ts","statementMap":{"0":{"start":{"line":2,"column":22},"end":{"line":4,"column":1}},"1":{"start":{"line":3,"column":4},"end":{"line":3,"column":62}},"2":{"start":{"line":5,"column":0},"end":{"line":5,"column":62}},"3":{"start":{"line":6,"column":30},"end":{"line":6,"column":79}},"4":{"start":{"line":7,"column":17},"end":{"line":7,"column":53}},"5":{"start":{"line":8,"column":0},"end":{"line":11,"column":2}}},"fnMap":{"0":{"name":"(anonymous_0)","decl":{"start":{"line":2,"column":56},"end":{"line":2,"column":57}},"loc":{"start":{"line":2,"column":71},"end":{"line":4,"column":1}},"line":2}},"branchMap":{"0":{"loc":{"start":{"line":2,"column":22},"end":{"line":4,"column":1}},"type":"binary-expr","locations":[{"start":{"line":2,"column":23},"end":{"line":2,"column":27}},{"start":{"line":2,"column":31},"end":{"line":2,"column":51}},{"start":{"line":2,"column":56},"end":{"line":4,"column":1}}],"line":2},"1":{"loc":{"start":{"line":3,"column":11},"end":{"line":3,"column":61}},"type":"cond-expr","locations":[{"start":{"line":3,"column":37},"end":{"line":3,"column":40}},{"start":{"line":3,"column":43},"end":{"line":3,"column":61}}],"line":3},"2":{"loc":{"start":{"line":3,"column":12},"end":{"line":3,"column":33}},"type":"binary-expr","locations":[{"start":{"line":3,"column":12},"end":{"line":3,"column":15}},{"start":{"line":3,"column":19},"end":{"line":3,"column":33}}],"line":3}},"s":{"0":1,"1":2,"2":1,"3":1,"4":1,"5":1},"f":{"0":2},"b":{"0":[1,1,1],"1":[2,0],"2":[2,2]},"inputSourceMap":{"version":3,"file":"F:/max/Documents/School/Spring2021/4352/4352-spring-project/Back/src/config/index.ts","sources":["F:/max/Documents/School/Spring2021/4352/4352-spring-project/Back/src/config/index.ts"],"names":[],"mappings":";;;;;AAAA,gFAAuC;AACvC,sDAA6B;AAE7B,kBAAe;IACb,GAAG,EAAE,6BAAG;IACR,MAAM,EAAE,gBAAM;CACf,CAAA","sourcesContent":["import Env from './enviormentVariables'\r\nimport Errors from './errors'\r\n\r\nexport default {\r\n  Env: Env,\r\n  Errors: Errors\r\n}\r\n"]},"
[...]
ageSchema":"1a1c01bbd47fc00a2c39e90264f33305004495a9","hash":"8dfb9aa9569c54b33f3fefa5451ffc91132ad3f0","contentHash":"5ffc536be4aa87f3bf1c51fcbc298d040bf9641ddf01d4e0f8a1f31bf176c855"},"F:\\max\\Documents\\School\\Spring2021\\4352\\4352-spring-project\\Back\\src\\config\\Validation\\authQuoteSubmit.ts":{"path":"F:\\max\\Documents\\School\\Spring2021\\4352\\4352-spring-project\\Back\\src\\config\\Validation\\authQuoteSubmit.ts","statementMap":{"0":{"start":{"line":2,"column":22},"end":{"line":4,"column":1}},"1":{"start":{"line":3,"column":4},"end":{"line":3,"column":62}},"2":{"start":{"line":5,"column":0},"end":{"line":5,"column":62}},"3":{"start":{"line":6,"column":0},"end":{"line":6,"column":28}},"4":{"start":{"line":7,"column":14},"end":{"line":7,"column":45}},"5":{"start":{"line":8,"column":0},"end":{"line":14,"column":3}}},"fnMap":{"0":{"name":"(anonymous_0)","decl":{"start":{"line":2,"column":56},"end":{"line":2,"column":57}},"loc":{"start":{"line":2,"column":71},"end":{"line":4,"column":1}},"line":2}},"branchMap":{"0":{"loc":{"start":{"line":2,"column":22},"end":{"line":4,"column":1}},"type":"binary-expr","locations":[{"start":{"line":2,"column":23},"end":{"line":2,"column":27}},{"start":{"line":2,"column":31},"end":{"line":2,"column":51}},{"start":{"line":2,"column":56},"end":{"line":4,"column":1}}],"line":2},"1":{"loc":{"start":{"line":3,"column":11},"end":{"line":3,"column":61}},"type":"cond-expr","locations":[{"start":{"line":3,"column":37},"end":{"line":3,"column":40}},{"start":{"line":3,"column":43},"end":{"line":3,"column":61}}],"line":3},"2":{"loc":{"start":{"line":3,"column":12},"end":{"line":3,"column":33}},"type":"binary-expr","locations":[{"start":{"line":3,"column":12},"end":{"line":3,"column":15}},{"start":{"line":3,"column":19},"end":{"line":3,"column":33}}],"line":3}},"s":{"0":1,"1":1,"2":1,"3":1,"4":1,"5":1},"f":{"0":1},"b":{"0":[1,1,1],"1":[0,1],"2":[1,1]},"inputSourceMap":{"version":3,"file":"F:/max/Documents/School/Spring2021/4352/4352-spring-project/Back/src/config/Validation/authQuoteSubmit.ts","sources":["F:/max/Documents/School/Spring2021/4352/4352-spring-project/Back/src/config/Validation/authQuoteSubmit.ts"],"names":[],"mappings":";;;;;;AAAA,8CAAqB;AAER,QAAA,UAAU,GAAG,aAAG,CAAC,MAAM,CAAC;IACjC,QAAQ,EAAE,aAAG,CAAC,QAAQ,EAAE;IACxB,YAAY,EAAE,aAAG,CAAC,MAAM,EAAE,CAAC,QAAQ,EAAE;IACrC,aAAa,EAAE,aAAG,CAAC,MAAM,EAAE,CAAC,QAAQ,EAAE;IACtC,WAAW,EAAE,aAAG,CAAC,MAAM,EAAE,CAAC,QAAQ,EAAE;IACpC,IAAI,EAAE,aAAG,CAAC,MAAM,EAAE,CAAC,QAAQ,EAAE;CAChC,CAAC,CAAC","sourcesContent":["import Joi from 'joi'\r\n\r\nexport const AuthSchema = Joi.object({\r\n    username: Joi.required(),\r\n    deliveryDate: Joi.string().required(),\r\n    galsRequested: Joi.number().required(),\r\n    pricePerGal: Joi.number().required(),\r\n    cost: Joi.number().required()\r\n});"]},"_coverageSchema":"1a1c01bbd47fc00a2c39e90264f33305004495a9","hash":"30dc232a8f0ae4fc3c3b4354658221d7358e6d44","contentHash":"ccd9c27761edc87c4788b9a11ca47dad687cd6b0b739f5453a5e481c9b070c7e"},"F:\\max\\Documents\\School\\Spring2021\\4352\\4352-spring-project\\Back\\src\\controllers\\history.ts":{"path":"F:\\max\\Documents\\School\\Spring2021\\4352\\4352-spring-project\\Back\\src\\controllers\\history.ts","statementMap":{"0":{"start":{"line":2,"column":16},"end":{"line":10,"column":1}},"1":{"start":{"line":3,"column":28},"end":{"line":3,"column":110}},"2":{"start":{"line":3,"column":91},"end":{"line":3,"column":106}},"3":{"start":{"line":4,"column":4},"end":{"line":9,"column":7}},"4":{"start":{"line":5,"column":36},"end":{"line":5,"column":97}},"5":{"start":{"line":5,"column":42},"end":{"line":5,"column":70}},"6":{"start":{"line":5,"column":85},"end":{"line":5,"column":95}},"7":{"start":{"line":6,"column":35},"end":{"line":6,"column":100}},"8":{"start":{"line":6,"column":41},"end":{"line":6,"column":73}},"9":{"start":{"line":6,"column":88},"end":{"line":6,"column":98}},"10":{"start":{"line":7,"column":32},"end":{"line":7,"column":116}},"11":{"start":{"line":8,"column":8},"end":{"line":8,"column":78}},"12":{"start":{"line":11,"column":22},"end":{"line":13,"column":1}},"13":{"start":{"line":12,"column":4},"end":{"line":12,"column":62}},"14":{"start":{"line":14,"column":0},"end":{"line":14,"column":62}},"15":{"start":{"line":15,"column":22},"end":{"line":15,"column":61}},"16":{"start":{"line":16,"column":21},"end":{"line":16,"column":75}},"17":{"start":{"line":17,"column":24},"end":{"line":17,"column":69}},"18":{"start":{"line":18,"column":13},"end":{"line":18,"column":33}},"19":{"start":{"line":19,"column":0},"end":{"line":102,"column":2}},"20":{"start":{"line":20,"column":41},"end":{"line":101,"column":6}},"21":{"start":{"line":21,"column":8},"end":{"line":100,"column":9}},"22":{"start":{"line":22,"column":12},"end":{"line":22,"column":69}},"23":{"start":{"line":23,"column":27},"end":{"line":23,"column":29}},"24":{"start":{"line":24,"column":25},"end":{"line":24,"column":27}},"25":{"start":{"line":25,"column":33},"end":{"line":25,"column":41}},"26":{"start":{"line":26,"column":24},"end":{"line":26,"column":41}},"27":{"start":{"line":27,"column":22},"end":{"line":33,"column":14}},"28":{"start":{"line":35,"column":24},"end":{"line":37,"column":55}},"29":{"start":{"line":38,"column":12},"end":{"line":93,"column":15}},"30":{"start":{"line":39,"column":16},"end":{"line":40,"column":30}},"31":{"start":{"line":40,"column":20},"end":{"line":40,"column":30}},"32":{"start":{"line":41,"column":16},"end":{"line":92,"column":19}},"33":{"start":{"line":42,"column":20},"end":{"line":43,"column":34}},"34":{"start":{"line":43,"column":24},"end":{"line":43,"column":34}},"35":{"start":{"line":44,"column":20},"end":{"line":91,"column":21}},"36":{"start":{"line":45,"column":24},"end":{"line":45,"column":80}},"37":{"start":{"line":48,"column":24},"end":{"line":61,"column":74}},"38":{"start":{"line":62,"column":24},"end":{"line":90,"column":27}},"39":{"start":{"line":63,"column":28},"end":{"line":64,"column":42}},"40":{"start":{"line":64,"column":32},"end":{"line":64,"column":42}},"41":{"start":{"line":65,"column":28},"end":{"line":89,"column":31}},"42":{"start":{"line":66,"column":32},"end":{"line":67,"column":46}},"43":{"start":{"line":67,"column":36},"end":{"line":67,"column":46}},"44":{"start":{"line":68,"column":45},"end":{"line":75,"column":12}},"45":{"start":{"line":76,"column":32},"end":{"line":86,"column":33}},"46":{"start":{"line":77,"column":36},"end":{"line":85,"column":11}},"47":{"start":{"line":87,"column":32},"end":{"line":87,"column":53}},"48":{"start":{"line":88,"column":32},"end":{"line":88,"column":62}},"49":{"start":{"line":96,"column":12},"end":{"line":98,"column":13}},"50":{"start":{"line":97,"column":16},"end":{"line":97,"column":94}},"51":{"start":{"line":99,"column":12},"end":{"line":99,"column":24}}},"fnMap":{"0":{"name":"(anonymous_0)","decl":{"start":{"line":2,"column":44},"end":{"line":2,"column":45}},"loc":{"start":{"line":2,"column":89},"end":{"line":10,"column":1}},"line":2},"1":{"name":"adopt","decl":{"start":{"line":3,"column":13},"end":{"line":3,"column":18}},"loc":{"start":{"line":3,"column":26},"end":{"line":3,"column":112}},"line":3},"2":{"name":"(anonymous_2)","decl":{"start":{"line":3,"column":70},"end":{"line":3,"column":71}},"loc":{"start":{"line":3,"column":89},"end":{"line":3,"column":108}},"line":3},"3":{"name":"(anonymous_3)","decl":{"start":{"line":4,"column":36},"end":{"line":4,"column":37}},"loc":{"start":{"line":4,"column":63},"end":{"line":9,"column":5}},"line":4},"4":{"name":"fulfilled","decl":{"start":{"line":5,"column":17},"end":{"line":5,"column":26}},"loc":{"start":{"line":5,"column":34},"end":{"line":5,"column":99}},"line":5},"5":{"name":"rejected","decl":{"start":{"line":6,"column":17},"end":{"line":6,"column":25}},"loc":{"start":{"line":6,"column":33},"end":{"line":6,"column":102}},"line":6},"6":{"name":"step","decl":{"start":{"line":7,"column":17},"end":{"line":7,"column":21}},"loc":{"start":{"line":7,"column":30},"end":{"line":7,"column":118}},"line":7},"7":{"name":"(anonymous_7)","decl":{"start":{"line":11,"column":56},"end":{"line":11,"column":57}},"loc":{"start":{"line":11,"column":71},"end":{"line":13,"column":1}},"line":11},"8":{"name":"(anonymous_8)","decl":{"start":{"line":20,"column":21},"end":{"line":20,"column":22}},"loc":{"start":{"line":20,"column":41},"end":{"line":101,"column":6}},"line":20},"9":{"name":"(anonymous_9)","decl":{"start":{"line":20,"column":75},"end":{"line":20,"column":76}},"loc":{"start":{"line":20,"column":88},"end":{"line":101,"column":5}},"line":20},"10":{"name":"(anonymous_10)","decl":{"start":{"line":38,"column":24},"end":{"line":38,"column":25}},"loc":{"start":{"line":38,"column":39},"end":{"line":93,"column":13}},"line":38},"11":{"name":"(anonymous_11)","decl":{"start":{"line":41,"column":33},"end":{"line":41,"column":34}},"loc":{"start":{"line":41,"column":56},"end":{"line":92,"column":17}},"line":41},"12":{"name":"(anonymous_12)","decl":{"start":{"line":62,"column":36},"end":{"line":62,"column":37}},"loc":{"start":{"line":62,"column":51},"end":{"line":90,"column":25}},"line":62},"13":{"name":"(anonymous_13)","decl":{"start":{"line":65,"column":45},"end":{"line":65,"column":46}},"loc":{"start":{"line":65,"column":68},"end":{"line":89,"column":29}},"line":65}},"branchMap":{"0":{"loc":{"start":{"line":2,"column":16},"end":{"line":10,"column":1}},"type":"binary-expr","locations":[{"start":{"line":2,"column":17},"end":{"line":2,"column":21}},{"start":{"line":2,"column":25},"end":{"line":2,"column":39}},{"start":{"line":2,"column":44},"end":{"line":10,"column":1}}],"line":2},"1":{"loc":{"start":{"line":3,"column":35},"end":{"line":3,"column":109}},"type":"cond-expr","locations":[{"start":{"line":3,"column":56},"end":{"line":3,"column":61}},{"start":{"line":3,"column":64},"end":{"line":3,"column":109}}],"line":3},"2":{"loc":{"start":{"line":4,"column":16},"end":{"line":4,"column":34}},"type":"binary-expr","locations":[{"start":{"line":4,"column":16},"end":{"line":4,"column":17}},{"start":{"line":4,"column":22},"end":{"line":4,"column":33}}],"line":4},"3":{"loc":{"start":{"line":7,"column":32},"end":{"line":7,"column":115}},"type":"cond-expr","locations":[{"start":{"line":7,"column":46},"end":{"line":7,"column":67}},{"start":{"line":7,"column":70},"end":{"line":7,"column":115}}],"line":7},"4":{"loc":{"start":{"line":8,"column":51},"end":{"line":8,"column":67}},"type":"binary-expr","locations":[{"start":{"line":8,"column":51},"end":{"line":8,"column":61}},{"start":{"line":8,"column":65},"end":{"line":8,"column":67}}],"line":8},"5":{"loc":{"start":{"line":11,"column":22},"end":{"line":13,"column":1}},"type":"binary-expr","locations":[{"start":{"line":11,"column":23},"end":{"line":11,"column":27}},{"start":{"line":11,"column":31},"end":{"line":11,"column":51}},{"start":{"line":11,"column":56},"end":{"line":13,"column":1}}],"line":11},"6":{"loc":{"start":{"line":12,"column":11},"end":{"line":12,"column":61}},"type":"cond-expr","locations":[{"start":{"line":12,"column":37},"end":{"line":12,"column":40}},{"start":{"line":12,"column":43},"end":{"line":12,"column":61}}],"line":12},"7":{"loc":{"start":{"line":12,"column":12},"end":{"line":12,"column":33}},"type":"binary-expr","locations":[{"start":{"line":12,"column":12},"end":{"line":12,"column":15}},{"start":{"line":12,"column":19},"end":{"line":12,"column":33}}],"line":12},"8":{"loc":{"start":{"line":39,"column":16},"end":{"line":40,"column":30}},"type":"if","locations":[{"start":{"line":39,"column":16},"end":{"line":40,"column":30}},{"start":{"line":39,"column":16},"end":{"line":40,"column":30}}],"line":39},"9":{"loc":{"start":{"line":42,"column":20},"end":{"line":43,"column":34}},"type":"if","locations":[{"start":{"line":42,"column":20},"end":{"line":43,"column":34}},{"start":{"line":42,"column":20},"end":{"line":43,"column":34}}],"line":42},"10":{"loc":{"start":{"line":44,"column":20},"end":{"line":91,"column":21}},"type":"if","locations":[{"start":{"line":44,"column":20},"end":{"line":91,"column":21}},{"start":{"line":44,"column":20},"end":{"line":91,"column":21}}],"line":44},"11":{"loc":{"start":{"line":44,"column":24},"end":{"line":44,"column":54}},"type":"binary-expr","locations":[{"start":{"line":44,"column":24},"end":{"line":44,"column":38}},{"start":{"line":44,"column":42},"end":{"line":44,"column":54}}],"line":44},"12":{"loc":{"start":{"line":63,"column":28},"end":{"line":64,"column":42}},"type":"if","locations":[{"start":{"line":63,"column":28},"end":{"line":64,"column":42}},{"start":{"line":63,"column":28},"end":{"line":64,"column":42}}],"line":63},"13":{"loc":{"start":{"line":66,"column":32},"end":{"line":67,"column":46}},"type":"if","locations":[{"start":{"line":66,"column":32},"end":{"line":67,"column":46}},{"start":{"line":66,"column":32},"end":{"line":67,"column":46}}],"line":66},"14":{"loc":{"start":{"line":96,"column":12},"end":{"line":98,"column":13}},"type":"if","locations":[{"start":{"line":96,"column":12},"end":{"line":98,"column":13}},{"start":{"line":96,"column":12},"end":{"line":98,"column":13}}],"line":96}},"s":{"0":1,"1":5,"2":2,"3":3,"4":4,"5":4,"6":0,"7":1,"8":1,"9":0,"10":8,"11":3,"12":1,"13":2,"14":1,"15":1,"16":1,"17":1,"18":1,"19":1,"20":3,"21":3,"22":3,"23":2,"24":2,"25":2,"26":2,"27":2,"28":2,"29":2,"30":2,"31":0,"32":2,"33":2,"34":0,"35":2,"36":1,"37":1,"38":1,"39":1,"40":0,"41":1,"42":1,"43":0,"44":1,"45":1,"46":1,"47":1,"48":1,"49":1,"50":1,"51":0},"f":{"0":3,"1":5,"2":2,"3":3,"4":4,"5":1,"6":8,"7":2,"8":3,"9":3,"10":2,"11":2,"12":1,"13":1},"b":{"0":[1,1,1],"1":[3,2],"2":[3,3],"3":[3,5],"4":[3,3],"5":[1,1,1],"6":[0,2],"7":[2,2],"8":[0,2],"9":[0,2],"10":[1,1],"11":[2,2],"12":[0,1],"13":[0,1],"14":[1,0]},"inputSourceMap":{"version":3,"file":"F:/max/Documents/School/Spring2021/4352/4352-spring-project/Back/src/controllers/history.ts","sources":["F:/max/Documents/School/Spring2021/4352/4352-spring-project/Back/src/controllers/history.ts"],"names":[],"mappings":";;;;;;;;;;;;;;AAEA,8DAAsC;AAEtC,4EAAkD;AAClD,sEAA8D;AAE9D,IAAI,MAAM,GAAO,oBAAQ,CAAC;AAE1B,kBAAe;IACX,eAAe,EAAE,CACb,GAAoB,EACpB,GAAqB,EACrB,IAA0B,EAC5B,EAAE;QACA,IAAI;YACA,MAAM,0BAAU,CAAC,aAAa,CAAC,GAAG,CAAC,IAAI,CAAC,CAAC;YACzC,IAAI,QAAQ,GAAG,EAAE,CAAC;YAClB,IAAI,MAAM,GAAG,EAAE,CAAC;YAEhB,MAAM,EAAE,QAAQ,EAAE,GAAG,GAAG,CAAC,IAAI,CAAC;YAE9B,IAAI,KAAK,GAAG,OAAO,CAAC,QAAQ,CAAC,CAAC;YAE9B,IAAI,GAAG,GAAG,MAAM,KAAK,CAAC,gBAAgB,CAAC;gBACnC,IAAI,EAAE,WAAW;gBACjB,IAAI,EAAE,MAAM;gBACZ,QAAQ,EAAE,UAAU;gBACpB,IAAI,EAAE,IAAI;gBACV,QAAQ,EAAE,iBAAiB;aAC9B,CAAC,CAAC;YAEH,sBAAsB;YAEtB,IAAI,KAAK,GAAG;;oCAEY,GAAG,QAAQ,GAAG,KAAK,CAAC;YAG5C,GAAG,CAAC,OAAO,CAAC,UAAS,GAAG;gBACpB,IAAI,GAAG;oBAAE,MAAM,GAAG,CAAC;gBACnB,GAAG,CAAC,KAAK,CAAC,KAAK,EAAE,UAAU,GAAG,EAAE,MAAM;oBAClC,IAAI,GAAG;wBAAE,MAAM,GAAG,CAAC;oBACnB,IAAG,MAAM,IAAI,IAAI,IAAI,MAAM,IAAI,EAAE,EAAE;wBAC/B,GAAG,CAAC,IAAI,CAAC,EAAC,KAAK,EAAE,kCAAkC,EAAC,CAAC,CAAC;qBACzD;yBAEI;wBAGD,KAAK,GAAG;;;;;;;;;;;;;gDAagB,GAAG,MAAM,CAAC,CAAC,CAAC,CAAC,MAAM,GAAG,GAAG,CAAC;wBAGlD,GAAG,CAAC,OAAO,CAAC,UAAS,GAAG;4BACpB,IAAG,GAAG;gCAAE,MAAM,GAAG,CAAC;4BAClB,GAAG,CAAC,KAAK,CAAC,KAAK,EAAE,UAAU,GAAG,EAAE,MAAM;gCAClC,IAAG,GAAG;oCAAE,MAAM,GAAG,CAAC;gCAElB,IAAI,MAAM,GAAG;;;;;;;YAOjC,CAAC;gCACmB,KAAI,IAAI,MAAM,IAAI,MAAM,EAAE;oCACtB,MAAM,IAAI;eAC/B,MAAM,CAAC,YAAY;eACnB,MAAM,CAAC,gBAAgB;gBACtB,MAAM,CAAC,cAAc;gBACrB,MAAM,CAAC,UAAU;cACnB,MAAM,CAAC,QAAQ;UACnB,MAAM,CAAC,QAAQ;UACf,MAAM,CAAC,IAAI,KAAK,MAAM,CAAC,KAAK,KAAK,MAAM,CAAC,OAAO;UAC/C,CAAA;iCACuB;gCACD,MAAM,IAAI,UAAU,CAAC;gCACrB,GAAG,CAAC,IAAI,CAAC,EAAC,OAAO,EAAE,MAAM,EAAC,CAAC,CAAC;4BAChC,CAAC,CAAC,CAAC;wBACP,CAAC,CAAC,CAAC;qBACN;gBACL,CAAC,CAAC,CAAC;YACP,CAAC,CAAC,CAAC;SACN;QAAC,OAAO,KAAK,EAAE;YACZ,IAAG,KAAK,CAAC,KAAK,KAAK,IAAI,EAAE;gBACrB,OAAO,IAAI,CAAC,IAAI,qBAAW,CAAC,UAAU,CAAC,0BAA0B,CAAC,CAAC,CAAC;aACvE;YACD,IAAI,CAAC,KAAK,CAAC,CAAC;SACf;IACL,CAAC,CAAA;CACJ,CAAA","sourcesContent":["import { parse } from \"dotenv/types\";\r\nimport express from \"express\";\r\nimport createError from \"http-errors\";\r\nimport { getMaxListeners } from \"node:process\";\r\nimport userInfo from \"../../../Common/users.json\";\r\nimport {AuthSchema} from \"../config/Validation/authQuoteLoad\";\r\n\r\nlet userTS:any = userInfo;\r\n\r\nexport default {\r\n    generateHistory: async (\r\n        req: express.Request,\r\n        res: express.Response,\r\n        next: express.NextFunction\r\n    ) => {\r\n        try {\r\n            await AuthSchema.validateAsync(req.body);\r\n            let elements = [];\r\n            var parsed = \"\";\r\n\r\n            const { username } = req.body;\r\n\r\n            var mysql = require('mysql2');\r\n\r\n            var con = await mysql.createConnection({\r\n                host: \"localhost\",\r\n                user: \"root\",\r\n                password: \"password\",\r\n                port: 3306,\r\n                database: \"softwareproject\"\r\n            });\r\n\r\n            //Check if user exists\r\n\r\n            let query = \"SELECT userID\\n\\\r\n                FROM Users\\n\\\r\n                WHERE username = \\\"\" + username + \"\\\";\";\r\n\r\n\r\n            con.connect(function(err) {\r\n                if (err) throw err;\r\n                con.query(query, function (err, result) {\r\n                    if (err) throw err;\r\n                    if(result == null || result == '') {\r\n                        res.json({error: \"You are in an incorrect account.\"});\r\n                    }\r\n\r\n                    else {\r\n\r\n\r\n                        query = `SELECT\\n\\ \r\n                            gallonsRequested,\\n\\\r\n                            address1,\\n\\\r\n                            address2,\\n\\\r\n                            city,\\n\\\r\n                            state,\\n\\\r\n                            zipcode,\\n\\\r\n                            deliveryDate,\\n\\\r\n                            pricePerGallon,\\n\\\r\n                            deliveryDate,\\n\\\r\n                            totalPrice\\n\\\r\n                        FROM History\\n\\\r\n                        INNER JOIN Addresses ON History.addressID = Addresses.addressID\\n\\\r\n                        WHERE History.userID = ` + result[0].userID + \";\";\r\n\r\n\r\n                        con.connect(function(err) {\r\n                            if(err) throw err;\r\n                            con.query(query, function (err, result) {\r\n                                if(err) throw err;\r\n\r\n                                let parsed = `<table style='width:100%'>\\n\\\r\n    <tr>\\n\\\r\n        <th><b>Delivery Date</b></th>\\n\\\r\n        <th><b>Gallons Requested</b></th>\\n\\\r\n        <th><b>Price Per Gallon</b></th>\\n\\\r\n        <th><b>Total Price</b</th>\\n\\\r\n        <th><b>Address</b></th>\\n\\\r\n    </tr>\\n`;\r\n                                for(let object of result) {\r\n                                    parsed += ` \\<tr\\>\\n\\\r\n        <th> ${object.deliveryDate} </th>\\n\\\r\n        <th> ${object.gallonsRequested} </th>n\\\r\n        <th>\\$${object.pricePerGallon}</th>\\n\\\r\n        <th>\\$${object.totalPrice}</th>\\n\\\r\n        <th>${object.address1}<br>\\\r\n        ${object.address2}<br>\\\r\n        ${object.city}, ${object.state}, ${object.zipcode}<br><br></th>\\n\\\r\n    </tr>`\r\n                                }\r\n                                parsed += \"</table>\";\r\n                                res.json({success: parsed});\r\n                            });\r\n                        });\r\n                    }\r\n                });\r\n            });\r\n        } catch (error) {\r\n            if(error.isJoi === true) {\r\n                return next(new createError.BadRequest(\"Error. Invalid Username!\"));\r\n            }\r\n            next(error);\r\n        }\r\n    }\r\n}"]},"_coverageSchema":"1a1c01bbd47fc00a2c39e90264f33305004495a9","hash":"7af5a75229ddae32ae760bc0091999e9bfd171af","contentHash":"ce6948a9bd159a6a46e1699db65c9e051c67139897fab2a4555f036a7e78674e"}}